2025-05-22 09:06:50,872 [INFO] Activator:176 - 


2025-05-22 09:06:50,894 [INFO] Activator:177 - !SESSION log4j initialized
2025-05-22 09:06:59,661 [INFO] LogOutputStream:77 - [STDOUT_REDIRECT] 
2025-05-22 09:07:06,731 [INFO] ApplicationProperties:184 - Using Application install path: E:\STM\ID\STM32CubeIDE_1.18.1\STM32CubeIDE\plugins\com.st.stm32cube.common.mx_6.14.1.202504091515
2025-05-22 09:07:06,806 [INFO] DbMcusXml:78 - Set database path to: E:\STM\ID\STM32CubeIDE_1.18.1\STM32CubeIDE\plugins\com.st.stm32cube.common.mx_6.14.1.202504091515\\db\/mcu/
2025-05-22 09:07:06,806 [INFO] ApiDb:274 - Set plugin database path to: E:\STM\ID\STM32CubeIDE_1.18.1\STM32CubeIDE\plugins\com.st.stm32cube.common.mx_6.14.1.202504091515\\db\/plugins/boardmanager/
2025-05-22 09:07:06,807 [WARN] ApiDb:259 - Overriding images path with different value:  => E:\STM\ID\STM32CubeIDE_1.18.1\STM32CubeIDE\plugins\com.st.stm32cube.common.mx_6.14.1.202504091515\\db\/plugins/mcufinder/images/
2025-05-22 09:07:06,867 [INFO] ApiDb:250 - Set database path to: C:\Users\santi\.stmcufinder\plugins\mcufinder//mcu/
2025-05-22 09:07:06,868 [INFO] DbMcusAds:125 - Set database path to: C:\Users\santi\.stmcufinder\plugins\mcufinder//mcu/
2025-05-22 09:07:06,870 [INFO] CrossReferenceDbSqlite:203 - Set database path to: C:\Users\santi\.stmcufinder\plugins\mcufinder//mcu/cs/
2025-05-22 09:07:07,056 [INFO] RulesReader:64 - Compatibility file has been processed (302 Rules)
2025-05-22 09:07:07,297 [INFO] DbMcusXml:78 - Set database path to: E:\STM\ID\STM32CubeIDE_1.18.1\STM32CubeIDE\plugins\com.st.stm32cube.common.mx_6.14.1.202504091515\\db\/mcu/
2025-05-22 09:07:07,297 [INFO] ApiDb:274 - Set plugin database path to: E:\STM\ID\STM32CubeIDE_1.18.1\STM32CubeIDE\plugins\com.st.stm32cube.common.mx_6.14.1.202504091515\\db\/plugins/boardmanager/
2025-05-22 09:07:07,297 [INFO] ApiDb:261 - Set plugin images path to: E:\STM\ID\STM32CubeIDE_1.18.1\STM32CubeIDE\plugins\com.st.stm32cube.common.mx_6.14.1.202504091515\\db\/plugins/mcufinder/images/
2025-05-22 09:07:07,297 [WARN] DbFile:41 - Overriding database path with different value: C:\Users\santi\.stmcufinder\plugins\mcufinder/ => C:\Users\santi\.stmcufinder\plugins\mcufinder
2025-05-22 09:07:07,297 [INFO] ApiDb:250 - Set database path to: C:\Users\santi\.stmcufinder\plugins\mcufinder//mcu/
2025-05-22 09:07:07,297 [WARN] DbFile:41 - Overriding database path with different value: C:\Users\santi\.stmcufinder\plugins\mcufinder/ => C:\Users\santi\.stmcufinder\plugins\mcufinder
2025-05-22 09:07:07,297 [INFO] DbMcusAds:125 - Set database path to: C:\Users\santi\.stmcufinder\plugins\mcufinder//mcu/
2025-05-22 09:07:07,297 [WARN] DbFile:41 - Overriding database path with different value: C:\Users\santi\.stmcufinder\plugins\mcufinder/ => C:\Users\santi\.stmcufinder\plugins\mcufinder
2025-05-22 09:07:07,297 [WARN] DbFile:41 - Overriding database path with different value: C:\Users\santi\.stmcufinder\plugins\mcufinder/ => C:\Users\santi\.stmcufinder\plugins\mcufinder
2025-05-22 09:07:07,298 [INFO] CrossReferenceDbSqlite:203 - Set database path to: C:\Users\santi\.stmcufinder\plugins\mcufinder//mcu/cs/
2025-05-22 09:07:07,461 [INFO] MainPanel:272 - HeapMemory: 268435456
2025-05-22 09:07:07,783 [INFO] DbMcusXml:78 - Set database path to: E:\STM\ID\STM32CubeIDE_1.18.1\STM32CubeIDE\plugins\com.st.stm32cube.common.mx_6.14.1.202504091515\\db\/mcu/
2025-05-22 09:07:07,783 [INFO] ApiDb:274 - Set plugin database path to: E:\STM\ID\STM32CubeIDE_1.18.1\STM32CubeIDE\plugins\com.st.stm32cube.common.mx_6.14.1.202504091515\\db\/plugins/boardmanager/
2025-05-22 09:07:07,783 [INFO] ApiDb:261 - Set plugin images path to: E:\STM\ID\STM32CubeIDE_1.18.1\STM32CubeIDE\plugins\com.st.stm32cube.common.mx_6.14.1.202504091515\\db\/plugins/mcufinder/images/
2025-05-22 09:07:07,784 [WARN] DbFile:41 - Overriding database path with different value: C:\Users\santi\.stmcufinder\plugins\mcufinder/ => C:\Users\santi\.stmcufinder\plugins\mcufinder
2025-05-22 09:07:07,784 [INFO] ApiDb:250 - Set database path to: C:\Users\santi\.stmcufinder\plugins\mcufinder//mcu/
2025-05-22 09:07:07,784 [WARN] DbFile:41 - Overriding database path with different value: C:\Users\santi\.stmcufinder\plugins\mcufinder/ => C:\Users\santi\.stmcufinder\plugins\mcufinder
2025-05-22 09:07:07,784 [INFO] DbMcusAds:125 - Set database path to: C:\Users\santi\.stmcufinder\plugins\mcufinder//mcu/
2025-05-22 09:07:07,784 [WARN] DbFile:41 - Overriding database path with different value: C:\Users\santi\.stmcufinder\plugins\mcufinder/ => C:\Users\santi\.stmcufinder\plugins\mcufinder
2025-05-22 09:07:07,785 [WARN] DbFile:41 - Overriding database path with different value: C:\Users\santi\.stmcufinder\plugins\mcufinder/ => C:\Users\santi\.stmcufinder\plugins\mcufinder
2025-05-22 09:07:07,785 [INFO] CrossReferenceDbSqlite:203 - Set database path to: C:\Users\santi\.stmcufinder\plugins\mcufinder//mcu/cs/
2025-05-22 09:07:07,843 [INFO] ApplicationProperties:184 - Using Application install path: E:\STM\ID\STM32CubeIDE_1.18.1\STM32CubeIDE\plugins\com.st.stm32cube.common.mx_6.14.1.202504091515
2025-05-22 09:07:07,845 [INFO] PluginManage:196 - Search for loadable plugins [exclusion list=, ]
2025-05-22 09:07:07,846 [INFO] PluginManage:310 - Check plugin analytics
2025-05-22 09:07:13,141 [INFO] AnalyticsPlugin:253 - Accepted Software Licenses: STM32CubeMX.6.14.1
2025-05-22 09:07:13,143 [INFO] AnalyticsPlugin:255 - Accepted CMSIS Pack Licenses: 
2025-05-22 09:07:13,143 [INFO] AnalyticsPlugin:257 - Accepted Firmware Licenses: FW.F4.1.28.0
2025-05-22 09:07:13,145 [INFO] PluginManage:359 - Loaded plugin analytics (category:tool,tabindex:-1)
2025-05-22 09:07:13,145 [INFO] PluginManage:310 - Check plugin cadmodel
2025-05-22 09:07:13,194 [INFO] CADModel:105 - Init CAD model plugin
2025-05-22 09:07:13,194 [INFO] PluginManage:359 - Loaded plugin cadmodel (category:power,tabindex:5)
2025-05-22 09:07:13,194 [INFO] PluginManage:310 - Check plugin clock
2025-05-22 09:07:13,208 [INFO] PluginManage:359 - Loaded plugin clock (category:base,tabindex:2)
2025-05-22 09:07:13,208 [INFO] PluginManage:310 - Check plugin ddr
2025-05-22 09:07:13,230 [INFO] PluginManage:359 - Loaded plugin ddr (category:tool,tabindex:6)
2025-05-22 09:07:13,230 [INFO] PluginManage:310 - Check plugin filemanager
2025-05-22 09:07:13,462 [INFO] PluginManage:359 - Loaded plugin filemanager (category:base,tabindex:10)
2025-05-22 09:07:13,462 [INFO] PluginManage:310 - Check plugin ipmanager
2025-05-22 09:07:13,468 [INFO] PluginManage:359 - Loaded plugin ipmanager (category:base,tabindex:5)
2025-05-22 09:07:13,468 [INFO] PluginManage:310 - Check plugin lpbam
2025-05-22 09:07:13,475 [INFO] PluginManage:359 - Loaded plugin lpbam (category:base,tabindex:0)
2025-05-22 09:07:13,475 [INFO] PluginManage:310 - Check plugin memorymap
2025-05-22 09:07:13,520 [INFO] PluginManage:359 - Loaded plugin memorymap (category:base,tabindex:4)
2025-05-22 09:07:13,520 [INFO] PluginManage:310 - Check plugin pinoutandconfiguration
2025-05-22 09:07:13,555 [INFO] PluginManage:359 - Loaded plugin pinoutandconfiguration (category:base,tabindex:1)
2025-05-22 09:07:13,556 [INFO] PluginManage:310 - Check plugin pinoutconfig
2025-05-22 09:07:13,663 [WARN] SupportedApi:132 - Cannot load RTOS API schema: s4s-elt-must-match.1: The content of 'definitions' must match (annotation?, (simpleType | complexType)?, (unique | key | keyref)*)). A problem was found starting at: attribute.
2025-05-22 09:07:13,853 [INFO] PluginManage:359 - Loaded plugin pinoutconfig (category:base,tabindex:0)
2025-05-22 09:07:13,853 [INFO] PluginManage:310 - Check plugin power
2025-05-22 09:07:13,897 [INFO] PluginManage:359 - Loaded plugin power (category:power,tabindex:4)
2025-05-22 09:07:13,897 [INFO] PluginManage:310 - Check plugin projectmanager
2025-05-22 09:07:13,911 [INFO] PluginManage:359 - Loaded plugin projectmanager (category:projectmanager,tabindex:4)
2025-05-22 09:07:13,911 [INFO] PluginManage:310 - Check plugin rif
2025-05-22 09:07:13,922 [INFO] PluginManage:359 - Loaded plugin rif (category:base,tabindex:3)
2025-05-22 09:07:13,922 [INFO] PluginManage:310 - Check plugin thirdparty
2025-05-22 09:07:14,334 [INFO] PluginManage:359 - Loaded plugin thirdparty (category:base,tabindex:-1)
2025-05-22 09:07:14,334 [WARN] IntegrityCheckThread:84 - waiting for thirdparty lock release [integrity check]
2025-05-22 09:07:14,334 [INFO] PluginManage:310 - Check plugin tools
2025-05-22 09:07:14,335 [INFO] IntegrityCheckThread:86 - entering critical section [integrity check]
2025-05-22 09:07:14,335 [INFO] ThirdPartyUpdaterWithRetryManager:70 - Updater plugin not ready yet. [1/15]
2025-05-22 09:07:14,338 [INFO] PluginManage:359 - Loaded plugin tools (category:base,tabindex:7)
2025-05-22 09:07:14,338 [INFO] PluginManage:310 - Check plugin tutovideos
2025-05-22 09:07:14,570 [INFO] PluginManage:359 - Loaded plugin tutovideos (category:base,tabindex:-1)
2025-05-22 09:07:14,570 [INFO] PluginManage:310 - Check plugin updater
2025-05-22 09:07:14,631 [INFO] PluginManage:359 - Loaded plugin updater (category:base,tabindex:12)
2025-05-22 09:07:14,631 [INFO] PluginManage:310 - Check plugin userauth
2025-05-22 09:07:14,657 [INFO] UserAuth:118 - Init User Auth plugin
2025-05-22 09:07:14,657 [INFO] PluginManage:359 - Loaded plugin userauth (category:base,tabindex:14)
2025-05-22 09:07:14,658 [INFO] PluginManage:283 - PluginManage : Loaded plugins [18]
2025-05-22 09:07:15,049 [INFO] PinOutPanel:1589 - setPackage(No Configuration,No Configuration)
2025-05-22 09:07:15,207 [INFO] CADModel:165 - CPN selected for project level
2025-05-22 09:07:15,207 [INFO] CADModel:114 - Register for checkConnection events
2025-05-22 09:07:15,258 [INFO] IPUIPlugin:80 - create IPUIPlugin
2025-05-22 09:07:15,258 [INFO] PluginManager:220 - loadIPPluginJar : add adc
2025-05-22 09:07:15,261 [INFO] IPUIPlugin:80 - create IPUIPlugin
2025-05-22 09:07:15,261 [INFO] PluginManager:220 - loadIPPluginJar : add aes
2025-05-22 09:07:15,283 [INFO] IPUIPlugin:80 - create IPUIPlugin
2025-05-22 09:07:15,283 [INFO] PluginManager:220 - loadIPPluginJar : add can
2025-05-22 09:07:15,285 [INFO] IPUIPlugin:80 - create IPUIPlugin
2025-05-22 09:07:15,285 [INFO] PluginManager:220 - loadIPPluginJar : add comp
2025-05-22 09:07:15,287 [INFO] IPUIPlugin:80 - create IPUIPlugin
2025-05-22 09:07:15,287 [INFO] PluginManager:220 - loadIPPluginJar : add cryp
2025-05-22 09:07:15,326 [INFO] IPUIPlugin:80 - create IPUIPlugin
2025-05-22 09:07:15,326 [INFO] PluginManager:220 - loadIPPluginJar : add ddr_ctrl_phy
2025-05-22 09:07:15,330 [INFO] IPUIPlugin:80 - create IPUIPlugin
2025-05-22 09:07:15,330 [INFO] PluginManager:220 - loadIPPluginJar : add dfsdm
2025-05-22 09:07:15,334 [INFO] IPUIPlugin:80 - create IPUIPlugin
2025-05-22 09:07:15,335 [INFO] PluginManager:220 - loadIPPluginJar : add dma
2025-05-22 09:07:15,338 [INFO] IPUIPlugin:80 - create IPUIPlugin
2025-05-22 09:07:15,338 [INFO] PluginManager:220 - loadIPPluginJar : add dma3
2025-05-22 09:07:15,341 [INFO] IPUIPlugin:80 - create IPUIPlugin
2025-05-22 09:07:15,341 [INFO] PluginManager:220 - loadIPPluginJar : add extmemmanager
2025-05-22 09:07:15,342 [INFO] IPUIPlugin:80 - create IPUIPlugin
2025-05-22 09:07:15,343 [INFO] PluginManager:220 - loadIPPluginJar : add fatfs
2025-05-22 09:07:15,347 [INFO] IPUIPlugin:80 - create IPUIPlugin
2025-05-22 09:07:15,347 [INFO] PluginManager:220 - loadIPPluginJar : add fmc
2025-05-22 09:07:15,374 [INFO] IPUIPlugin:80 - create IPUIPlugin
2025-05-22 09:07:15,375 [INFO] PluginManager:220 - loadIPPluginJar : add freertos
2025-05-22 09:07:15,376 [INFO] IPUIPlugin:80 - create IPUIPlugin
2025-05-22 09:07:15,376 [INFO] PluginManager:220 - loadIPPluginJar : add genericplugin
2025-05-22 09:07:15,379 [INFO] IPUIPlugin:80 - create IPUIPlugin
2025-05-22 09:07:15,380 [INFO] PluginManager:220 - loadIPPluginJar : add gfxmmu
2025-05-22 09:07:15,384 [INFO] IPUIPlugin:80 - create IPUIPlugin
2025-05-22 09:07:15,384 [INFO] PluginManager:220 - loadIPPluginJar : add gic
2025-05-22 09:07:15,388 [INFO] IPUIPlugin:80 - create IPUIPlugin
2025-05-22 09:07:15,389 [INFO] PluginManager:220 - loadIPPluginJar : add gpio
2025-05-22 09:07:15,391 [INFO] IPUIPlugin:80 - create IPUIPlugin
2025-05-22 09:07:15,391 [INFO] PluginManager:220 - loadIPPluginJar : add gtzc
2025-05-22 09:07:15,395 [INFO] IPUIPlugin:80 - create IPUIPlugin
2025-05-22 09:07:15,395 [INFO] PluginManager:220 - loadIPPluginJar : add hash
2025-05-22 09:07:15,398 [INFO] IPUIPlugin:80 - create IPUIPlugin
2025-05-22 09:07:15,398 [INFO] PluginManager:220 - loadIPPluginJar : add i2c
2025-05-22 09:07:15,400 [INFO] IPUIPlugin:80 - create IPUIPlugin
2025-05-22 09:07:15,400 [INFO] PluginManager:220 - loadIPPluginJar : add i2s
2025-05-22 09:07:15,403 [INFO] IPUIPlugin:80 - create IPUIPlugin
2025-05-22 09:07:15,403 [INFO] PluginManager:220 - loadIPPluginJar : add i3c
2025-05-22 09:07:15,407 [INFO] IPUIPlugin:80 - create IPUIPlugin
2025-05-22 09:07:15,407 [INFO] PluginManager:220 - loadIPPluginJar : add ipddr
2025-05-22 09:07:15,414 [INFO] IPUIPlugin:80 - create IPUIPlugin
2025-05-22 09:07:15,414 [INFO] PluginManager:220 - loadIPPluginJar : add linkedlist
2025-05-22 09:07:15,417 [INFO] IPUIPlugin:80 - create IPUIPlugin
2025-05-22 09:07:15,417 [INFO] PluginManager:220 - loadIPPluginJar : add lorawan
2025-05-22 09:07:15,419 [INFO] IPUIPlugin:80 - create IPUIPlugin
2025-05-22 09:07:15,419 [INFO] PluginManager:220 - loadIPPluginJar : add ltdc
2025-05-22 09:07:15,424 [INFO] IPUIPlugin:80 - create IPUIPlugin
2025-05-22 09:07:15,424 [INFO] PluginManager:220 - loadIPPluginJar : add mdma
2025-05-22 09:07:15,448 [INFO] IPUIPlugin:80 - create IPUIPlugin
2025-05-22 09:07:15,448 [INFO] PluginManager:220 - loadIPPluginJar : add nvic
2025-05-22 09:07:15,451 [INFO] IPUIPlugin:80 - create IPUIPlugin
2025-05-22 09:07:15,452 [INFO] PluginManager:220 - loadIPPluginJar : add opamp
2025-05-22 09:07:15,453 [INFO] IPUIPlugin:80 - create IPUIPlugin
2025-05-22 09:07:15,454 [INFO] PluginManager:220 - loadIPPluginJar : add openamp
2025-05-22 09:07:15,457 [INFO] IPUIPlugin:80 - create IPUIPlugin
2025-05-22 09:07:15,457 [INFO] PluginManager:220 - loadIPPluginJar : add pdm2pcm
2025-05-22 09:07:15,463 [INFO] IPUIPlugin:80 - create IPUIPlugin
2025-05-22 09:07:15,465 [INFO] PluginManager:220 - loadIPPluginJar : add plateformsettings
2025-05-22 09:07:15,466 [INFO] IPUIPlugin:80 - create IPUIPlugin
2025-05-22 09:07:15,466 [INFO] PluginManager:220 - loadIPPluginJar : add quadspi
2025-05-22 09:07:15,468 [INFO] IPUIPlugin:80 - create IPUIPlugin
2025-05-22 09:07:15,468 [INFO] PluginManager:220 - loadIPPluginJar : add radio
2025-05-22 09:07:15,472 [INFO] IPUIPlugin:80 - create IPUIPlugin
2025-05-22 09:07:15,472 [INFO] PluginManager:220 - loadIPPluginJar : add resmgrutility
2025-05-22 09:07:15,475 [INFO] IPUIPlugin:80 - create IPUIPlugin
2025-05-22 09:07:15,475 [INFO] PluginManager:220 - loadIPPluginJar : add sai
2025-05-22 09:07:15,476 [INFO] IPUIPlugin:80 - create IPUIPlugin
2025-05-22 09:07:15,476 [INFO] PluginManager:220 - loadIPPluginJar : add spi
2025-05-22 09:07:15,481 [INFO] IPUIPlugin:80 - create IPUIPlugin
2025-05-22 09:07:15,481 [INFO] PluginManager:220 - loadIPPluginJar : add stm32_wpan
2025-05-22 09:07:15,483 [INFO] IPUIPlugin:80 - create IPUIPlugin
2025-05-22 09:07:15,483 [INFO] PluginManager:220 - loadIPPluginJar : add tim
2025-05-22 09:07:15,486 [INFO] IPUIPlugin:80 - create IPUIPlugin
2025-05-22 09:07:15,487 [INFO] PluginManager:220 - loadIPPluginJar : add touchsensing
2025-05-22 09:07:15,499 [INFO] IPUIPlugin:80 - create IPUIPlugin
2025-05-22 09:07:15,499 [INFO] PluginManager:220 - loadIPPluginJar : add tracer_emb
2025-05-22 09:07:15,512 [INFO] IPUIPlugin:80 - create IPUIPlugin
2025-05-22 09:07:15,512 [INFO] PluginManager:220 - loadIPPluginJar : add ts
2025-05-22 09:07:15,521 [INFO] IPUIPlugin:80 - create IPUIPlugin
2025-05-22 09:07:15,521 [INFO] PluginManager:220 - loadIPPluginJar : add tsc
2025-05-22 09:07:15,533 [INFO] IPUIPlugin:80 - create IPUIPlugin
2025-05-22 09:07:15,533 [INFO] PluginManager:220 - loadIPPluginJar : add ucpd
2025-05-22 09:07:15,542 [INFO] IPUIPlugin:80 - create IPUIPlugin
2025-05-22 09:07:15,542 [INFO] PluginManager:220 - loadIPPluginJar : add usart
2025-05-22 09:07:15,556 [INFO] IPUIPlugin:80 - create IPUIPlugin
2025-05-22 09:07:15,558 [INFO] PluginManager:220 - loadIPPluginJar : add usbx
2025-05-22 09:07:15,687 [FATAL] Updater:351 - Updater called before beeing initialized
2025-05-22 09:07:15,740 [INFO] RulesReader:64 - Compatibility file has been processed (302 Rules)
2025-05-22 09:07:15,751 [INFO] RulesReader:64 - Compatibility file has been processed (302 Rules)
2025-05-22 09:07:15,760 [INFO] CADModel:165 - CPN selected for project level
2025-05-22 09:07:15,760 [INFO] CADModel:114 - Register for checkConnection events
2025-05-22 09:07:15,760 [FATAL] Updater:351 - Updater called before beeing initialized
2025-05-22 09:07:15,761 [ERROR] CADModel:125 - Updater not yet initialized, retry later 
2025-05-22 09:07:16,081 [FATAL] Updater:351 - Updater called before beeing initialized
2025-05-22 09:07:16,089 [INFO] CADModel:165 - CPN selected for project level
2025-05-22 09:07:16,089 [INFO] CADModel:114 - Register for checkConnection events
2025-05-22 09:07:16,089 [FATAL] Updater:351 - Updater called before beeing initialized
2025-05-22 09:07:16,089 [ERROR] CADModel:125 - Updater not yet initialized, retry later 
2025-05-22 09:07:16,111 [FATAL] Updater:351 - Updater called before beeing initialized
2025-05-22 09:07:16,240 [FATAL] Updater:351 - Updater called before beeing initialized
2025-05-22 09:07:16,251 [INFO] DbMcusAds:53 - JSON generation date=Wed May 07 06:07:55 UYT 2025 (1746608875679)
2025-05-22 09:07:16,251 [FATAL] Updater:351 - Updater called before beeing initialized
2025-05-22 09:07:16,381 [WARN] DetailPanel:346 - Failed to get advertising image, set to default
2025-05-22 09:07:16,633 [FATAL] Updater:351 - Updater called before beeing initialized
2025-05-22 09:07:16,635 [FATAL] Updater:351 - Updater called before beeing initialized
2025-05-22 09:07:16,636 [FATAL] Updater:351 - Updater called before beeing initialized
2025-05-22 09:07:16,636 [WARN] DetailPanel:346 - Failed to get advertising image, set to default
2025-05-22 09:07:16,636 [FATAL] Updater:351 - Updater called before beeing initialized
2025-05-22 09:07:16,739 [ERROR] Updater:1198 - MainUpdater not yet initialized. External WinMGr cannot be set.
2025-05-22 09:07:16,755 [INFO] Updater:1134 - Updater Version found : 6.14.1
2025-05-22 09:07:16,789 [INFO] ApplicationProperties:184 - Using Application install path: E:\STM\ID\STM32CubeIDE_1.18.1\STM32CubeIDE\plugins\com.st.stm32cube.common.mx_6.14.1.202504091515
2025-05-22 09:07:17,134 [INFO] MainUpdater:2872 - connection check result : 10
2025-05-22 09:07:17,134 [INFO] MainUpdater:289 - Updater Check For Update Now.
2025-05-22 09:07:17,134 [INFO] MicroXplorer:498 - Change Database Version : DB.6.0.141
2025-05-22 09:07:17,154 [INFO] McuFinderGlobals:63 - Set McuFinder mode to 2 (CubeIDE integrated)
2025-05-22 09:07:17,155 [INFO] UserAuth:484 - Internet connection configuration mode: 1
2025-05-22 09:07:17,284 [INFO] JxBrowserEngine:152 - Initiate JxBrowser Engine with user profile folder
2025-05-22 09:07:17,336 [WARN] MainUpdater:1193 - Updater busy. Cannot search thirdparties
2025-05-22 09:07:17,336 [INFO] ThirdPartyUpdaterWithRetryManager:96 - Updater plugin is busy. [1/15]
2025-05-22 09:07:17,398 [INFO] CheckServerUpdateThread:120 - End of CheckServer Thread
2025-05-22 09:07:18,749 [INFO] WebApp:169 - Instantiating new browser for Auth
2025-05-22 09:07:19,532 [INFO] WebApp:463 - Apply proxy settings
2025-05-22 09:07:19,532 [INFO] WebApp:548 - Chromium requires no authentication
2025-05-22 09:07:19,542 [INFO] WebApp:491 - Direct internet connection detected
2025-05-22 09:07:19,563 [INFO] WebApp:894 - Register for checkConnection events
2025-05-22 09:07:19,564 [INFO] WebApp:463 - Apply proxy settings
2025-05-22 09:07:19,564 [INFO] WebApp:548 - Chromium requires no authentication
2025-05-22 09:07:19,564 [INFO] WebApp:491 - Direct internet connection detected
2025-05-22 09:07:19,723 [INFO] WebApp:191 - Connection restablished
2025-05-22 09:07:19,799 [INFO] WebApp:225 - Starting web application
2025-05-22 09:07:19,801 [INFO] WebApp:593 - Web application path used E:\STM\ID\STM32CubeIDE_1.18.1\STM32CubeIDE\plugins\com.st.stm32cube.common.mx_6.14.1.202504091515\db\plugins\mcufinder\reactClient1\index.html
2025-05-22 09:07:20,019 [INFO] UserAuth:484 - Internet connection configuration mode: 1
2025-05-22 09:07:20,606 [WARN] PackLoader:240 - Cannot read IP mode file for STMicroelectronics.FP-SNS-MOTENVWB1.1.4.0
2025-05-22 09:07:20,628 [WARN] PackLoader:240 - Cannot read IP mode file for STMicroelectronics.X-CUBE-SMBUS.2.1.0
2025-05-22 09:07:20,660 [WARN] PackLoader:240 - Cannot read IP mode file for STMicroelectronics.X-CUBE-AZRTOS-F7.1.1.0
2025-05-22 09:07:20,697 [WARN] PackLoader:240 - Cannot read IP mode file for Infineon.AIROC-Wi-Fi-Bluetooth-STM32.1.7.0
2025-05-22 09:07:20,715 [WARN] PackLoader:240 - Cannot read IP mode file for STMicroelectronics.X-CUBE-DISPLAY.3.0.0
2025-05-22 09:07:20,732 [WARN] PackLoader:240 - Cannot read IP mode file for STMicroelectronics.X-CUBE-NFC10.1.0.0
2025-05-22 09:07:20,748 [WARN] PackLoader:240 - Cannot read IP mode file for STMicroelectronics.X-CUBE-BLEMGR.4.0.0
2025-05-22 09:07:20,764 [WARN] PackLoader:240 - Cannot read IP mode file for emotas.I-CUBE-CANOPEN.1.3.0
2025-05-22 09:07:20,770 [WARN] ConditionMgr:438 - getConditionDescription Invalid condition id : Cortex-A Device cause : null
2025-05-22 09:07:20,791 [WARN] ConditionMgr:1044 - genDependencies : Invalid condition id : Cortex-A Device cause : null
2025-05-22 09:07:20,791 [WARN] ConditionMgr:1044 - genDependencies : Invalid condition id : Cortex-A Device cause : null
2025-05-22 09:07:20,791 [WARN] ConditionMgr:1044 - genDependencies : Invalid condition id : Cortex-A Device cause : null
2025-05-22 09:07:20,797 [WARN] PackLoader:240 - Cannot read IP mode file for STMicroelectronics.X-CUBE-AI.10.0.0
2025-05-22 09:07:20,804 [WARN] PackLoader:240 - Cannot read IP mode file for STMicroelectronics.FP-SNS-SMARTAG2.1.2.0
2025-05-22 09:07:20,814 [INFO] LogOutputStream:77 - [STDOUT_REDIRECT] 1 : Invalid condition id : UX_CORESTACK_Condition cause : null
2025-05-22 09:07:20,815 [INFO] LogOutputStream:77 - [STDOUT_REDIRECT] 1 : Invalid condition id : UX_CORESTACK_Condition cause : null
2025-05-22 09:07:20,818 [INFO] LogOutputStream:77 - [STDOUT_REDIRECT] 1 : Invalid condition id : UX_CORESTACK_Condition cause : null
2025-05-22 09:07:20,819 [INFO] LogOutputStream:77 - [STDOUT_REDIRECT] 1 : Invalid condition id : UX_CORESTACK_Condition cause : null
2025-05-22 09:07:20,820 [INFO] LogOutputStream:77 - [STDOUT_REDIRECT] 1 : Invalid condition id : UX_CORESTACK_Condition cause : null
2025-05-22 09:07:20,825 [WARN] PackLoader:240 - Cannot read IP mode file for STMicroelectronics.X-CUBE-AZRTOS-WL.2.0.0
2025-05-22 09:07:20,832 [WARN] PackLoader:240 - Cannot read IP mode file for STMicroelectronics.FP-SNS-MOTENV1.5.0.0
2025-05-22 09:07:20,842 [WARN] PackLoader:240 - Cannot read IP mode file for WES.I-CUBE-Cesium.1.3.0
2025-05-22 09:07:20,848 [WARN] PackLoader:240 - Cannot read IP mode file for STMicroelectronics.X-CUBE-BLE2.3.3.0
2025-05-22 09:07:20,855 [WARN] PackLoader:240 - Cannot read IP mode file for STMicroelectronics.X-CUBE-NFC9.1.0.0
2025-05-22 09:07:20,862 [WARN] PackLoader:240 - Cannot read IP mode file for wolfSSL.I-CUBE-wolfSSL.5.8.0
2025-05-22 09:07:20,867 [WARN] PackLoader:240 - Cannot read IP mode file for wolfSSL.I-CUBE-wolfMQTT.1.19.2
2025-05-22 09:07:20,882 [WARN] PackLoader:240 - Cannot read IP mode file for STMicroelectronics.X-CUBE-AZRTOS-G0.1.1.0
2025-05-22 09:07:20,892 [WARN] PackLoader:240 - Cannot read IP mode file for STMicroelectronics.X-CUBE-SAFEA1.1.2.2
2025-05-22 09:07:20,900 [WARN] PackLoader:240 - Cannot read IP mode file for STMicroelectronics.X-CUBE-NFC4.3.0.0
2025-05-22 09:07:20,910 [WARN] PackLoader:240 - Cannot read IP mode file for EmbeddedOffice.I-CUBE-FS-RTOS.1.0.1
2025-05-22 09:07:20,917 [WARN] PackLoader:240 - Cannot read IP mode file for STMicroelectronics.X-CUBE-WB05N.2.0.0
2025-05-22 09:07:20,923 [WARN] PackLoader:240 - Cannot read IP mode file for wolfSSL.I-CUBE-wolfTPM.3.8.0
2025-05-22 09:07:20,929 [WARN] PackLoader:240 - Cannot read IP mode file for STMicroelectronics.X-CUBE-TCPP.4.2.0
2025-05-22 09:07:20,937 [WARN] PackLoader:240 - Cannot read IP mode file for RealThread.X-CUBE-RT-Thread_Nano.4.1.1
2025-05-22 09:07:20,941 [WARN] PackLoader:240 - Cannot read IP mode file for STMicroelectronics.FP-ATR-SIGFOX1.3.2.0
2025-05-22 09:07:20,949 [WARN] PackLoader:240 - Cannot read IP mode file for STMicroelectronics.X-CUBE-EEPRMA1.5.1.0
2025-05-22 09:07:20,958 [WARN] PackLoader:240 - Cannot read IP mode file for ITTIA_DB.I-CUBE-ITTIADB.8.9.0
2025-05-22 09:07:20,984 [WARN] PackLoader:240 - Cannot read IP mode file for SEGGER.I-CUBE-embOS.1.3.1
2025-05-22 09:07:21,058 [WARN] PackLoader:240 - Cannot read IP mode file for STMicroelectronics.X-CUBE-ALGOBUILD.1.4.0
2025-05-22 09:07:21,161 [WARN] PackLoader:240 - Cannot read IP mode file for STMicroelectronics.X-CUBE-AZRTOS-F4.1.1.0
2025-05-22 09:07:21,174 [WARN] PackLoader:240 - Cannot read IP mode file for Avnet-IotConnect.X-CUBE-IoTC-DA16k-PMOD.1.0.0
2025-05-22 09:07:21,182 [WARN] PackLoader:240 - Cannot read IP mode file for STMicroelectronics.X-CUBE-ISPU.2.1.0
2025-05-22 09:07:21,204 [WARN] PackLoader:240 - Cannot read IP mode file for STMicroelectronics.X-CUBE-AZRTOS-L5.2.0.0
2025-05-22 09:07:21,215 [WARN] PackLoader:240 - Cannot read IP mode file for STMicroelectronics.X-CUBE-NFC6.3.1.0
2025-05-22 09:07:21,224 [WARN] PackLoader:240 - Cannot read IP mode file for STMicroelectronics.X-CUBE-FREERTOS.1.3.1
2025-05-22 09:07:21,230 [WARN] PackLoader:240 - Cannot read IP mode file for STMicroelectronics.X-CUBE-FREERTOS.1.3.0
2025-05-22 09:07:21,248 [WARN] ConditionMgr:438 - getConditionDescription Invalid condition id : LAN8742 Phy interface Condition cause : null
2025-05-22 09:07:21,249 [WARN] PackLoader:240 - Cannot read IP mode file for STMicroelectronics.X-CUBE-AZRTOS-L4.2.0.0
2025-05-22 09:07:21,250 [WARN] ConditionMgr:1044 - genDependencies : Invalid condition id : LAN8742 Phy interface Condition cause : null
2025-05-22 09:07:21,250 [WARN] ConditionMgr:1044 - genDependencies : Invalid condition id : LAN8742 Phy interface Condition cause : null
2025-05-22 09:07:21,250 [WARN] ConditionMgr:1044 - genDependencies : Invalid condition id : LAN8742 Phy interface Condition cause : null
2025-05-22 09:07:21,259 [WARN] PackLoader:240 - Cannot read IP mode file for STMicroelectronics.X-CUBE-SFXS2LP1.4.0.0
2025-05-22 09:07:21,278 [WARN] PackLoader:240 - Cannot read IP mode file for STMicroelectronics.X-CUBE-AZRTOS-H7.3.3.0
2025-05-22 09:07:21,292 [WARN] ConditionMgr:438 - getConditionDescription Invalid condition id : UX DEVICE CLASS RTOS Condition cause : null
2025-05-22 09:07:21,292 [WARN] ConditionMgr:438 - getConditionDescription Invalid condition id : UX DEVICE CLASS RTOS Condition cause : null
2025-05-22 09:07:21,294 [WARN] PackLoader:240 - Cannot read IP mode file for STMicroelectronics.X-CUBE-AZRTOS-WB.2.0.0
2025-05-22 09:07:21,294 [WARN] ConditionMgr:1044 - genDependencies : Invalid condition id : UX DEVICE CLASS RTOS Condition cause : null
2025-05-22 09:07:21,294 [WARN] ConditionMgr:1044 - genDependencies : Invalid condition id : UX DEVICE CLASS RTOS Condition cause : null
2025-05-22 09:07:21,294 [WARN] ConditionMgr:1044 - genDependencies : Invalid condition id : UX DEVICE CLASS RTOS Condition cause : null
2025-05-22 09:07:21,294 [WARN] ConditionMgr:1044 - genDependencies : Invalid condition id : UX DEVICE CLASS RTOS Condition cause : null
2025-05-22 09:07:21,294 [WARN] ConditionMgr:1044 - genDependencies : Invalid condition id : UX DEVICE CLASS RTOS Condition cause : null
2025-05-22 09:07:21,301 [WARN] PackLoader:240 - Cannot read IP mode file for STMicroelectronics.X-CUBE-GNSS1.7.0.1
2025-05-22 09:07:21,313 [WARN] PackLoader:240 - Cannot read IP mode file for STMicroelectronics.FP-SNS-STBOX1.2.0.0
2025-05-22 09:07:21,324 [WARN] PackLoader:240 - Cannot read IP mode file for STMicroelectronics.X-CUBE-SUBG2.5.0.0
2025-05-22 09:07:21,349 [WARN] PackLoader:240 - Cannot read IP mode file for STMicroelectronics.X-CUBE-AZRTOS-H7RS.1.1.0
2025-05-22 09:07:21,356 [WARN] PackLoader:240 - Cannot read IP mode file for Cesanta.I-CUBE-Mongoose.7.13.0
2025-05-22 09:07:21,369 [WARN] PackLoader:240 - Cannot read IP mode file for STMicroelectronics.X-CUBE-AZRTOS-G4.2.0.0
2025-05-22 09:07:21,376 [WARN] PackLoader:240 - Cannot read IP mode file for wolfSSL.I-CUBE-wolfSSH.1.4.20
2025-05-22 09:07:21,398 [WARN] PackLoader:240 - Cannot read IP mode file for STMicroelectronics.X-CUBE-IPS.3.1.0
2025-05-22 09:07:21,411 [WARN] PackLoader:240 - Cannot read IP mode file for STMicroelectronics.X-CUBE-ALS.1.0.2
2025-05-22 09:07:21,418 [WARN] PackLoader:240 - Cannot read IP mode file for portGmbH.I-Cube-SoM-uGOAL.1.1.0
2025-05-22 09:07:21,420 [INFO] ThirdParty:978 - Integrity check success = true
2025-05-22 09:07:21,420 [INFO] IntegrityCheckThread:100 - exiting critical section [integrity check]
2025-05-22 09:07:21,420 [INFO] IntegrityCheckThread:103 - End integrity checks thread
2025-05-22 09:32:59,469 [INFO] WebApp:194 - Connection lost
2025-05-22 09:36:06,647 [INFO] WebApp:191 - Connection restablished
2025-05-22 11:26:34,957 [INFO] WebApp:194 - Connection lost
2025-05-22 11:27:46,012 [ERROR] ConfigurationRetriever:142 - IOException on connection: sw-center.st.com
2025-05-22 11:27:46,012 [ERROR] ConfigurationRetriever:142 - IOException on connection: sw-center.st.com
2025-05-22 11:27:46,012 [ERROR] ConfigurationRetriever:142 - IOException on connection: sw-center.st.com
2025-05-22 11:27:47,530 [ERROR] LogOutputStream:75 - [STDERR_REDIRECT] 
2025-05-22 18:36:25,442 [INFO] Activator:176 - 


2025-05-22 18:36:25,444 [INFO] Activator:177 - !SESSION log4j initialized
2025-05-22 18:36:34,127 [INFO] LogOutputStream:77 - [STDOUT_REDIRECT] 
2025-05-22 18:36:41,162 [INFO] ApplicationProperties:184 - Using Application install path: E:\STM\ID\STM32CubeIDE_1.18.1\STM32CubeIDE\plugins\com.st.stm32cube.common.mx_6.14.1.202504091515
2025-05-22 18:36:41,262 [INFO] DbMcusXml:78 - Set database path to: E:\STM\ID\STM32CubeIDE_1.18.1\STM32CubeIDE\plugins\com.st.stm32cube.common.mx_6.14.1.202504091515\\db\/mcu/
2025-05-22 18:36:41,262 [INFO] ApiDb:274 - Set plugin database path to: E:\STM\ID\STM32CubeIDE_1.18.1\STM32CubeIDE\plugins\com.st.stm32cube.common.mx_6.14.1.202504091515\\db\/plugins/boardmanager/
2025-05-22 18:36:41,262 [WARN] ApiDb:259 - Overriding images path with different value:  => E:\STM\ID\STM32CubeIDE_1.18.1\STM32CubeIDE\plugins\com.st.stm32cube.common.mx_6.14.1.202504091515\\db\/plugins/mcufinder/images/
2025-05-22 18:36:41,332 [INFO] ApiDb:250 - Set database path to: C:\Users\santi\.stmcufinder\plugins\mcufinder//mcu/
2025-05-22 18:36:41,333 [INFO] DbMcusAds:125 - Set database path to: C:\Users\santi\.stmcufinder\plugins\mcufinder//mcu/
2025-05-22 18:36:41,335 [INFO] CrossReferenceDbSqlite:203 - Set database path to: C:\Users\santi\.stmcufinder\plugins\mcufinder//mcu/cs/
2025-05-22 18:36:41,500 [INFO] RulesReader:64 - Compatibility file has been processed (302 Rules)
2025-05-22 18:36:41,705 [INFO] DbMcusXml:78 - Set database path to: E:\STM\ID\STM32CubeIDE_1.18.1\STM32CubeIDE\plugins\com.st.stm32cube.common.mx_6.14.1.202504091515\\db\/mcu/
2025-05-22 18:36:41,707 [INFO] ApiDb:274 - Set plugin database path to: E:\STM\ID\STM32CubeIDE_1.18.1\STM32CubeIDE\plugins\com.st.stm32cube.common.mx_6.14.1.202504091515\\db\/plugins/boardmanager/
2025-05-22 18:36:41,707 [INFO] ApiDb:261 - Set plugin images path to: E:\STM\ID\STM32CubeIDE_1.18.1\STM32CubeIDE\plugins\com.st.stm32cube.common.mx_6.14.1.202504091515\\db\/plugins/mcufinder/images/
2025-05-22 18:36:41,707 [WARN] DbFile:41 - Overriding database path with different value: C:\Users\santi\.stmcufinder\plugins\mcufinder/ => C:\Users\santi\.stmcufinder\plugins\mcufinder
2025-05-22 18:36:41,707 [INFO] ApiDb:250 - Set database path to: C:\Users\santi\.stmcufinder\plugins\mcufinder//mcu/
2025-05-22 18:36:41,707 [WARN] DbFile:41 - Overriding database path with different value: C:\Users\santi\.stmcufinder\plugins\mcufinder/ => C:\Users\santi\.stmcufinder\plugins\mcufinder
2025-05-22 18:36:41,707 [INFO] DbMcusAds:125 - Set database path to: C:\Users\santi\.stmcufinder\plugins\mcufinder//mcu/
2025-05-22 18:36:41,708 [WARN] DbFile:41 - Overriding database path with different value: C:\Users\santi\.stmcufinder\plugins\mcufinder/ => C:\Users\santi\.stmcufinder\plugins\mcufinder
2025-05-22 18:36:41,708 [WARN] DbFile:41 - Overriding database path with different value: C:\Users\santi\.stmcufinder\plugins\mcufinder/ => C:\Users\santi\.stmcufinder\plugins\mcufinder
2025-05-22 18:36:41,708 [INFO] CrossReferenceDbSqlite:203 - Set database path to: C:\Users\santi\.stmcufinder\plugins\mcufinder//mcu/cs/
2025-05-22 18:36:41,850 [INFO] MainPanel:272 - HeapMemory: 268435456
2025-05-22 18:36:42,085 [INFO] DbMcusXml:78 - Set database path to: E:\STM\ID\STM32CubeIDE_1.18.1\STM32CubeIDE\plugins\com.st.stm32cube.common.mx_6.14.1.202504091515\\db\/mcu/
2025-05-22 18:36:42,085 [INFO] ApiDb:274 - Set plugin database path to: E:\STM\ID\STM32CubeIDE_1.18.1\STM32CubeIDE\plugins\com.st.stm32cube.common.mx_6.14.1.202504091515\\db\/plugins/boardmanager/
2025-05-22 18:36:42,085 [INFO] ApiDb:261 - Set plugin images path to: E:\STM\ID\STM32CubeIDE_1.18.1\STM32CubeIDE\plugins\com.st.stm32cube.common.mx_6.14.1.202504091515\\db\/plugins/mcufinder/images/
2025-05-22 18:36:42,085 [WARN] DbFile:41 - Overriding database path with different value: C:\Users\santi\.stmcufinder\plugins\mcufinder/ => C:\Users\santi\.stmcufinder\plugins\mcufinder
2025-05-22 18:36:42,085 [INFO] ApiDb:250 - Set database path to: C:\Users\santi\.stmcufinder\plugins\mcufinder//mcu/
2025-05-22 18:36:42,085 [WARN] DbFile:41 - Overriding database path with different value: C:\Users\santi\.stmcufinder\plugins\mcufinder/ => C:\Users\santi\.stmcufinder\plugins\mcufinder
2025-05-22 18:36:42,085 [INFO] DbMcusAds:125 - Set database path to: C:\Users\santi\.stmcufinder\plugins\mcufinder//mcu/
2025-05-22 18:36:42,085 [WARN] DbFile:41 - Overriding database path with different value: C:\Users\santi\.stmcufinder\plugins\mcufinder/ => C:\Users\santi\.stmcufinder\plugins\mcufinder
2025-05-22 18:36:42,085 [WARN] DbFile:41 - Overriding database path with different value: C:\Users\santi\.stmcufinder\plugins\mcufinder/ => C:\Users\santi\.stmcufinder\plugins\mcufinder
2025-05-22 18:36:42,085 [INFO] CrossReferenceDbSqlite:203 - Set database path to: C:\Users\santi\.stmcufinder\plugins\mcufinder//mcu/cs/
2025-05-22 18:36:42,117 [INFO] ApplicationProperties:184 - Using Application install path: E:\STM\ID\STM32CubeIDE_1.18.1\STM32CubeIDE\plugins\com.st.stm32cube.common.mx_6.14.1.202504091515
2025-05-22 18:36:42,119 [INFO] PluginManage:196 - Search for loadable plugins [exclusion list=, ]
2025-05-22 18:36:42,120 [INFO] PluginManage:310 - Check plugin analytics
2025-05-22 18:36:47,416 [INFO] AnalyticsPlugin:253 - Accepted Software Licenses: STM32CubeMX.6.14.1
2025-05-22 18:36:47,416 [INFO] AnalyticsPlugin:255 - Accepted CMSIS Pack Licenses: 
2025-05-22 18:36:47,417 [INFO] AnalyticsPlugin:257 - Accepted Firmware Licenses: FW.F4.1.28.0
2025-05-22 18:36:47,418 [INFO] PluginManage:359 - Loaded plugin analytics (category:tool,tabindex:-1)
2025-05-22 18:36:47,418 [INFO] PluginManage:310 - Check plugin cadmodel
2025-05-22 18:36:47,473 [INFO] CADModel:105 - Init CAD model plugin
2025-05-22 18:36:47,473 [INFO] PluginManage:359 - Loaded plugin cadmodel (category:power,tabindex:5)
2025-05-22 18:36:47,473 [INFO] PluginManage:310 - Check plugin clock
2025-05-22 18:36:47,492 [INFO] PluginManage:359 - Loaded plugin clock (category:base,tabindex:2)
2025-05-22 18:36:47,492 [INFO] PluginManage:310 - Check plugin ddr
2025-05-22 18:36:47,511 [INFO] PluginManage:359 - Loaded plugin ddr (category:tool,tabindex:6)
2025-05-22 18:36:47,511 [INFO] PluginManage:310 - Check plugin filemanager
2025-05-22 18:36:47,768 [INFO] PluginManage:359 - Loaded plugin filemanager (category:base,tabindex:10)
2025-05-22 18:36:47,769 [INFO] PluginManage:310 - Check plugin ipmanager
2025-05-22 18:36:47,774 [INFO] PluginManage:359 - Loaded plugin ipmanager (category:base,tabindex:5)
2025-05-22 18:36:47,774 [INFO] PluginManage:310 - Check plugin lpbam
2025-05-22 18:36:47,798 [INFO] PluginManage:359 - Loaded plugin lpbam (category:base,tabindex:0)
2025-05-22 18:36:47,798 [INFO] PluginManage:310 - Check plugin memorymap
2025-05-22 18:36:47,849 [INFO] PluginManage:359 - Loaded plugin memorymap (category:base,tabindex:4)
2025-05-22 18:36:47,849 [INFO] PluginManage:310 - Check plugin pinoutandconfiguration
2025-05-22 18:36:47,858 [INFO] PluginManage:359 - Loaded plugin pinoutandconfiguration (category:base,tabindex:1)
2025-05-22 18:36:47,858 [INFO] PluginManage:310 - Check plugin pinoutconfig
2025-05-22 18:36:48,040 [WARN] SupportedApi:132 - Cannot load RTOS API schema: s4s-elt-must-match.1: The content of 'definitions' must match (annotation?, (simpleType | complexType)?, (unique | key | keyref)*)). A problem was found starting at: attribute.
2025-05-22 18:36:48,219 [INFO] PluginManage:359 - Loaded plugin pinoutconfig (category:base,tabindex:0)
2025-05-22 18:36:48,220 [INFO] PluginManage:310 - Check plugin power
2025-05-22 18:36:48,269 [INFO] PluginManage:359 - Loaded plugin power (category:power,tabindex:4)
2025-05-22 18:36:48,269 [INFO] PluginManage:310 - Check plugin projectmanager
2025-05-22 18:36:48,283 [INFO] PluginManage:359 - Loaded plugin projectmanager (category:projectmanager,tabindex:4)
2025-05-22 18:36:48,283 [INFO] PluginManage:310 - Check plugin rif
2025-05-22 18:36:48,290 [INFO] PluginManage:359 - Loaded plugin rif (category:base,tabindex:3)
2025-05-22 18:36:48,290 [INFO] PluginManage:310 - Check plugin thirdparty
2025-05-22 18:36:48,674 [INFO] PluginManage:359 - Loaded plugin thirdparty (category:base,tabindex:-1)
2025-05-22 18:36:48,674 [WARN] IntegrityCheckThread:84 - waiting for thirdparty lock release [integrity check]
2025-05-22 18:36:48,674 [INFO] PluginManage:310 - Check plugin tools
2025-05-22 18:36:48,674 [INFO] IntegrityCheckThread:86 - entering critical section [integrity check]
2025-05-22 18:36:48,674 [INFO] ThirdPartyUpdaterWithRetryManager:70 - Updater plugin not ready yet. [1/15]
2025-05-22 18:36:48,677 [INFO] PluginManage:359 - Loaded plugin tools (category:base,tabindex:7)
2025-05-22 18:36:48,677 [INFO] PluginManage:310 - Check plugin tutovideos
2025-05-22 18:36:48,940 [INFO] PluginManage:359 - Loaded plugin tutovideos (category:base,tabindex:-1)
2025-05-22 18:36:48,941 [INFO] PluginManage:310 - Check plugin updater
2025-05-22 18:36:48,978 [INFO] PluginManage:359 - Loaded plugin updater (category:base,tabindex:12)
2025-05-22 18:36:48,978 [INFO] PluginManage:310 - Check plugin userauth
2025-05-22 18:36:49,004 [INFO] UserAuth:118 - Init User Auth plugin
2025-05-22 18:36:49,005 [INFO] PluginManage:359 - Loaded plugin userauth (category:base,tabindex:14)
2025-05-22 18:36:49,006 [INFO] PluginManage:283 - PluginManage : Loaded plugins [18]
2025-05-22 18:36:49,439 [INFO] PinOutPanel:1589 - setPackage(No Configuration,No Configuration)
2025-05-22 18:36:49,550 [INFO] CADModel:165 - CPN selected for project level
2025-05-22 18:36:49,550 [INFO] CADModel:114 - Register for checkConnection events
2025-05-22 18:36:49,597 [INFO] IPUIPlugin:80 - create IPUIPlugin
2025-05-22 18:36:49,597 [INFO] PluginManager:220 - loadIPPluginJar : add adc
2025-05-22 18:36:49,600 [INFO] IPUIPlugin:80 - create IPUIPlugin
2025-05-22 18:36:49,600 [INFO] PluginManager:220 - loadIPPluginJar : add aes
2025-05-22 18:36:49,623 [INFO] IPUIPlugin:80 - create IPUIPlugin
2025-05-22 18:36:49,623 [INFO] PluginManager:220 - loadIPPluginJar : add can
2025-05-22 18:36:49,624 [INFO] IPUIPlugin:80 - create IPUIPlugin
2025-05-22 18:36:49,624 [INFO] PluginManager:220 - loadIPPluginJar : add comp
2025-05-22 18:36:49,626 [INFO] IPUIPlugin:80 - create IPUIPlugin
2025-05-22 18:36:49,627 [INFO] PluginManager:220 - loadIPPluginJar : add cryp
2025-05-22 18:36:49,660 [INFO] IPUIPlugin:80 - create IPUIPlugin
2025-05-22 18:36:49,660 [INFO] PluginManager:220 - loadIPPluginJar : add ddr_ctrl_phy
2025-05-22 18:36:49,664 [INFO] IPUIPlugin:80 - create IPUIPlugin
2025-05-22 18:36:49,664 [INFO] PluginManager:220 - loadIPPluginJar : add dfsdm
2025-05-22 18:36:49,669 [INFO] IPUIPlugin:80 - create IPUIPlugin
2025-05-22 18:36:49,669 [INFO] PluginManager:220 - loadIPPluginJar : add dma
2025-05-22 18:36:49,671 [INFO] IPUIPlugin:80 - create IPUIPlugin
2025-05-22 18:36:49,671 [INFO] PluginManager:220 - loadIPPluginJar : add dma3
2025-05-22 18:36:49,673 [INFO] IPUIPlugin:80 - create IPUIPlugin
2025-05-22 18:36:49,673 [INFO] PluginManager:220 - loadIPPluginJar : add extmemmanager
2025-05-22 18:36:49,675 [INFO] IPUIPlugin:80 - create IPUIPlugin
2025-05-22 18:36:49,675 [INFO] PluginManager:220 - loadIPPluginJar : add fatfs
2025-05-22 18:36:49,679 [INFO] IPUIPlugin:80 - create IPUIPlugin
2025-05-22 18:36:49,679 [INFO] PluginManager:220 - loadIPPluginJar : add fmc
2025-05-22 18:36:49,696 [INFO] IPUIPlugin:80 - create IPUIPlugin
2025-05-22 18:36:49,696 [INFO] PluginManager:220 - loadIPPluginJar : add freertos
2025-05-22 18:36:49,698 [INFO] IPUIPlugin:80 - create IPUIPlugin
2025-05-22 18:36:49,698 [INFO] PluginManager:220 - loadIPPluginJar : add genericplugin
2025-05-22 18:36:49,708 [INFO] IPUIPlugin:80 - create IPUIPlugin
2025-05-22 18:36:49,708 [INFO] PluginManager:220 - loadIPPluginJar : add gfxmmu
2025-05-22 18:36:49,712 [INFO] IPUIPlugin:80 - create IPUIPlugin
2025-05-22 18:36:49,712 [INFO] PluginManager:220 - loadIPPluginJar : add gic
2025-05-22 18:36:49,718 [INFO] IPUIPlugin:80 - create IPUIPlugin
2025-05-22 18:36:49,718 [INFO] PluginManager:220 - loadIPPluginJar : add gpio
2025-05-22 18:36:49,721 [INFO] IPUIPlugin:80 - create IPUIPlugin
2025-05-22 18:36:49,721 [INFO] PluginManager:220 - loadIPPluginJar : add gtzc
2025-05-22 18:36:49,726 [INFO] IPUIPlugin:80 - create IPUIPlugin
2025-05-22 18:36:49,726 [INFO] PluginManager:220 - loadIPPluginJar : add hash
2025-05-22 18:36:49,728 [INFO] IPUIPlugin:80 - create IPUIPlugin
2025-05-22 18:36:49,728 [INFO] PluginManager:220 - loadIPPluginJar : add i2c
2025-05-22 18:36:49,730 [INFO] IPUIPlugin:80 - create IPUIPlugin
2025-05-22 18:36:49,730 [INFO] PluginManager:220 - loadIPPluginJar : add i2s
2025-05-22 18:36:49,733 [INFO] IPUIPlugin:80 - create IPUIPlugin
2025-05-22 18:36:49,733 [INFO] PluginManager:220 - loadIPPluginJar : add i3c
2025-05-22 18:36:49,744 [INFO] IPUIPlugin:80 - create IPUIPlugin
2025-05-22 18:36:49,744 [INFO] PluginManager:220 - loadIPPluginJar : add ipddr
2025-05-22 18:36:49,749 [INFO] IPUIPlugin:80 - create IPUIPlugin
2025-05-22 18:36:49,749 [INFO] PluginManager:220 - loadIPPluginJar : add linkedlist
2025-05-22 18:36:49,751 [INFO] IPUIPlugin:80 - create IPUIPlugin
2025-05-22 18:36:49,751 [INFO] PluginManager:220 - loadIPPluginJar : add lorawan
2025-05-22 18:36:49,752 [INFO] IPUIPlugin:80 - create IPUIPlugin
2025-05-22 18:36:49,752 [INFO] PluginManager:220 - loadIPPluginJar : add ltdc
2025-05-22 18:36:49,779 [INFO] IPUIPlugin:80 - create IPUIPlugin
2025-05-22 18:36:49,779 [INFO] PluginManager:220 - loadIPPluginJar : add mdma
2025-05-22 18:36:49,784 [INFO] IPUIPlugin:80 - create IPUIPlugin
2025-05-22 18:36:49,784 [INFO] PluginManager:220 - loadIPPluginJar : add nvic
2025-05-22 18:36:49,797 [INFO] IPUIPlugin:80 - create IPUIPlugin
2025-05-22 18:36:49,797 [INFO] PluginManager:220 - loadIPPluginJar : add opamp
2025-05-22 18:36:49,800 [INFO] IPUIPlugin:80 - create IPUIPlugin
2025-05-22 18:36:49,800 [INFO] PluginManager:220 - loadIPPluginJar : add openamp
2025-05-22 18:36:49,803 [INFO] IPUIPlugin:80 - create IPUIPlugin
2025-05-22 18:36:49,803 [INFO] PluginManager:220 - loadIPPluginJar : add pdm2pcm
2025-05-22 18:36:49,807 [INFO] IPUIPlugin:80 - create IPUIPlugin
2025-05-22 18:36:49,810 [INFO] PluginManager:220 - loadIPPluginJar : add plateformsettings
2025-05-22 18:36:49,811 [INFO] IPUIPlugin:80 - create IPUIPlugin
2025-05-22 18:36:49,811 [INFO] PluginManager:220 - loadIPPluginJar : add quadspi
2025-05-22 18:36:49,812 [INFO] IPUIPlugin:80 - create IPUIPlugin
2025-05-22 18:36:49,813 [INFO] PluginManager:220 - loadIPPluginJar : add radio
2025-05-22 18:36:49,816 [INFO] IPUIPlugin:80 - create IPUIPlugin
2025-05-22 18:36:49,816 [INFO] PluginManager:220 - loadIPPluginJar : add resmgrutility
2025-05-22 18:36:49,818 [INFO] IPUIPlugin:80 - create IPUIPlugin
2025-05-22 18:36:49,818 [INFO] PluginManager:220 - loadIPPluginJar : add sai
2025-05-22 18:36:49,821 [INFO] IPUIPlugin:80 - create IPUIPlugin
2025-05-22 18:36:49,821 [INFO] PluginManager:220 - loadIPPluginJar : add spi
2025-05-22 18:36:49,826 [INFO] IPUIPlugin:80 - create IPUIPlugin
2025-05-22 18:36:49,826 [INFO] PluginManager:220 - loadIPPluginJar : add stm32_wpan
2025-05-22 18:36:49,828 [INFO] IPUIPlugin:80 - create IPUIPlugin
2025-05-22 18:36:49,828 [INFO] PluginManager:220 - loadIPPluginJar : add tim
2025-05-22 18:36:49,831 [INFO] IPUIPlugin:80 - create IPUIPlugin
2025-05-22 18:36:49,831 [INFO] PluginManager:220 - loadIPPluginJar : add touchsensing
2025-05-22 18:36:49,847 [INFO] IPUIPlugin:80 - create IPUIPlugin
2025-05-22 18:36:49,847 [INFO] PluginManager:220 - loadIPPluginJar : add tracer_emb
2025-05-22 18:36:49,860 [INFO] IPUIPlugin:80 - create IPUIPlugin
2025-05-22 18:36:49,861 [INFO] PluginManager:220 - loadIPPluginJar : add ts
2025-05-22 18:36:49,869 [INFO] IPUIPlugin:80 - create IPUIPlugin
2025-05-22 18:36:49,869 [INFO] PluginManager:220 - loadIPPluginJar : add tsc
2025-05-22 18:36:49,880 [INFO] IPUIPlugin:80 - create IPUIPlugin
2025-05-22 18:36:49,880 [INFO] PluginManager:220 - loadIPPluginJar : add ucpd
2025-05-22 18:36:49,890 [INFO] IPUIPlugin:80 - create IPUIPlugin
2025-05-22 18:36:49,890 [INFO] PluginManager:220 - loadIPPluginJar : add usart
2025-05-22 18:36:49,904 [INFO] IPUIPlugin:80 - create IPUIPlugin
2025-05-22 18:36:49,904 [INFO] PluginManager:220 - loadIPPluginJar : add usbx
2025-05-22 18:36:50,040 [FATAL] Updater:351 - Updater called before beeing initialized
2025-05-22 18:36:50,097 [INFO] RulesReader:64 - Compatibility file has been processed (302 Rules)
2025-05-22 18:36:50,105 [INFO] RulesReader:64 - Compatibility file has been processed (302 Rules)
2025-05-22 18:36:50,116 [INFO] CADModel:165 - CPN selected for project level
2025-05-22 18:36:50,116 [INFO] CADModel:114 - Register for checkConnection events
2025-05-22 18:36:50,117 [FATAL] Updater:351 - Updater called before beeing initialized
2025-05-22 18:36:50,117 [ERROR] CADModel:125 - Updater not yet initialized, retry later 
2025-05-22 18:36:50,332 [FATAL] Updater:351 - Updater called before beeing initialized
2025-05-22 18:36:50,357 [INFO] CADModel:165 - CPN selected for project level
2025-05-22 18:36:50,357 [INFO] CADModel:114 - Register for checkConnection events
2025-05-22 18:36:50,357 [FATAL] Updater:351 - Updater called before beeing initialized
2025-05-22 18:36:50,357 [ERROR] CADModel:125 - Updater not yet initialized, retry later 
2025-05-22 18:36:50,375 [FATAL] Updater:351 - Updater called before beeing initialized
2025-05-22 18:36:50,512 [FATAL] Updater:351 - Updater called before beeing initialized
2025-05-22 18:36:50,524 [INFO] DbMcusAds:53 - JSON generation date=Wed May 07 06:07:55 UYT 2025 (1746608875679)
2025-05-22 18:36:50,524 [FATAL] Updater:351 - Updater called before beeing initialized
2025-05-22 18:36:50,613 [WARN] DetailPanel:346 - Failed to get advertising image, set to default
2025-05-22 18:36:50,873 [FATAL] Updater:351 - Updater called before beeing initialized
2025-05-22 18:36:50,875 [FATAL] Updater:351 - Updater called before beeing initialized
2025-05-22 18:36:50,875 [FATAL] Updater:351 - Updater called before beeing initialized
2025-05-22 18:36:50,875 [WARN] DetailPanel:346 - Failed to get advertising image, set to default
2025-05-22 18:36:50,875 [FATAL] Updater:351 - Updater called before beeing initialized
2025-05-22 18:36:50,979 [ERROR] Updater:1198 - MainUpdater not yet initialized. External WinMGr cannot be set.
2025-05-22 18:36:50,995 [INFO] Updater:1134 - Updater Version found : 6.14.1
2025-05-22 18:36:51,024 [INFO] ApplicationProperties:184 - Using Application install path: E:\STM\ID\STM32CubeIDE_1.18.1\STM32CubeIDE\plugins\com.st.stm32cube.common.mx_6.14.1.202504091515
2025-05-22 18:36:51,677 [INFO] ThirdPartyUpdaterWithRetryManager:70 - Updater plugin not ready yet. [2/15]
2025-05-22 18:36:51,827 [INFO] MainUpdater:2872 - connection check result : 10
2025-05-22 18:36:51,828 [INFO] MainUpdater:289 - Updater Check For Update Now.
2025-05-22 18:36:51,829 [INFO] MicroXplorer:498 - Change Database Version : DB.6.0.141
2025-05-22 18:36:51,853 [INFO] McuFinderGlobals:63 - Set McuFinder mode to 2 (CubeIDE integrated)
2025-05-22 18:36:51,853 [INFO] UserAuth:484 - Internet connection configuration mode: 1
2025-05-22 18:36:51,983 [INFO] JxBrowserEngine:152 - Initiate JxBrowser Engine with user profile folder
2025-05-22 18:36:52,060 [INFO] CheckServerUpdateThread:120 - End of CheckServer Thread
2025-05-22 18:36:53,193 [INFO] WebApp:169 - Instantiating new browser for Auth
2025-05-22 18:36:54,043 [INFO] WebApp:463 - Apply proxy settings
2025-05-22 18:36:54,044 [INFO] WebApp:548 - Chromium requires no authentication
2025-05-22 18:36:54,052 [INFO] WebApp:491 - Direct internet connection detected
2025-05-22 18:36:54,083 [INFO] WebApp:894 - Register for checkConnection events
2025-05-22 18:36:54,083 [INFO] WebApp:463 - Apply proxy settings
2025-05-22 18:36:54,083 [INFO] WebApp:548 - Chromium requires no authentication
2025-05-22 18:36:54,084 [INFO] WebApp:491 - Direct internet connection detected
2025-05-22 18:36:54,339 [INFO] WebApp:225 - Starting web application
2025-05-22 18:36:54,340 [INFO] WebApp:593 - Web application path used E:\STM\ID\STM32CubeIDE_1.18.1\STM32CubeIDE\plugins\com.st.stm32cube.common.mx_6.14.1.202504091515\db\plugins\mcufinder\reactClient1\index.html
2025-05-22 18:36:54,352 [INFO] WebApp:191 - Connection restablished
2025-05-22 18:36:54,510 [INFO] UserAuth:484 - Internet connection configuration mode: 1
2025-05-22 18:36:55,015 [WARN] PackLoader:240 - Cannot read IP mode file for STMicroelectronics.FP-SNS-MOTENVWB1.1.4.0
2025-05-22 18:36:55,043 [WARN] PackLoader:240 - Cannot read IP mode file for STMicroelectronics.X-CUBE-SMBUS.2.1.0
2025-05-22 18:36:55,077 [WARN] PackLoader:240 - Cannot read IP mode file for STMicroelectronics.X-CUBE-AZRTOS-F7.1.1.0
2025-05-22 18:36:55,112 [WARN] PackLoader:240 - Cannot read IP mode file for Infineon.AIROC-Wi-Fi-Bluetooth-STM32.1.7.0
2025-05-22 18:36:55,130 [WARN] PackLoader:240 - Cannot read IP mode file for STMicroelectronics.X-CUBE-DISPLAY.3.0.0
2025-05-22 18:36:55,143 [WARN] PackLoader:240 - Cannot read IP mode file for STMicroelectronics.X-CUBE-NFC10.1.0.0
2025-05-22 18:36:55,157 [WARN] PackLoader:240 - Cannot read IP mode file for STMicroelectronics.X-CUBE-BLEMGR.4.0.0
2025-05-22 18:36:55,169 [WARN] PackLoader:240 - Cannot read IP mode file for emotas.I-CUBE-CANOPEN.1.3.0
2025-05-22 18:36:55,176 [WARN] ConditionMgr:438 - getConditionDescription Invalid condition id : Cortex-A Device cause : null
2025-05-22 18:36:55,192 [WARN] ConditionMgr:1044 - genDependencies : Invalid condition id : Cortex-A Device cause : null
2025-05-22 18:36:55,192 [WARN] ConditionMgr:1044 - genDependencies : Invalid condition id : Cortex-A Device cause : null
2025-05-22 18:36:55,192 [WARN] ConditionMgr:1044 - genDependencies : Invalid condition id : Cortex-A Device cause : null
2025-05-22 18:36:55,199 [WARN] PackLoader:240 - Cannot read IP mode file for STMicroelectronics.X-CUBE-AI.10.0.0
2025-05-22 18:36:55,206 [WARN] PackLoader:240 - Cannot read IP mode file for STMicroelectronics.FP-SNS-SMARTAG2.1.2.0
2025-05-22 18:36:55,220 [INFO] LogOutputStream:77 - [STDOUT_REDIRECT] 1 : Invalid condition id : UX_CORESTACK_Condition cause : null
2025-05-22 18:36:55,221 [INFO] LogOutputStream:77 - [STDOUT_REDIRECT] 1 : Invalid condition id : UX_CORESTACK_Condition cause : null
2025-05-22 18:36:55,222 [INFO] LogOutputStream:77 - [STDOUT_REDIRECT] 1 : Invalid condition id : UX_CORESTACK_Condition cause : null
2025-05-22 18:36:55,223 [INFO] LogOutputStream:77 - [STDOUT_REDIRECT] 1 : Invalid condition id : UX_CORESTACK_Condition cause : null
2025-05-22 18:36:55,224 [INFO] LogOutputStream:77 - [STDOUT_REDIRECT] 1 : Invalid condition id : UX_CORESTACK_Condition cause : null
2025-05-22 18:36:55,229 [WARN] PackLoader:240 - Cannot read IP mode file for STMicroelectronics.X-CUBE-AZRTOS-WL.2.0.0
2025-05-22 18:36:55,236 [WARN] PackLoader:240 - Cannot read IP mode file for STMicroelectronics.FP-SNS-MOTENV1.5.0.0
2025-05-22 18:36:55,246 [WARN] PackLoader:240 - Cannot read IP mode file for WES.I-CUBE-Cesium.1.3.0
2025-05-22 18:36:55,254 [WARN] PackLoader:240 - Cannot read IP mode file for STMicroelectronics.X-CUBE-BLE2.3.3.0
2025-05-22 18:36:55,262 [WARN] PackLoader:240 - Cannot read IP mode file for STMicroelectronics.X-CUBE-NFC9.1.0.0
2025-05-22 18:36:55,269 [WARN] PackLoader:240 - Cannot read IP mode file for wolfSSL.I-CUBE-wolfSSL.5.8.0
2025-05-22 18:36:55,275 [WARN] PackLoader:240 - Cannot read IP mode file for wolfSSL.I-CUBE-wolfMQTT.1.19.2
2025-05-22 18:36:55,294 [WARN] PackLoader:240 - Cannot read IP mode file for STMicroelectronics.X-CUBE-AZRTOS-G0.1.1.0
2025-05-22 18:36:55,305 [WARN] PackLoader:240 - Cannot read IP mode file for STMicroelectronics.X-CUBE-SAFEA1.1.2.2
2025-05-22 18:36:55,321 [WARN] PackLoader:240 - Cannot read IP mode file for STMicroelectronics.X-CUBE-NFC4.3.0.0
2025-05-22 18:36:55,334 [WARN] PackLoader:240 - Cannot read IP mode file for EmbeddedOffice.I-CUBE-FS-RTOS.1.0.1
2025-05-22 18:36:55,343 [WARN] PackLoader:240 - Cannot read IP mode file for STMicroelectronics.X-CUBE-WB05N.2.0.0
2025-05-22 18:36:55,348 [WARN] PackLoader:240 - Cannot read IP mode file for wolfSSL.I-CUBE-wolfTPM.3.8.0
2025-05-22 18:36:55,355 [WARN] PackLoader:240 - Cannot read IP mode file for STMicroelectronics.X-CUBE-TCPP.4.2.0
2025-05-22 18:36:55,363 [WARN] PackLoader:240 - Cannot read IP mode file for RealThread.X-CUBE-RT-Thread_Nano.4.1.1
2025-05-22 18:36:55,369 [WARN] PackLoader:240 - Cannot read IP mode file for STMicroelectronics.FP-ATR-SIGFOX1.3.2.0
2025-05-22 18:36:55,379 [WARN] PackLoader:240 - Cannot read IP mode file for STMicroelectronics.X-CUBE-EEPRMA1.5.1.0
2025-05-22 18:36:55,389 [WARN] PackLoader:240 - Cannot read IP mode file for ITTIA_DB.I-CUBE-ITTIADB.8.9.0
2025-05-22 18:36:55,417 [WARN] PackLoader:240 - Cannot read IP mode file for SEGGER.I-CUBE-embOS.1.3.1
2025-05-22 18:36:55,464 [WARN] PackLoader:240 - Cannot read IP mode file for STMicroelectronics.X-CUBE-ALGOBUILD.1.4.0
2025-05-22 18:36:55,480 [WARN] PackLoader:240 - Cannot read IP mode file for STMicroelectronics.X-CUBE-AZRTOS-F4.1.1.0
2025-05-22 18:36:55,489 [WARN] PackLoader:240 - Cannot read IP mode file for Avnet-IotConnect.X-CUBE-IoTC-DA16k-PMOD.1.0.0
2025-05-22 18:36:55,495 [WARN] PackLoader:240 - Cannot read IP mode file for STMicroelectronics.X-CUBE-ISPU.2.1.0
2025-05-22 18:36:55,514 [WARN] PackLoader:240 - Cannot read IP mode file for STMicroelectronics.X-CUBE-AZRTOS-L5.2.0.0
2025-05-22 18:36:55,525 [WARN] PackLoader:240 - Cannot read IP mode file for STMicroelectronics.X-CUBE-NFC6.3.1.0
2025-05-22 18:36:55,534 [WARN] PackLoader:240 - Cannot read IP mode file for STMicroelectronics.X-CUBE-FREERTOS.1.3.1
2025-05-22 18:36:55,539 [WARN] PackLoader:240 - Cannot read IP mode file for STMicroelectronics.X-CUBE-FREERTOS.1.3.0
2025-05-22 18:36:55,565 [WARN] ConditionMgr:438 - getConditionDescription Invalid condition id : LAN8742 Phy interface Condition cause : null
2025-05-22 18:36:55,566 [WARN] PackLoader:240 - Cannot read IP mode file for STMicroelectronics.X-CUBE-AZRTOS-L4.2.0.0
2025-05-22 18:36:55,567 [WARN] ConditionMgr:1044 - genDependencies : Invalid condition id : LAN8742 Phy interface Condition cause : null
2025-05-22 18:36:55,568 [WARN] ConditionMgr:1044 - genDependencies : Invalid condition id : LAN8742 Phy interface Condition cause : null
2025-05-22 18:36:55,569 [WARN] ConditionMgr:1044 - genDependencies : Invalid condition id : LAN8742 Phy interface Condition cause : null
2025-05-22 18:36:55,583 [WARN] PackLoader:240 - Cannot read IP mode file for STMicroelectronics.X-CUBE-SFXS2LP1.4.0.0
2025-05-22 18:36:55,613 [WARN] PackLoader:240 - Cannot read IP mode file for STMicroelectronics.X-CUBE-AZRTOS-H7.3.3.0
2025-05-22 18:36:55,634 [WARN] ConditionMgr:438 - getConditionDescription Invalid condition id : UX DEVICE CLASS RTOS Condition cause : null
2025-05-22 18:36:55,635 [WARN] ConditionMgr:438 - getConditionDescription Invalid condition id : UX DEVICE CLASS RTOS Condition cause : null
2025-05-22 18:36:55,637 [WARN] PackLoader:240 - Cannot read IP mode file for STMicroelectronics.X-CUBE-AZRTOS-WB.2.0.0
2025-05-22 18:36:55,637 [WARN] ConditionMgr:1044 - genDependencies : Invalid condition id : UX DEVICE CLASS RTOS Condition cause : null
2025-05-22 18:36:55,638 [WARN] ConditionMgr:1044 - genDependencies : Invalid condition id : UX DEVICE CLASS RTOS Condition cause : null
2025-05-22 18:36:55,638 [WARN] ConditionMgr:1044 - genDependencies : Invalid condition id : UX DEVICE CLASS RTOS Condition cause : null
2025-05-22 18:36:55,638 [WARN] ConditionMgr:1044 - genDependencies : Invalid condition id : UX DEVICE CLASS RTOS Condition cause : null
2025-05-22 18:36:55,638 [WARN] ConditionMgr:1044 - genDependencies : Invalid condition id : UX DEVICE CLASS RTOS Condition cause : null
2025-05-22 18:36:55,652 [WARN] PackLoader:240 - Cannot read IP mode file for STMicroelectronics.X-CUBE-GNSS1.7.0.1
2025-05-22 18:36:55,660 [WARN] PackLoader:240 - Cannot read IP mode file for STMicroelectronics.FP-SNS-STBOX1.2.0.0
2025-05-22 18:36:55,679 [WARN] PackLoader:240 - Cannot read IP mode file for STMicroelectronics.X-CUBE-SUBG2.5.0.0
2025-05-22 18:36:55,732 [WARN] PackLoader:240 - Cannot read IP mode file for STMicroelectronics.X-CUBE-AZRTOS-H7RS.1.1.0
2025-05-22 18:36:55,741 [WARN] PackLoader:240 - Cannot read IP mode file for Cesanta.I-CUBE-Mongoose.7.13.0
2025-05-22 18:36:55,755 [WARN] PackLoader:240 - Cannot read IP mode file for STMicroelectronics.X-CUBE-AZRTOS-G4.2.0.0
2025-05-22 18:36:55,763 [WARN] PackLoader:240 - Cannot read IP mode file for wolfSSL.I-CUBE-wolfSSH.1.4.20
2025-05-22 18:36:55,782 [WARN] PackLoader:240 - Cannot read IP mode file for STMicroelectronics.X-CUBE-IPS.3.1.0
2025-05-22 18:36:55,793 [WARN] PackLoader:240 - Cannot read IP mode file for STMicroelectronics.X-CUBE-ALS.1.0.2
2025-05-22 18:36:55,804 [WARN] PackLoader:240 - Cannot read IP mode file for portGmbH.I-Cube-SoM-uGOAL.1.1.0
2025-05-22 18:36:55,805 [INFO] ThirdParty:978 - Integrity check success = true
2025-05-22 18:36:55,805 [INFO] IntegrityCheckThread:100 - exiting critical section [integrity check]
2025-05-22 18:36:55,805 [INFO] IntegrityCheckThread:103 - End integrity checks thread
2025-05-22 22:40:59,852 [INFO] WebApp:194 - Connection lost
2025-05-22 22:40:59,999 [INFO] WebApp:191 - Connection restablished
2025-05-22 22:41:01,898 [INFO] WebApp:194 - Connection lost
2025-05-22 22:41:02,022 [INFO] WebApp:191 - Connection restablished
