2025-05-15 16:06:43,049 [INFO] Activator:176 - 


2025-05-15 16:06:43,050 [INFO] Activator:177 - !SESSION log4j initialized
2025-05-15 16:06:54,290 [INFO] LogOutputStream:77 - [STDOUT_REDIRECT] 
2025-05-15 16:07:05,511 [INFO] ApplicationProperties:184 - Using Application install path: E:\STM\ID\STM32CubeIDE_1.18.1\STM32CubeIDE\plugins\com.st.stm32cube.common.mx_6.14.1.202504091515
2025-05-15 16:07:06,066 [INFO] DbMcusXml:78 - Set database path to: E:\STM\ID\STM32CubeIDE_1.18.1\STM32CubeIDE\plugins\com.st.stm32cube.common.mx_6.14.1.202504091515\\db\/mcu/
2025-05-15 16:07:06,066 [INFO] ApiDb:274 - Set plugin database path to: E:\STM\ID\STM32CubeIDE_1.18.1\STM32CubeIDE\plugins\com.st.stm32cube.common.mx_6.14.1.202504091515\\db\/plugins/boardmanager/
2025-05-15 16:07:06,066 [WARN] ApiDb:259 - Overriding images path with different value:  => E:\STM\ID\STM32CubeIDE_1.18.1\STM32CubeIDE\plugins\com.st.stm32cube.common.mx_6.14.1.202504091515\\db\/plugins/mcufinder/images/
2025-05-15 16:07:06,252 [INFO] ApiDb:250 - Set database path to: C:\Users\santi\.stmcufinder\plugins\mcufinder//mcu/
2025-05-15 16:07:06,253 [INFO] DbMcusAds:125 - Set database path to: C:\Users\santi\.stmcufinder\plugins\mcufinder//mcu/
2025-05-15 16:07:06,320 [INFO] CrossReferenceDbSqlite:203 - Set database path to: C:\Users\santi\.stmcufinder\plugins\mcufinder//mcu/cs/
2025-05-15 16:07:06,832 [INFO] RulesReader:64 - Compatibility file has been processed (302 Rules)
2025-05-15 16:07:07,750 [INFO] DbMcusXml:78 - Set database path to: E:\STM\ID\STM32CubeIDE_1.18.1\STM32CubeIDE\plugins\com.st.stm32cube.common.mx_6.14.1.202504091515\\db\/mcu/
2025-05-15 16:07:07,750 [INFO] ApiDb:274 - Set plugin database path to: E:\STM\ID\STM32CubeIDE_1.18.1\STM32CubeIDE\plugins\com.st.stm32cube.common.mx_6.14.1.202504091515\\db\/plugins/boardmanager/
2025-05-15 16:07:07,750 [INFO] ApiDb:261 - Set plugin images path to: E:\STM\ID\STM32CubeIDE_1.18.1\STM32CubeIDE\plugins\com.st.stm32cube.common.mx_6.14.1.202504091515\\db\/plugins/mcufinder/images/
2025-05-15 16:07:07,750 [WARN] DbFile:41 - Overriding database path with different value: C:\Users\santi\.stmcufinder\plugins\mcufinder/ => C:\Users\santi\.stmcufinder\plugins\mcufinder
2025-05-15 16:07:07,750 [INFO] ApiDb:250 - Set database path to: C:\Users\santi\.stmcufinder\plugins\mcufinder//mcu/
2025-05-15 16:07:07,750 [WARN] DbFile:41 - Overriding database path with different value: C:\Users\santi\.stmcufinder\plugins\mcufinder/ => C:\Users\santi\.stmcufinder\plugins\mcufinder
2025-05-15 16:07:07,750 [INFO] DbMcusAds:125 - Set database path to: C:\Users\santi\.stmcufinder\plugins\mcufinder//mcu/
2025-05-15 16:07:07,751 [WARN] DbFile:41 - Overriding database path with different value: C:\Users\santi\.stmcufinder\plugins\mcufinder/ => C:\Users\santi\.stmcufinder\plugins\mcufinder
2025-05-15 16:07:07,751 [WARN] DbFile:41 - Overriding database path with different value: C:\Users\santi\.stmcufinder\plugins\mcufinder/ => C:\Users\santi\.stmcufinder\plugins\mcufinder
2025-05-15 16:07:07,751 [INFO] CrossReferenceDbSqlite:203 - Set database path to: C:\Users\santi\.stmcufinder\plugins\mcufinder//mcu/cs/
2025-05-15 16:07:08,475 [INFO] MainPanel:272 - HeapMemory: 268435456
2025-05-15 16:07:09,427 [INFO] DbMcusXml:78 - Set database path to: E:\STM\ID\STM32CubeIDE_1.18.1\STM32CubeIDE\plugins\com.st.stm32cube.common.mx_6.14.1.202504091515\\db\/mcu/
2025-05-15 16:07:09,427 [INFO] ApiDb:274 - Set plugin database path to: E:\STM\ID\STM32CubeIDE_1.18.1\STM32CubeIDE\plugins\com.st.stm32cube.common.mx_6.14.1.202504091515\\db\/plugins/boardmanager/
2025-05-15 16:07:09,427 [INFO] ApiDb:261 - Set plugin images path to: E:\STM\ID\STM32CubeIDE_1.18.1\STM32CubeIDE\plugins\com.st.stm32cube.common.mx_6.14.1.202504091515\\db\/plugins/mcufinder/images/
2025-05-15 16:07:09,428 [WARN] DbFile:41 - Overriding database path with different value: C:\Users\santi\.stmcufinder\plugins\mcufinder/ => C:\Users\santi\.stmcufinder\plugins\mcufinder
2025-05-15 16:07:09,428 [INFO] ApiDb:250 - Set database path to: C:\Users\santi\.stmcufinder\plugins\mcufinder//mcu/
2025-05-15 16:07:09,429 [WARN] DbFile:41 - Overriding database path with different value: C:\Users\santi\.stmcufinder\plugins\mcufinder/ => C:\Users\santi\.stmcufinder\plugins\mcufinder
2025-05-15 16:07:09,429 [INFO] DbMcusAds:125 - Set database path to: C:\Users\santi\.stmcufinder\plugins\mcufinder//mcu/
2025-05-15 16:07:09,430 [WARN] DbFile:41 - Overriding database path with different value: C:\Users\santi\.stmcufinder\plugins\mcufinder/ => C:\Users\santi\.stmcufinder\plugins\mcufinder
2025-05-15 16:07:09,430 [WARN] DbFile:41 - Overriding database path with different value: C:\Users\santi\.stmcufinder\plugins\mcufinder/ => C:\Users\santi\.stmcufinder\plugins\mcufinder
2025-05-15 16:07:09,430 [INFO] CrossReferenceDbSqlite:203 - Set database path to: C:\Users\santi\.stmcufinder\plugins\mcufinder//mcu/cs/
2025-05-15 16:07:09,569 [INFO] ApplicationProperties:184 - Using Application install path: E:\STM\ID\STM32CubeIDE_1.18.1\STM32CubeIDE\plugins\com.st.stm32cube.common.mx_6.14.1.202504091515
2025-05-15 16:07:09,572 [INFO] PluginManage:196 - Search for loadable plugins [exclusion list=, ]
2025-05-15 16:07:09,623 [INFO] PluginManage:310 - Check plugin analytics
2025-05-15 16:07:15,273 [INFO] AnalyticsPlugin:253 - Accepted Software Licenses: STM32CubeMX.6.14.1
2025-05-15 16:07:15,273 [INFO] AnalyticsPlugin:255 - Accepted CMSIS Pack Licenses: 
2025-05-15 16:07:15,273 [INFO] AnalyticsPlugin:257 - Accepted Firmware Licenses: FW.F4.1.28.0
2025-05-15 16:07:15,275 [INFO] PluginManage:359 - Loaded plugin analytics (category:tool,tabindex:-1)
2025-05-15 16:07:15,276 [INFO] PluginManage:310 - Check plugin cadmodel
2025-05-15 16:07:15,478 [INFO] CADModel:105 - Init CAD model plugin
2025-05-15 16:07:15,479 [INFO] PluginManage:359 - Loaded plugin cadmodel (category:power,tabindex:5)
2025-05-15 16:07:15,479 [INFO] PluginManage:310 - Check plugin clock
2025-05-15 16:07:15,616 [INFO] PluginManage:359 - Loaded plugin clock (category:base,tabindex:2)
2025-05-15 16:07:15,616 [INFO] PluginManage:310 - Check plugin ddr
2025-05-15 16:07:15,759 [INFO] PluginManage:359 - Loaded plugin ddr (category:tool,tabindex:6)
2025-05-15 16:07:15,760 [INFO] PluginManage:310 - Check plugin filemanager
2025-05-15 16:07:16,934 [INFO] PluginManage:359 - Loaded plugin filemanager (category:base,tabindex:10)
2025-05-15 16:07:16,934 [INFO] PluginManage:310 - Check plugin ipmanager
2025-05-15 16:07:17,009 [INFO] PluginManage:359 - Loaded plugin ipmanager (category:base,tabindex:5)
2025-05-15 16:07:17,009 [INFO] PluginManage:310 - Check plugin lpbam
2025-05-15 16:07:17,080 [INFO] PluginManage:359 - Loaded plugin lpbam (category:base,tabindex:0)
2025-05-15 16:07:17,080 [INFO] PluginManage:310 - Check plugin memorymap
2025-05-15 16:07:17,272 [INFO] PluginManage:359 - Loaded plugin memorymap (category:base,tabindex:4)
2025-05-15 16:07:17,272 [INFO] PluginManage:310 - Check plugin pinoutandconfiguration
2025-05-15 16:07:17,386 [INFO] PluginManage:359 - Loaded plugin pinoutandconfiguration (category:base,tabindex:1)
2025-05-15 16:07:17,386 [INFO] PluginManage:310 - Check plugin pinoutconfig
2025-05-15 16:07:17,727 [WARN] SupportedApi:132 - Cannot load RTOS API schema: s4s-elt-must-match.1: The content of 'definitions' must match (annotation?, (simpleType | complexType)?, (unique | key | keyref)*)). A problem was found starting at: attribute.
2025-05-15 16:07:18,464 [INFO] PluginManage:359 - Loaded plugin pinoutconfig (category:base,tabindex:0)
2025-05-15 16:07:18,464 [INFO] PluginManage:310 - Check plugin power
2025-05-15 16:07:18,590 [INFO] PluginManage:359 - Loaded plugin power (category:power,tabindex:4)
2025-05-15 16:07:18,590 [INFO] PluginManage:310 - Check plugin projectmanager
2025-05-15 16:07:18,604 [INFO] PluginManage:359 - Loaded plugin projectmanager (category:projectmanager,tabindex:4)
2025-05-15 16:07:18,605 [INFO] PluginManage:310 - Check plugin rif
2025-05-15 16:07:18,704 [INFO] PluginManage:359 - Loaded plugin rif (category:base,tabindex:3)
2025-05-15 16:07:18,704 [INFO] PluginManage:310 - Check plugin thirdparty
2025-05-15 16:07:19,868 [INFO] PluginManage:359 - Loaded plugin thirdparty (category:base,tabindex:-1)
2025-05-15 16:07:19,868 [INFO] PluginManage:310 - Check plugin tools
2025-05-15 16:07:19,868 [WARN] IntegrityCheckThread:84 - waiting for thirdparty lock release [integrity check]
2025-05-15 16:07:19,868 [INFO] IntegrityCheckThread:86 - entering critical section [integrity check]
2025-05-15 16:07:19,869 [INFO] ThirdPartyUpdaterWithRetryManager:70 - Updater plugin not ready yet. [1/15]
2025-05-15 16:07:19,882 [INFO] PluginManage:359 - Loaded plugin tools (category:base,tabindex:7)
2025-05-15 16:07:19,882 [INFO] PluginManage:310 - Check plugin tutovideos
2025-05-15 16:07:21,102 [INFO] PluginManage:359 - Loaded plugin tutovideos (category:base,tabindex:-1)
2025-05-15 16:07:21,103 [INFO] PluginManage:310 - Check plugin updater
2025-05-15 16:07:21,286 [INFO] PluginManage:359 - Loaded plugin updater (category:base,tabindex:12)
2025-05-15 16:07:21,286 [INFO] PluginManage:310 - Check plugin userauth
2025-05-15 16:07:21,338 [INFO] UserAuth:118 - Init User Auth plugin
2025-05-15 16:07:21,339 [INFO] PluginManage:359 - Loaded plugin userauth (category:base,tabindex:14)
2025-05-15 16:07:21,340 [INFO] PluginManage:283 - PluginManage : Loaded plugins [18]
2025-05-15 16:07:22,598 [INFO] PinOutPanel:1589 - setPackage(No Configuration,No Configuration)
2025-05-15 16:07:22,870 [INFO] ThirdPartyUpdaterWithRetryManager:70 - Updater plugin not ready yet. [2/15]
2025-05-15 16:07:22,942 [INFO] CADModel:165 - CPN selected for project level
2025-05-15 16:07:22,942 [INFO] CADModel:114 - Register for checkConnection events
2025-05-15 16:07:23,057 [INFO] IPUIPlugin:80 - create IPUIPlugin
2025-05-15 16:07:23,057 [INFO] PluginManager:220 - loadIPPluginJar : add adc
2025-05-15 16:07:23,060 [INFO] IPUIPlugin:80 - create IPUIPlugin
2025-05-15 16:07:23,060 [INFO] PluginManager:220 - loadIPPluginJar : add aes
2025-05-15 16:07:23,090 [INFO] IPUIPlugin:80 - create IPUIPlugin
2025-05-15 16:07:23,090 [INFO] PluginManager:220 - loadIPPluginJar : add can
2025-05-15 16:07:23,092 [INFO] IPUIPlugin:80 - create IPUIPlugin
2025-05-15 16:07:23,092 [INFO] PluginManager:220 - loadIPPluginJar : add comp
2025-05-15 16:07:23,119 [INFO] IPUIPlugin:80 - create IPUIPlugin
2025-05-15 16:07:23,119 [INFO] PluginManager:220 - loadIPPluginJar : add cryp
2025-05-15 16:07:23,150 [INFO] IPUIPlugin:80 - create IPUIPlugin
2025-05-15 16:07:23,150 [INFO] PluginManager:220 - loadIPPluginJar : add ddr_ctrl_phy
2025-05-15 16:07:23,154 [INFO] IPUIPlugin:80 - create IPUIPlugin
2025-05-15 16:07:23,155 [INFO] PluginManager:220 - loadIPPluginJar : add dfsdm
2025-05-15 16:07:23,172 [INFO] IPUIPlugin:80 - create IPUIPlugin
2025-05-15 16:07:23,173 [INFO] PluginManager:220 - loadIPPluginJar : add dma
2025-05-15 16:07:23,176 [INFO] IPUIPlugin:80 - create IPUIPlugin
2025-05-15 16:07:23,176 [INFO] PluginManager:220 - loadIPPluginJar : add dma3
2025-05-15 16:07:23,197 [INFO] IPUIPlugin:80 - create IPUIPlugin
2025-05-15 16:07:23,197 [INFO] PluginManager:220 - loadIPPluginJar : add extmemmanager
2025-05-15 16:07:23,199 [INFO] IPUIPlugin:80 - create IPUIPlugin
2025-05-15 16:07:23,199 [INFO] PluginManager:220 - loadIPPluginJar : add fatfs
2025-05-15 16:07:23,205 [INFO] IPUIPlugin:80 - create IPUIPlugin
2025-05-15 16:07:23,205 [INFO] PluginManager:220 - loadIPPluginJar : add fmc
2025-05-15 16:07:23,215 [INFO] IPUIPlugin:80 - create IPUIPlugin
2025-05-15 16:07:23,216 [INFO] PluginManager:220 - loadIPPluginJar : add freertos
2025-05-15 16:07:23,218 [INFO] IPUIPlugin:80 - create IPUIPlugin
2025-05-15 16:07:23,218 [INFO] PluginManager:220 - loadIPPluginJar : add genericplugin
2025-05-15 16:07:23,221 [INFO] IPUIPlugin:80 - create IPUIPlugin
2025-05-15 16:07:23,221 [INFO] PluginManager:220 - loadIPPluginJar : add gfxmmu
2025-05-15 16:07:23,228 [INFO] IPUIPlugin:80 - create IPUIPlugin
2025-05-15 16:07:23,228 [INFO] PluginManager:220 - loadIPPluginJar : add gic
2025-05-15 16:07:23,234 [INFO] IPUIPlugin:80 - create IPUIPlugin
2025-05-15 16:07:23,234 [INFO] PluginManager:220 - loadIPPluginJar : add gpio
2025-05-15 16:07:23,239 [INFO] IPUIPlugin:80 - create IPUIPlugin
2025-05-15 16:07:23,239 [INFO] PluginManager:220 - loadIPPluginJar : add gtzc
2025-05-15 16:07:23,246 [INFO] IPUIPlugin:80 - create IPUIPlugin
2025-05-15 16:07:23,246 [INFO] PluginManager:220 - loadIPPluginJar : add hash
2025-05-15 16:07:23,252 [INFO] IPUIPlugin:80 - create IPUIPlugin
2025-05-15 16:07:23,252 [INFO] PluginManager:220 - loadIPPluginJar : add i2c
2025-05-15 16:07:23,255 [INFO] IPUIPlugin:80 - create IPUIPlugin
2025-05-15 16:07:23,255 [INFO] PluginManager:220 - loadIPPluginJar : add i2s
2025-05-15 16:07:23,262 [INFO] IPUIPlugin:80 - create IPUIPlugin
2025-05-15 16:07:23,262 [INFO] PluginManager:220 - loadIPPluginJar : add i3c
2025-05-15 16:07:23,269 [INFO] IPUIPlugin:80 - create IPUIPlugin
2025-05-15 16:07:23,269 [INFO] PluginManager:220 - loadIPPluginJar : add ipddr
2025-05-15 16:07:23,284 [INFO] IPUIPlugin:80 - create IPUIPlugin
2025-05-15 16:07:23,284 [INFO] PluginManager:220 - loadIPPluginJar : add linkedlist
2025-05-15 16:07:23,289 [INFO] IPUIPlugin:80 - create IPUIPlugin
2025-05-15 16:07:23,290 [INFO] PluginManager:220 - loadIPPluginJar : add lorawan
2025-05-15 16:07:23,294 [INFO] IPUIPlugin:80 - create IPUIPlugin
2025-05-15 16:07:23,294 [INFO] PluginManager:220 - loadIPPluginJar : add ltdc
2025-05-15 16:07:23,304 [INFO] IPUIPlugin:80 - create IPUIPlugin
2025-05-15 16:07:23,304 [INFO] PluginManager:220 - loadIPPluginJar : add mdma
2025-05-15 16:07:23,339 [INFO] IPUIPlugin:80 - create IPUIPlugin
2025-05-15 16:07:23,339 [INFO] PluginManager:220 - loadIPPluginJar : add nvic
2025-05-15 16:07:23,373 [INFO] IPUIPlugin:80 - create IPUIPlugin
2025-05-15 16:07:23,373 [INFO] PluginManager:220 - loadIPPluginJar : add opamp
2025-05-15 16:07:23,402 [INFO] IPUIPlugin:80 - create IPUIPlugin
2025-05-15 16:07:23,402 [INFO] PluginManager:220 - loadIPPluginJar : add openamp
2025-05-15 16:07:23,424 [INFO] IPUIPlugin:80 - create IPUIPlugin
2025-05-15 16:07:23,424 [INFO] PluginManager:220 - loadIPPluginJar : add pdm2pcm
2025-05-15 16:07:23,434 [INFO] IPUIPlugin:80 - create IPUIPlugin
2025-05-15 16:07:23,438 [INFO] PluginManager:220 - loadIPPluginJar : add plateformsettings
2025-05-15 16:07:23,442 [INFO] IPUIPlugin:80 - create IPUIPlugin
2025-05-15 16:07:23,442 [INFO] PluginManager:220 - loadIPPluginJar : add quadspi
2025-05-15 16:07:23,444 [INFO] IPUIPlugin:80 - create IPUIPlugin
2025-05-15 16:07:23,445 [INFO] PluginManager:220 - loadIPPluginJar : add radio
2025-05-15 16:07:23,453 [INFO] IPUIPlugin:80 - create IPUIPlugin
2025-05-15 16:07:23,453 [INFO] PluginManager:220 - loadIPPluginJar : add resmgrutility
2025-05-15 16:07:23,457 [INFO] IPUIPlugin:80 - create IPUIPlugin
2025-05-15 16:07:23,457 [INFO] PluginManager:220 - loadIPPluginJar : add sai
2025-05-15 16:07:23,463 [INFO] IPUIPlugin:80 - create IPUIPlugin
2025-05-15 16:07:23,463 [INFO] PluginManager:220 - loadIPPluginJar : add spi
2025-05-15 16:07:23,470 [INFO] IPUIPlugin:80 - create IPUIPlugin
2025-05-15 16:07:23,472 [INFO] PluginManager:220 - loadIPPluginJar : add stm32_wpan
2025-05-15 16:07:23,475 [INFO] IPUIPlugin:80 - create IPUIPlugin
2025-05-15 16:07:23,476 [INFO] PluginManager:220 - loadIPPluginJar : add tim
2025-05-15 16:07:23,484 [INFO] IPUIPlugin:80 - create IPUIPlugin
2025-05-15 16:07:23,485 [INFO] PluginManager:220 - loadIPPluginJar : add touchsensing
2025-05-15 16:07:23,497 [INFO] IPUIPlugin:80 - create IPUIPlugin
2025-05-15 16:07:23,497 [INFO] PluginManager:220 - loadIPPluginJar : add tracer_emb
2025-05-15 16:07:23,527 [INFO] IPUIPlugin:80 - create IPUIPlugin
2025-05-15 16:07:23,527 [INFO] PluginManager:220 - loadIPPluginJar : add ts
2025-05-15 16:07:23,576 [INFO] IPUIPlugin:80 - create IPUIPlugin
2025-05-15 16:07:23,576 [INFO] PluginManager:220 - loadIPPluginJar : add tsc
2025-05-15 16:07:23,606 [INFO] IPUIPlugin:80 - create IPUIPlugin
2025-05-15 16:07:23,606 [INFO] PluginManager:220 - loadIPPluginJar : add ucpd
2025-05-15 16:07:23,643 [INFO] IPUIPlugin:80 - create IPUIPlugin
2025-05-15 16:07:23,643 [INFO] PluginManager:220 - loadIPPluginJar : add usart
2025-05-15 16:07:23,703 [INFO] IPUIPlugin:80 - create IPUIPlugin
2025-05-15 16:07:23,703 [INFO] PluginManager:220 - loadIPPluginJar : add usbx
2025-05-15 16:07:23,964 [FATAL] Updater:351 - Updater called before beeing initialized
2025-05-15 16:07:24,139 [INFO] RulesReader:64 - Compatibility file has been processed (302 Rules)
2025-05-15 16:07:24,156 [INFO] RulesReader:64 - Compatibility file has been processed (302 Rules)
2025-05-15 16:07:24,206 [INFO] CADModel:165 - CPN selected for project level
2025-05-15 16:07:24,206 [INFO] CADModel:114 - Register for checkConnection events
2025-05-15 16:07:24,206 [FATAL] Updater:351 - Updater called before beeing initialized
2025-05-15 16:07:24,206 [ERROR] CADModel:125 - Updater not yet initialized, retry later 
2025-05-15 16:07:24,950 [FATAL] Updater:351 - Updater called before beeing initialized
2025-05-15 16:07:24,970 [INFO] CADModel:165 - CPN selected for project level
2025-05-15 16:07:24,971 [INFO] CADModel:114 - Register for checkConnection events
2025-05-15 16:07:24,971 [FATAL] Updater:351 - Updater called before beeing initialized
2025-05-15 16:07:24,971 [ERROR] CADModel:125 - Updater not yet initialized, retry later 
2025-05-15 16:07:25,040 [FATAL] Updater:351 - Updater called before beeing initialized
2025-05-15 16:07:25,255 [FATAL] Updater:351 - Updater called before beeing initialized
2025-05-15 16:07:25,333 [INFO] DbMcusAds:53 - JSON generation date=Thu Mar 06 11:54:22 UYT 2025 (1741272862078)
2025-05-15 16:07:25,333 [FATAL] Updater:351 - Updater called before beeing initialized
2025-05-15 16:07:25,877 [INFO] ThirdPartyUpdaterWithRetryManager:70 - Updater plugin not ready yet. [3/15]
2025-05-15 16:07:25,890 [WARN] DetailPanel:346 - Failed to get advertising image, set to default
2025-05-15 16:07:26,589 [FATAL] Updater:351 - Updater called before beeing initialized
2025-05-15 16:07:26,593 [FATAL] Updater:351 - Updater called before beeing initialized
2025-05-15 16:07:26,593 [FATAL] Updater:351 - Updater called before beeing initialized
2025-05-15 16:07:26,593 [WARN] DetailPanel:346 - Failed to get advertising image, set to default
2025-05-15 16:07:26,594 [FATAL] Updater:351 - Updater called before beeing initialized
2025-05-15 16:07:26,913 [ERROR] Updater:1198 - MainUpdater not yet initialized. External WinMGr cannot be set.
2025-05-15 16:07:26,936 [INFO] Updater:1134 - Updater Version found : 6.14.1
2025-05-15 16:07:27,082 [INFO] ApplicationProperties:184 - Using Application install path: E:\STM\ID\STM32CubeIDE_1.18.1\STM32CubeIDE\plugins\com.st.stm32cube.common.mx_6.14.1.202504091515
2025-05-15 16:07:27,944 [INFO] MainUpdater:2872 - connection check result : 10
2025-05-15 16:07:27,945 [INFO] MainUpdater:289 - Updater Check For Update Now.
2025-05-15 16:07:27,946 [INFO] MicroXplorer:498 - Change Database Version : DB.6.0.141
2025-05-15 16:07:27,977 [INFO] McuFinderGlobals:63 - Set McuFinder mode to 2 (CubeIDE integrated)
2025-05-15 16:07:27,979 [INFO] UserAuth:484 - Internet connection configuration mode: 1
2025-05-15 16:07:28,261 [INFO] JxBrowserEngine:152 - Initiate JxBrowser Engine with user profile folder
2025-05-15 16:07:28,500 [INFO] CheckServerUpdateThread:120 - End of CheckServer Thread
2025-05-15 16:07:29,451 [WARN] PackLoader:240 - Cannot read IP mode file for STMicroelectronics.FP-SNS-MOTENVWB1.1.4.0
2025-05-15 16:07:29,483 [WARN] PackLoader:240 - Cannot read IP mode file for STMicroelectronics.X-CUBE-SMBUS.2.1.0
2025-05-15 16:07:29,589 [WARN] PackLoader:240 - Cannot read IP mode file for STMicroelectronics.X-CUBE-AZRTOS-F7.1.1.0
2025-05-15 16:07:29,659 [WARN] PackLoader:240 - Cannot read IP mode file for Infineon.AIROC-Wi-Fi-Bluetooth-STM32.1.7.0
2025-05-15 16:07:29,694 [WARN] PackLoader:240 - Cannot read IP mode file for STMicroelectronics.X-CUBE-DISPLAY.3.0.0
2025-05-15 16:07:29,724 [WARN] PackLoader:240 - Cannot read IP mode file for STMicroelectronics.X-CUBE-NFC10.1.0.0
2025-05-15 16:07:29,762 [WARN] PackLoader:240 - Cannot read IP mode file for STMicroelectronics.X-CUBE-BLEMGR.4.0.0
2025-05-15 16:07:29,810 [WARN] PackLoader:240 - Cannot read IP mode file for emotas.I-CUBE-CANOPEN.1.3.0
2025-05-15 16:07:29,818 [WARN] ConditionMgr:438 - getConditionDescription Invalid condition id : Cortex-A Device cause : null
2025-05-15 16:07:29,846 [WARN] ConditionMgr:1044 - genDependencies : Invalid condition id : Cortex-A Device cause : null
2025-05-15 16:07:29,847 [WARN] ConditionMgr:1044 - genDependencies : Invalid condition id : Cortex-A Device cause : null
2025-05-15 16:07:29,847 [WARN] ConditionMgr:1044 - genDependencies : Invalid condition id : Cortex-A Device cause : null
2025-05-15 16:07:29,866 [WARN] PackLoader:240 - Cannot read IP mode file for STMicroelectronics.X-CUBE-AI.10.0.0
2025-05-15 16:07:29,877 [WARN] PackLoader:240 - Cannot read IP mode file for STMicroelectronics.FP-SNS-SMARTAG2.1.2.0
2025-05-15 16:07:29,898 [INFO] LogOutputStream:77 - [STDOUT_REDIRECT] 1 : Invalid condition id : UX_CORESTACK_Condition cause : null
2025-05-15 16:07:29,903 [INFO] LogOutputStream:77 - [STDOUT_REDIRECT] 1 : Invalid condition id : UX_CORESTACK_Condition cause : null
2025-05-15 16:07:29,905 [INFO] LogOutputStream:77 - [STDOUT_REDIRECT] 1 : Invalid condition id : UX_CORESTACK_Condition cause : null
2025-05-15 16:07:29,907 [INFO] LogOutputStream:77 - [STDOUT_REDIRECT] 1 : Invalid condition id : UX_CORESTACK_Condition cause : null
2025-05-15 16:07:29,909 [INFO] LogOutputStream:77 - [STDOUT_REDIRECT] 1 : Invalid condition id : UX_CORESTACK_Condition cause : null
2025-05-15 16:07:29,918 [WARN] PackLoader:240 - Cannot read IP mode file for STMicroelectronics.X-CUBE-AZRTOS-WL.2.0.0
2025-05-15 16:07:29,927 [WARN] PackLoader:240 - Cannot read IP mode file for STMicroelectronics.FP-SNS-MOTENV1.5.0.0
2025-05-15 16:07:29,954 [WARN] PackLoader:240 - Cannot read IP mode file for WES.I-CUBE-Cesium.1.3.0
2025-05-15 16:07:29,964 [WARN] PackLoader:240 - Cannot read IP mode file for STMicroelectronics.X-CUBE-BLE2.3.3.0
2025-05-15 16:07:29,976 [WARN] PackLoader:240 - Cannot read IP mode file for STMicroelectronics.X-CUBE-NFC9.1.0.0
2025-05-15 16:07:29,994 [WARN] PackLoader:240 - Cannot read IP mode file for wolfSSL.I-CUBE-wolfSSL.5.8.0
2025-05-15 16:07:30,004 [WARN] PackLoader:240 - Cannot read IP mode file for wolfSSL.I-CUBE-wolfMQTT.1.19.2
2025-05-15 16:07:30,029 [WARN] PackLoader:240 - Cannot read IP mode file for STMicroelectronics.X-CUBE-AZRTOS-G0.1.1.0
2025-05-15 16:07:30,059 [WARN] PackLoader:240 - Cannot read IP mode file for STMicroelectronics.X-CUBE-SAFEA1.1.2.2
2025-05-15 16:07:30,232 [WARN] PackLoader:240 - Cannot read IP mode file for STMicroelectronics.X-CUBE-NFC4.3.0.0
2025-05-15 16:07:30,243 [WARN] PackLoader:240 - Cannot read IP mode file for EmbeddedOffice.I-CUBE-FS-RTOS.1.0.1
2025-05-15 16:07:30,252 [WARN] PackLoader:240 - Cannot read IP mode file for STMicroelectronics.X-CUBE-WB05N.2.0.0
2025-05-15 16:07:30,257 [WARN] PackLoader:240 - Cannot read IP mode file for wolfSSL.I-CUBE-wolfTPM.3.8.0
2025-05-15 16:07:30,265 [WARN] PackLoader:240 - Cannot read IP mode file for STMicroelectronics.X-CUBE-TCPP.4.2.0
2025-05-15 16:07:30,276 [WARN] PackLoader:240 - Cannot read IP mode file for RealThread.X-CUBE-RT-Thread_Nano.4.1.1
2025-05-15 16:07:30,282 [WARN] PackLoader:240 - Cannot read IP mode file for STMicroelectronics.FP-ATR-SIGFOX1.3.2.0
2025-05-15 16:07:30,289 [WARN] PackLoader:240 - Cannot read IP mode file for STMicroelectronics.X-CUBE-EEPRMA1.5.1.0
2025-05-15 16:07:30,327 [WARN] PackLoader:240 - Cannot read IP mode file for ITTIA_DB.I-CUBE-ITTIADB.8.9.0
2025-05-15 16:07:30,371 [WARN] PackLoader:240 - Cannot read IP mode file for SEGGER.I-CUBE-embOS.1.3.1
2025-05-15 16:07:30,473 [WARN] PackLoader:240 - Cannot read IP mode file for STMicroelectronics.X-CUBE-ALGOBUILD.1.4.0
2025-05-15 16:07:30,632 [WARN] PackLoader:240 - Cannot read IP mode file for STMicroelectronics.X-CUBE-AZRTOS-F4.1.1.0
2025-05-15 16:07:30,650 [WARN] PackLoader:240 - Cannot read IP mode file for Avnet-IotConnect.X-CUBE-IoTC-DA16k-PMOD.1.0.0
2025-05-15 16:07:30,661 [WARN] PackLoader:240 - Cannot read IP mode file for STMicroelectronics.X-CUBE-ISPU.2.1.0
2025-05-15 16:07:30,676 [WARN] PackLoader:240 - Cannot read IP mode file for STMicroelectronics.X-CUBE-AZRTOS-L5.2.0.0
2025-05-15 16:07:30,700 [WARN] PackLoader:240 - Cannot read IP mode file for STMicroelectronics.X-CUBE-NFC6.3.1.0
2025-05-15 16:07:30,708 [WARN] PackLoader:240 - Cannot read IP mode file for STMicroelectronics.X-CUBE-FREERTOS.1.3.1
2025-05-15 16:07:30,713 [WARN] PackLoader:240 - Cannot read IP mode file for STMicroelectronics.X-CUBE-FREERTOS.1.3.0
2025-05-15 16:07:30,737 [WARN] ConditionMgr:438 - getConditionDescription Invalid condition id : LAN8742 Phy interface Condition cause : null
2025-05-15 16:07:30,738 [WARN] PackLoader:240 - Cannot read IP mode file for STMicroelectronics.X-CUBE-AZRTOS-L4.2.0.0
2025-05-15 16:07:30,739 [WARN] ConditionMgr:1044 - genDependencies : Invalid condition id : LAN8742 Phy interface Condition cause : null
2025-05-15 16:07:30,740 [WARN] ConditionMgr:1044 - genDependencies : Invalid condition id : LAN8742 Phy interface Condition cause : null
2025-05-15 16:07:30,740 [WARN] ConditionMgr:1044 - genDependencies : Invalid condition id : LAN8742 Phy interface Condition cause : null
2025-05-15 16:07:30,752 [WARN] PackLoader:240 - Cannot read IP mode file for STMicroelectronics.X-CUBE-SFXS2LP1.4.0.0
2025-05-15 16:07:30,800 [WARN] PackLoader:240 - Cannot read IP mode file for STMicroelectronics.X-CUBE-AZRTOS-H7.3.3.0
2025-05-15 16:07:30,837 [WARN] ConditionMgr:438 - getConditionDescription Invalid condition id : UX DEVICE CLASS RTOS Condition cause : null
2025-05-15 16:07:30,855 [WARN] ConditionMgr:438 - getConditionDescription Invalid condition id : UX DEVICE CLASS RTOS Condition cause : null
2025-05-15 16:07:30,858 [WARN] PackLoader:240 - Cannot read IP mode file for STMicroelectronics.X-CUBE-AZRTOS-WB.2.0.0
2025-05-15 16:07:30,859 [WARN] ConditionMgr:1044 - genDependencies : Invalid condition id : UX DEVICE CLASS RTOS Condition cause : null
2025-05-15 16:07:30,860 [WARN] ConditionMgr:1044 - genDependencies : Invalid condition id : UX DEVICE CLASS RTOS Condition cause : null
2025-05-15 16:07:30,860 [WARN] ConditionMgr:1044 - genDependencies : Invalid condition id : UX DEVICE CLASS RTOS Condition cause : null
2025-05-15 16:07:30,903 [WARN] ConditionMgr:1044 - genDependencies : Invalid condition id : UX DEVICE CLASS RTOS Condition cause : null
2025-05-15 16:07:30,903 [WARN] ConditionMgr:1044 - genDependencies : Invalid condition id : UX DEVICE CLASS RTOS Condition cause : null
2025-05-15 16:07:30,948 [WARN] PackLoader:240 - Cannot read IP mode file for STMicroelectronics.X-CUBE-GNSS1.7.0.1
2025-05-15 16:07:31,007 [WARN] PackLoader:240 - Cannot read IP mode file for STMicroelectronics.FP-SNS-STBOX1.2.0.0
2025-05-15 16:07:31,174 [WARN] PackLoader:240 - Cannot read IP mode file for STMicroelectronics.X-CUBE-SUBG2.5.0.0
2025-05-15 16:07:31,206 [WARN] PackLoader:240 - Cannot read IP mode file for STMicroelectronics.X-CUBE-AZRTOS-H7RS.1.1.0
2025-05-15 16:07:31,244 [WARN] PackLoader:240 - Cannot read IP mode file for Cesanta.I-CUBE-Mongoose.7.13.0
2025-05-15 16:07:31,348 [WARN] PackLoader:240 - Cannot read IP mode file for STMicroelectronics.X-CUBE-AZRTOS-G4.2.0.0
2025-05-15 16:07:31,364 [WARN] PackLoader:240 - Cannot read IP mode file for wolfSSL.I-CUBE-wolfSSH.1.4.20
2025-05-15 16:07:31,452 [WARN] PackLoader:240 - Cannot read IP mode file for STMicroelectronics.X-CUBE-IPS.3.1.0
2025-05-15 16:07:31,475 [WARN] PackLoader:240 - Cannot read IP mode file for STMicroelectronics.X-CUBE-ALS.1.0.2
2025-05-15 16:07:31,493 [WARN] PackLoader:240 - Cannot read IP mode file for portGmbH.I-Cube-SoM-uGOAL.1.1.0
2025-05-15 16:07:31,501 [INFO] ThirdParty:978 - Integrity check success = true
2025-05-15 16:07:31,502 [INFO] IntegrityCheckThread:100 - exiting critical section [integrity check]
2025-05-15 16:07:31,502 [INFO] IntegrityCheckThread:103 - End integrity checks thread
2025-05-15 16:07:32,004 [INFO] WebApp:169 - Instantiating new browser for Auth
2025-05-15 16:07:34,145 [INFO] WebApp:463 - Apply proxy settings
2025-05-15 16:07:34,147 [INFO] WebApp:548 - Chromium requires no authentication
2025-05-15 16:07:34,232 [INFO] WebApp:491 - Direct internet connection detected
2025-05-15 16:07:34,355 [INFO] WebApp:894 - Register for checkConnection events
2025-05-15 16:07:34,355 [INFO] WebApp:463 - Apply proxy settings
2025-05-15 16:07:34,355 [INFO] WebApp:548 - Chromium requires no authentication
2025-05-15 16:07:34,355 [INFO] WebApp:491 - Direct internet connection detected
2025-05-15 16:07:34,482 [INFO] WebApp:191 - Connection restablished
2025-05-15 16:07:35,034 [INFO] WebApp:225 - Starting web application
2025-05-15 16:07:35,034 [INFO] WebApp:593 - Web application path used E:\STM\ID\STM32CubeIDE_1.18.1\STM32CubeIDE\plugins\com.st.stm32cube.common.mx_6.14.1.202504091515\db\plugins\mcufinder\reactClient1\index.html
2025-05-15 16:07:35,376 [INFO] UserAuth:484 - Internet connection configuration mode: 1
