2025-06-06 12:28:16,494 [ERROR] LogOutputStream:75 - [STDERR_REDIRECT] 
2025-06-06 14:18:12,998 [INFO] Activator:176 - 


2025-06-06 14:18:13,012 [INFO] Activator:177 - !SESSION log4j initialized
2025-06-06 14:18:24,852 [INFO] LogOutputStream:77 - [STDOUT_REDIRECT] 
2025-06-06 14:18:32,349 [INFO] ApplicationProperties:184 - Using Application install path: E:\STM\ID\STM32CubeIDE_1.18.1\STM32CubeIDE\plugins\com.st.stm32cube.common.mx_6.14.1.202504091515
2025-06-06 14:18:32,416 [INFO] DbMcusXml:78 - Set database path to: E:\STM\ID\STM32CubeIDE_1.18.1\STM32CubeIDE\plugins\com.st.stm32cube.common.mx_6.14.1.202504091515\\db\/mcu/
2025-06-06 14:18:32,417 [INFO] ApiDb:274 - Set plugin database path to: E:\STM\ID\STM32CubeIDE_1.18.1\STM32CubeIDE\plugins\com.st.stm32cube.common.mx_6.14.1.202504091515\\db\/plugins/boardmanager/
2025-06-06 14:18:32,417 [WARN] ApiDb:259 - Overriding images path with different value:  => E:\STM\ID\STM32CubeIDE_1.18.1\STM32CubeIDE\plugins\com.st.stm32cube.common.mx_6.14.1.202504091515\\db\/plugins/mcufinder/images/
2025-06-06 14:18:32,427 [INFO] ApiDb:250 - Set database path to: C:\Users\santi\.stmcufinder\plugins\mcufinder//mcu/
2025-06-06 14:18:32,428 [INFO] DbMcusAds:125 - Set database path to: C:\Users\santi\.stmcufinder\plugins\mcufinder//mcu/
2025-06-06 14:18:32,430 [INFO] CrossReferenceDbSqlite:203 - Set database path to: C:\Users\santi\.stmcufinder\plugins\mcufinder//mcu/cs/
2025-06-06 14:18:32,617 [INFO] RulesReader:64 - Compatibility file has been processed (302 Rules)
2025-06-06 14:18:32,798 [INFO] DbMcusXml:78 - Set database path to: E:\STM\ID\STM32CubeIDE_1.18.1\STM32CubeIDE\plugins\com.st.stm32cube.common.mx_6.14.1.202504091515\\db\/mcu/
2025-06-06 14:18:32,799 [INFO] ApiDb:274 - Set plugin database path to: E:\STM\ID\STM32CubeIDE_1.18.1\STM32CubeIDE\plugins\com.st.stm32cube.common.mx_6.14.1.202504091515\\db\/plugins/boardmanager/
2025-06-06 14:18:32,799 [INFO] ApiDb:261 - Set plugin images path to: E:\STM\ID\STM32CubeIDE_1.18.1\STM32CubeIDE\plugins\com.st.stm32cube.common.mx_6.14.1.202504091515\\db\/plugins/mcufinder/images/
2025-06-06 14:18:32,799 [WARN] DbFile:41 - Overriding database path with different value: C:\Users\santi\.stmcufinder\plugins\mcufinder/ => C:\Users\santi\.stmcufinder\plugins\mcufinder
2025-06-06 14:18:32,799 [INFO] ApiDb:250 - Set database path to: C:\Users\santi\.stmcufinder\plugins\mcufinder//mcu/
2025-06-06 14:18:32,799 [WARN] DbFile:41 - Overriding database path with different value: C:\Users\santi\.stmcufinder\plugins\mcufinder/ => C:\Users\santi\.stmcufinder\plugins\mcufinder
2025-06-06 14:18:32,799 [INFO] DbMcusAds:125 - Set database path to: C:\Users\santi\.stmcufinder\plugins\mcufinder//mcu/
2025-06-06 14:18:32,799 [WARN] DbFile:41 - Overriding database path with different value: C:\Users\santi\.stmcufinder\plugins\mcufinder/ => C:\Users\santi\.stmcufinder\plugins\mcufinder
2025-06-06 14:18:32,799 [WARN] DbFile:41 - Overriding database path with different value: C:\Users\santi\.stmcufinder\plugins\mcufinder/ => C:\Users\santi\.stmcufinder\plugins\mcufinder
2025-06-06 14:18:32,799 [INFO] CrossReferenceDbSqlite:203 - Set database path to: C:\Users\santi\.stmcufinder\plugins\mcufinder//mcu/cs/
2025-06-06 14:18:33,029 [INFO] MainPanel:272 - HeapMemory: 268435456
2025-06-06 14:18:33,267 [INFO] DbMcusXml:78 - Set database path to: E:\STM\ID\STM32CubeIDE_1.18.1\STM32CubeIDE\plugins\com.st.stm32cube.common.mx_6.14.1.202504091515\\db\/mcu/
2025-06-06 14:18:33,267 [INFO] ApiDb:274 - Set plugin database path to: E:\STM\ID\STM32CubeIDE_1.18.1\STM32CubeIDE\plugins\com.st.stm32cube.common.mx_6.14.1.202504091515\\db\/plugins/boardmanager/
2025-06-06 14:18:33,267 [INFO] ApiDb:261 - Set plugin images path to: E:\STM\ID\STM32CubeIDE_1.18.1\STM32CubeIDE\plugins\com.st.stm32cube.common.mx_6.14.1.202504091515\\db\/plugins/mcufinder/images/
2025-06-06 14:18:33,268 [WARN] DbFile:41 - Overriding database path with different value: C:\Users\santi\.stmcufinder\plugins\mcufinder/ => C:\Users\santi\.stmcufinder\plugins\mcufinder
2025-06-06 14:18:33,268 [INFO] ApiDb:250 - Set database path to: C:\Users\santi\.stmcufinder\plugins\mcufinder//mcu/
2025-06-06 14:18:33,268 [WARN] DbFile:41 - Overriding database path with different value: C:\Users\santi\.stmcufinder\plugins\mcufinder/ => C:\Users\santi\.stmcufinder\plugins\mcufinder
2025-06-06 14:18:33,268 [INFO] DbMcusAds:125 - Set database path to: C:\Users\santi\.stmcufinder\plugins\mcufinder//mcu/
2025-06-06 14:18:33,268 [WARN] DbFile:41 - Overriding database path with different value: C:\Users\santi\.stmcufinder\plugins\mcufinder/ => C:\Users\santi\.stmcufinder\plugins\mcufinder
2025-06-06 14:18:33,268 [WARN] DbFile:41 - Overriding database path with different value: C:\Users\santi\.stmcufinder\plugins\mcufinder/ => C:\Users\santi\.stmcufinder\plugins\mcufinder
2025-06-06 14:18:33,268 [INFO] CrossReferenceDbSqlite:203 - Set database path to: C:\Users\santi\.stmcufinder\plugins\mcufinder//mcu/cs/
2025-06-06 14:18:33,306 [INFO] ApplicationProperties:184 - Using Application install path: E:\STM\ID\STM32CubeIDE_1.18.1\STM32CubeIDE\plugins\com.st.stm32cube.common.mx_6.14.1.202504091515
2025-06-06 14:18:33,307 [INFO] PluginManage:196 - Search for loadable plugins [exclusion list=, ]
2025-06-06 14:18:33,309 [INFO] PluginManage:310 - Check plugin analytics
2025-06-06 14:18:38,647 [INFO] AnalyticsPlugin:253 - Accepted Software Licenses: STM32CubeMX.6.14.1
2025-06-06 14:18:38,647 [INFO] AnalyticsPlugin:255 - Accepted CMSIS Pack Licenses: 
2025-06-06 14:18:38,647 [INFO] AnalyticsPlugin:257 - Accepted Firmware Licenses: FW.F4.1.28.0
2025-06-06 14:18:38,649 [INFO] PluginManage:359 - Loaded plugin analytics (category:tool,tabindex:-1)
2025-06-06 14:18:38,649 [INFO] PluginManage:310 - Check plugin cadmodel
2025-06-06 14:18:38,670 [INFO] CADModel:105 - Init CAD model plugin
2025-06-06 14:18:38,670 [INFO] PluginManage:359 - Loaded plugin cadmodel (category:power,tabindex:5)
2025-06-06 14:18:38,673 [INFO] PluginManage:310 - Check plugin clock
2025-06-06 14:18:38,726 [INFO] PluginManage:359 - Loaded plugin clock (category:base,tabindex:2)
2025-06-06 14:18:38,727 [INFO] PluginManage:310 - Check plugin ddr
2025-06-06 14:18:38,741 [INFO] PluginManage:359 - Loaded plugin ddr (category:tool,tabindex:6)
2025-06-06 14:18:38,742 [INFO] PluginManage:310 - Check plugin filemanager
2025-06-06 14:18:39,069 [INFO] PluginManage:359 - Loaded plugin filemanager (category:base,tabindex:10)
2025-06-06 14:18:39,069 [INFO] PluginManage:310 - Check plugin ipmanager
2025-06-06 14:18:39,081 [INFO] PluginManage:359 - Loaded plugin ipmanager (category:base,tabindex:5)
2025-06-06 14:18:39,082 [INFO] PluginManage:310 - Check plugin lpbam
2025-06-06 14:18:39,095 [INFO] PluginManage:359 - Loaded plugin lpbam (category:base,tabindex:0)
2025-06-06 14:18:39,095 [INFO] PluginManage:310 - Check plugin memorymap
2025-06-06 14:18:39,130 [INFO] PluginManage:359 - Loaded plugin memorymap (category:base,tabindex:4)
2025-06-06 14:18:39,130 [INFO] PluginManage:310 - Check plugin pinoutandconfiguration
2025-06-06 14:18:39,166 [INFO] PluginManage:359 - Loaded plugin pinoutandconfiguration (category:base,tabindex:1)
2025-06-06 14:18:39,167 [INFO] PluginManage:310 - Check plugin pinoutconfig
2025-06-06 14:18:39,378 [WARN] SupportedApi:132 - Cannot load RTOS API schema: s4s-elt-must-match.1: The content of 'definitions' must match (annotation?, (simpleType | complexType)?, (unique | key | keyref)*)). A problem was found starting at: attribute.
2025-06-06 14:18:39,639 [INFO] PluginManage:359 - Loaded plugin pinoutconfig (category:base,tabindex:0)
2025-06-06 14:18:39,639 [INFO] PluginManage:310 - Check plugin power
2025-06-06 14:18:39,691 [INFO] PluginManage:359 - Loaded plugin power (category:power,tabindex:4)
2025-06-06 14:18:39,691 [INFO] PluginManage:310 - Check plugin projectmanager
2025-06-06 14:18:39,714 [INFO] PluginManage:359 - Loaded plugin projectmanager (category:projectmanager,tabindex:4)
2025-06-06 14:18:39,714 [INFO] PluginManage:310 - Check plugin rif
2025-06-06 14:18:39,729 [INFO] PluginManage:359 - Loaded plugin rif (category:base,tabindex:3)
2025-06-06 14:18:39,729 [INFO] PluginManage:310 - Check plugin thirdparty
2025-06-06 14:18:40,189 [INFO] PluginManage:359 - Loaded plugin thirdparty (category:base,tabindex:-1)
2025-06-06 14:18:40,190 [INFO] PluginManage:310 - Check plugin tools
2025-06-06 14:18:40,191 [WARN] IntegrityCheckThread:84 - waiting for thirdparty lock release [integrity check]
2025-06-06 14:18:40,191 [INFO] IntegrityCheckThread:86 - entering critical section [integrity check]
2025-06-06 14:18:40,192 [INFO] ThirdPartyUpdaterWithRetryManager:70 - Updater plugin not ready yet. [1/15]
2025-06-06 14:18:40,193 [INFO] PluginManage:359 - Loaded plugin tools (category:base,tabindex:7)
2025-06-06 14:18:40,194 [INFO] PluginManage:310 - Check plugin tutovideos
2025-06-06 14:18:40,553 [INFO] PluginManage:359 - Loaded plugin tutovideos (category:base,tabindex:-1)
2025-06-06 14:18:40,554 [INFO] PluginManage:310 - Check plugin updater
2025-06-06 14:18:40,600 [INFO] PluginManage:359 - Loaded plugin updater (category:base,tabindex:12)
2025-06-06 14:18:40,600 [INFO] PluginManage:310 - Check plugin userauth
2025-06-06 14:18:40,624 [INFO] UserAuth:118 - Init User Auth plugin
2025-06-06 14:18:40,626 [INFO] PluginManage:359 - Loaded plugin userauth (category:base,tabindex:14)
2025-06-06 14:18:40,627 [INFO] PluginManage:283 - PluginManage : Loaded plugins [18]
2025-06-06 14:18:41,117 [INFO] PinOutPanel:1589 - setPackage(No Configuration,No Configuration)
2025-06-06 14:18:41,263 [INFO] CADModel:165 - CPN selected for project level
2025-06-06 14:18:41,264 [INFO] CADModel:114 - Register for checkConnection events
2025-06-06 14:18:41,320 [INFO] IPUIPlugin:80 - create IPUIPlugin
2025-06-06 14:18:41,320 [INFO] PluginManager:220 - loadIPPluginJar : add adc
2025-06-06 14:18:41,326 [INFO] IPUIPlugin:80 - create IPUIPlugin
2025-06-06 14:18:41,327 [INFO] PluginManager:220 - loadIPPluginJar : add aes
2025-06-06 14:18:41,344 [INFO] IPUIPlugin:80 - create IPUIPlugin
2025-06-06 14:18:41,344 [INFO] PluginManager:220 - loadIPPluginJar : add can
2025-06-06 14:18:41,349 [INFO] IPUIPlugin:80 - create IPUIPlugin
2025-06-06 14:18:41,349 [INFO] PluginManager:220 - loadIPPluginJar : add comp
2025-06-06 14:18:41,351 [INFO] IPUIPlugin:80 - create IPUIPlugin
2025-06-06 14:18:41,352 [INFO] PluginManager:220 - loadIPPluginJar : add cryp
2025-06-06 14:18:41,386 [INFO] IPUIPlugin:80 - create IPUIPlugin
2025-06-06 14:18:41,386 [INFO] PluginManager:220 - loadIPPluginJar : add ddr_ctrl_phy
2025-06-06 14:18:41,395 [INFO] IPUIPlugin:80 - create IPUIPlugin
2025-06-06 14:18:41,395 [INFO] PluginManager:220 - loadIPPluginJar : add dfsdm
2025-06-06 14:18:41,402 [INFO] IPUIPlugin:80 - create IPUIPlugin
2025-06-06 14:18:41,402 [INFO] PluginManager:220 - loadIPPluginJar : add dma
2025-06-06 14:18:41,407 [INFO] IPUIPlugin:80 - create IPUIPlugin
2025-06-06 14:18:41,408 [INFO] PluginManager:220 - loadIPPluginJar : add dma3
2025-06-06 14:18:41,413 [INFO] IPUIPlugin:80 - create IPUIPlugin
2025-06-06 14:18:41,413 [INFO] PluginManager:220 - loadIPPluginJar : add extmemmanager
2025-06-06 14:18:41,415 [INFO] IPUIPlugin:80 - create IPUIPlugin
2025-06-06 14:18:41,415 [INFO] PluginManager:220 - loadIPPluginJar : add fatfs
2025-06-06 14:18:41,421 [INFO] IPUIPlugin:80 - create IPUIPlugin
2025-06-06 14:18:41,421 [INFO] PluginManager:220 - loadIPPluginJar : add fmc
2025-06-06 14:18:41,448 [INFO] IPUIPlugin:80 - create IPUIPlugin
2025-06-06 14:18:41,448 [INFO] PluginManager:220 - loadIPPluginJar : add freertos
2025-06-06 14:18:41,450 [INFO] IPUIPlugin:80 - create IPUIPlugin
2025-06-06 14:18:41,450 [INFO] PluginManager:220 - loadIPPluginJar : add genericplugin
2025-06-06 14:18:41,453 [INFO] IPUIPlugin:80 - create IPUIPlugin
2025-06-06 14:18:41,454 [INFO] PluginManager:220 - loadIPPluginJar : add gfxmmu
2025-06-06 14:18:41,464 [INFO] IPUIPlugin:80 - create IPUIPlugin
2025-06-06 14:18:41,465 [INFO] PluginManager:220 - loadIPPluginJar : add gic
2025-06-06 14:18:41,469 [INFO] IPUIPlugin:80 - create IPUIPlugin
2025-06-06 14:18:41,469 [INFO] PluginManager:220 - loadIPPluginJar : add gpio
2025-06-06 14:18:41,476 [INFO] IPUIPlugin:80 - create IPUIPlugin
2025-06-06 14:18:41,476 [INFO] PluginManager:220 - loadIPPluginJar : add gtzc
2025-06-06 14:18:41,483 [INFO] IPUIPlugin:80 - create IPUIPlugin
2025-06-06 14:18:41,483 [INFO] PluginManager:220 - loadIPPluginJar : add hash
2025-06-06 14:18:41,487 [INFO] IPUIPlugin:80 - create IPUIPlugin
2025-06-06 14:18:41,488 [INFO] PluginManager:220 - loadIPPluginJar : add i2c
2025-06-06 14:18:41,492 [INFO] IPUIPlugin:80 - create IPUIPlugin
2025-06-06 14:18:41,492 [INFO] PluginManager:220 - loadIPPluginJar : add i2s
2025-06-06 14:18:41,496 [INFO] IPUIPlugin:80 - create IPUIPlugin
2025-06-06 14:18:41,497 [INFO] PluginManager:220 - loadIPPluginJar : add i3c
2025-06-06 14:18:41,505 [INFO] IPUIPlugin:80 - create IPUIPlugin
2025-06-06 14:18:41,505 [INFO] PluginManager:220 - loadIPPluginJar : add ipddr
2025-06-06 14:18:41,515 [INFO] IPUIPlugin:80 - create IPUIPlugin
2025-06-06 14:18:41,515 [INFO] PluginManager:220 - loadIPPluginJar : add linkedlist
2025-06-06 14:18:41,521 [INFO] IPUIPlugin:80 - create IPUIPlugin
2025-06-06 14:18:41,522 [INFO] PluginManager:220 - loadIPPluginJar : add lorawan
2025-06-06 14:18:41,524 [INFO] IPUIPlugin:80 - create IPUIPlugin
2025-06-06 14:18:41,524 [INFO] PluginManager:220 - loadIPPluginJar : add ltdc
2025-06-06 14:18:41,532 [INFO] IPUIPlugin:80 - create IPUIPlugin
2025-06-06 14:18:41,532 [INFO] PluginManager:220 - loadIPPluginJar : add mdma
2025-06-06 14:18:41,551 [INFO] IPUIPlugin:80 - create IPUIPlugin
2025-06-06 14:18:41,552 [INFO] PluginManager:220 - loadIPPluginJar : add nvic
2025-06-06 14:18:41,556 [INFO] IPUIPlugin:80 - create IPUIPlugin
2025-06-06 14:18:41,557 [INFO] PluginManager:220 - loadIPPluginJar : add opamp
2025-06-06 14:18:41,560 [INFO] IPUIPlugin:80 - create IPUIPlugin
2025-06-06 14:18:41,560 [INFO] PluginManager:220 - loadIPPluginJar : add openamp
2025-06-06 14:18:41,564 [INFO] IPUIPlugin:80 - create IPUIPlugin
2025-06-06 14:18:41,566 [INFO] PluginManager:220 - loadIPPluginJar : add pdm2pcm
2025-06-06 14:18:41,576 [INFO] IPUIPlugin:80 - create IPUIPlugin
2025-06-06 14:18:41,578 [INFO] PluginManager:220 - loadIPPluginJar : add plateformsettings
2025-06-06 14:18:41,580 [INFO] IPUIPlugin:80 - create IPUIPlugin
2025-06-06 14:18:41,580 [INFO] PluginManager:220 - loadIPPluginJar : add quadspi
2025-06-06 14:18:41,585 [INFO] IPUIPlugin:80 - create IPUIPlugin
2025-06-06 14:18:41,586 [INFO] PluginManager:220 - loadIPPluginJar : add radio
2025-06-06 14:18:41,593 [INFO] IPUIPlugin:80 - create IPUIPlugin
2025-06-06 14:18:41,593 [INFO] PluginManager:220 - loadIPPluginJar : add resmgrutility
2025-06-06 14:18:41,596 [INFO] IPUIPlugin:80 - create IPUIPlugin
2025-06-06 14:18:41,596 [INFO] PluginManager:220 - loadIPPluginJar : add sai
2025-06-06 14:18:41,602 [INFO] IPUIPlugin:80 - create IPUIPlugin
2025-06-06 14:18:41,603 [INFO] PluginManager:220 - loadIPPluginJar : add spi
2025-06-06 14:18:41,613 [INFO] IPUIPlugin:80 - create IPUIPlugin
2025-06-06 14:18:41,614 [INFO] PluginManager:220 - loadIPPluginJar : add stm32_wpan
2025-06-06 14:18:41,616 [INFO] IPUIPlugin:80 - create IPUIPlugin
2025-06-06 14:18:41,616 [INFO] PluginManager:220 - loadIPPluginJar : add tim
2025-06-06 14:18:41,623 [INFO] IPUIPlugin:80 - create IPUIPlugin
2025-06-06 14:18:41,624 [INFO] PluginManager:220 - loadIPPluginJar : add touchsensing
2025-06-06 14:18:41,637 [INFO] IPUIPlugin:80 - create IPUIPlugin
2025-06-06 14:18:41,637 [INFO] PluginManager:220 - loadIPPluginJar : add tracer_emb
2025-06-06 14:18:41,648 [INFO] IPUIPlugin:80 - create IPUIPlugin
2025-06-06 14:18:41,648 [INFO] PluginManager:220 - loadIPPluginJar : add ts
2025-06-06 14:18:41,663 [INFO] IPUIPlugin:80 - create IPUIPlugin
2025-06-06 14:18:41,664 [INFO] PluginManager:220 - loadIPPluginJar : add tsc
2025-06-06 14:18:41,677 [INFO] IPUIPlugin:80 - create IPUIPlugin
2025-06-06 14:18:41,677 [INFO] PluginManager:220 - loadIPPluginJar : add ucpd
2025-06-06 14:18:41,687 [INFO] IPUIPlugin:80 - create IPUIPlugin
2025-06-06 14:18:41,687 [INFO] PluginManager:220 - loadIPPluginJar : add usart
2025-06-06 14:18:41,703 [INFO] IPUIPlugin:80 - create IPUIPlugin
2025-06-06 14:18:41,703 [INFO] PluginManager:220 - loadIPPluginJar : add usbx
2025-06-06 14:18:41,853 [FATAL] Updater:351 - Updater called before beeing initialized
2025-06-06 14:18:41,915 [INFO] RulesReader:64 - Compatibility file has been processed (302 Rules)
2025-06-06 14:18:41,928 [INFO] RulesReader:64 - Compatibility file has been processed (302 Rules)
2025-06-06 14:18:41,938 [INFO] CADModel:165 - CPN selected for project level
2025-06-06 14:18:41,938 [INFO] CADModel:114 - Register for checkConnection events
2025-06-06 14:18:41,938 [FATAL] Updater:351 - Updater called before beeing initialized
2025-06-06 14:18:41,938 [ERROR] CADModel:125 - Updater not yet initialized, retry later 
2025-06-06 14:18:42,197 [FATAL] Updater:351 - Updater called before beeing initialized
2025-06-06 14:18:42,221 [INFO] CADModel:165 - CPN selected for project level
2025-06-06 14:18:42,221 [INFO] CADModel:114 - Register for checkConnection events
2025-06-06 14:18:42,221 [FATAL] Updater:351 - Updater called before beeing initialized
2025-06-06 14:18:42,221 [ERROR] CADModel:125 - Updater not yet initialized, retry later 
2025-06-06 14:18:42,254 [FATAL] Updater:351 - Updater called before beeing initialized
2025-06-06 14:18:42,443 [FATAL] Updater:351 - Updater called before beeing initialized
2025-06-06 14:18:42,453 [INFO] DbMcusAds:53 - JSON generation date=Wed May 07 06:07:55 UYT 2025 (1746608875484)
2025-06-06 14:18:42,454 [FATAL] Updater:351 - Updater called before beeing initialized
2025-06-06 14:18:42,557 [WARN] DetailPanel:346 - Failed to get advertising image, set to default
2025-06-06 14:18:42,844 [FATAL] Updater:351 - Updater called before beeing initialized
2025-06-06 14:18:42,848 [FATAL] Updater:351 - Updater called before beeing initialized
2025-06-06 14:18:42,848 [FATAL] Updater:351 - Updater called before beeing initialized
2025-06-06 14:18:42,848 [WARN] DetailPanel:346 - Failed to get advertising image, set to default
2025-06-06 14:18:42,849 [FATAL] Updater:351 - Updater called before beeing initialized
2025-06-06 14:18:42,958 [ERROR] Updater:1198 - MainUpdater not yet initialized. External WinMGr cannot be set.
2025-06-06 14:18:42,974 [INFO] Updater:1134 - Updater Version found : 6.14.1
2025-06-06 14:18:43,011 [INFO] ApplicationProperties:184 - Using Application install path: E:\STM\ID\STM32CubeIDE_1.18.1\STM32CubeIDE\plugins\com.st.stm32cube.common.mx_6.14.1.202504091515
2025-06-06 14:18:43,193 [INFO] ThirdPartyUpdaterWithRetryManager:70 - Updater plugin not ready yet. [2/15]
2025-06-06 14:18:43,544 [INFO] MainUpdater:2872 - connection check result : 10
2025-06-06 14:18:43,547 [INFO] MainUpdater:289 - Updater Check For Update Now.
2025-06-06 14:18:43,547 [INFO] MicroXplorer:498 - Change Database Version : DB.6.0.141
2025-06-06 14:18:43,573 [INFO] McuFinderGlobals:63 - Set McuFinder mode to 2 (CubeIDE integrated)
2025-06-06 14:18:43,575 [INFO] UserAuth:484 - Internet connection configuration mode: 1
2025-06-06 14:18:43,714 [INFO] JxBrowserEngine:152 - Initiate JxBrowser Engine with user profile folder
2025-06-06 14:18:43,852 [INFO] CheckServerUpdateThread:120 - End of CheckServer Thread
2025-06-06 14:18:45,604 [INFO] WebApp:169 - Instantiating new browser for Auth
2025-06-06 14:18:46,797 [WARN] PackLoader:240 - Cannot read IP mode file for STMicroelectronics.FP-SNS-MOTENVWB1.1.4.0
2025-06-06 14:18:46,819 [WARN] PackLoader:240 - Cannot read IP mode file for STMicroelectronics.X-CUBE-SMBUS.2.1.0
2025-06-06 14:18:46,826 [WARN] PackLoader:240 - Cannot read IP mode file for STMicroelectronics.X-CUBE-ST60.1.0.0
2025-06-06 14:18:46,904 [WARN] PackLoader:240 - Cannot read IP mode file for STMicroelectronics.X-CUBE-AZRTOS-F7.1.1.0
2025-06-06 14:18:47,157 [WARN] PackLoader:240 - Cannot read IP mode file for Infineon.AIROC-Wi-Fi-Bluetooth-STM32.1.7.0
2025-06-06 14:18:47,239 [WARN] PackLoader:240 - Cannot read IP mode file for STMicroelectronics.X-CUBE-DISPLAY.3.0.0
2025-06-06 14:18:47,288 [WARN] PackLoader:240 - Cannot read IP mode file for STMicroelectronics.X-CUBE-NFC10.1.0.0
2025-06-06 14:18:47,312 [INFO] WebApp:463 - Apply proxy settings
2025-06-06 14:18:47,312 [INFO] WebApp:548 - Chromium requires no authentication
2025-06-06 14:18:47,332 [WARN] PackLoader:240 - Cannot read IP mode file for STMicroelectronics.X-CUBE-BLEMGR.4.0.0
2025-06-06 14:18:47,334 [INFO] WebApp:491 - Direct internet connection detected
2025-06-06 14:18:47,399 [WARN] PackLoader:240 - Cannot read IP mode file for emotas.I-CUBE-CANOPEN.1.3.0
2025-06-06 14:18:47,416 [WARN] ConditionMgr:438 - getConditionDescription Invalid condition id : Cortex-A Device cause : null
2025-06-06 14:18:47,443 [INFO] WebApp:894 - Register for checkConnection events
2025-06-06 14:18:47,444 [INFO] WebApp:463 - Apply proxy settings
2025-06-06 14:18:47,444 [INFO] WebApp:548 - Chromium requires no authentication
2025-06-06 14:18:47,446 [INFO] WebApp:491 - Direct internet connection detected
2025-06-06 14:18:47,515 [WARN] ConditionMgr:1044 - genDependencies : Invalid condition id : Cortex-A Device cause : null
2025-06-06 14:18:47,515 [WARN] ConditionMgr:1044 - genDependencies : Invalid condition id : Cortex-A Device cause : null
2025-06-06 14:18:47,515 [WARN] ConditionMgr:1044 - genDependencies : Invalid condition id : Cortex-A Device cause : null
2025-06-06 14:18:47,547 [WARN] PackLoader:240 - Cannot read IP mode file for STMicroelectronics.X-CUBE-AI.10.0.0
2025-06-06 14:18:47,561 [WARN] PackLoader:240 - Cannot read IP mode file for STMicroelectronics.FP-SNS-SMARTAG2.1.2.0
2025-06-06 14:18:47,578 [INFO] LogOutputStream:77 - [STDOUT_REDIRECT] 1 : Invalid condition id : UX_CORESTACK_Condition cause : null
2025-06-06 14:18:47,579 [INFO] LogOutputStream:77 - [STDOUT_REDIRECT] 1 : Invalid condition id : UX_CORESTACK_Condition cause : null
2025-06-06 14:18:47,581 [INFO] LogOutputStream:77 - [STDOUT_REDIRECT] 1 : Invalid condition id : UX_CORESTACK_Condition cause : null
2025-06-06 14:18:47,582 [INFO] LogOutputStream:77 - [STDOUT_REDIRECT] 1 : Invalid condition id : UX_CORESTACK_Condition cause : null
2025-06-06 14:18:47,584 [INFO] LogOutputStream:77 - [STDOUT_REDIRECT] 1 : Invalid condition id : UX_CORESTACK_Condition cause : null
2025-06-06 14:18:47,591 [WARN] PackLoader:240 - Cannot read IP mode file for STMicroelectronics.X-CUBE-AZRTOS-WL.2.0.0
2025-06-06 14:18:47,605 [WARN] PackLoader:240 - Cannot read IP mode file for STMicroelectronics.FP-SNS-MOTENV1.5.0.0
2025-06-06 14:18:47,617 [WARN] PackLoader:240 - Cannot read IP mode file for WES.I-CUBE-Cesium.1.3.0
2025-06-06 14:18:47,629 [WARN] PackLoader:240 - Cannot read IP mode file for STMicroelectronics.X-CUBE-BLE2.3.3.0
2025-06-06 14:18:47,639 [WARN] PackLoader:240 - Cannot read IP mode file for STMicroelectronics.X-CUBE-NFC9.1.0.0
2025-06-06 14:18:47,717 [WARN] PackLoader:240 - Cannot read IP mode file for wolfSSL.I-CUBE-wolfSSL.5.8.0
2025-06-06 14:18:47,731 [INFO] WebApp:191 - Connection restablished
2025-06-06 14:18:47,806 [WARN] PackLoader:240 - Cannot read IP mode file for wolfSSL.I-CUBE-wolfMQTT.1.19.2
2025-06-06 14:18:47,824 [WARN] PackLoader:240 - Cannot read IP mode file for STMicroelectronics.X-CUBE-AI.10.1.0
2025-06-06 14:18:47,948 [WARN] PackLoader:240 - Cannot read IP mode file for STMicroelectronics.X-CUBE-AZRTOS-G0.1.1.0
2025-06-06 14:18:48,043 [WARN] PackLoader:240 - Cannot read IP mode file for STMicroelectronics.X-CUBE-SAFEA1.1.2.2
2025-06-06 14:18:48,076 [WARN] PackLoader:240 - Cannot read IP mode file for STMicroelectronics.X-CUBE-NFC4.3.0.0
2025-06-06 14:18:48,157 [INFO] WebApp:225 - Starting web application
2025-06-06 14:18:48,158 [INFO] WebApp:593 - Web application path used E:\STM\ID\STM32CubeIDE_1.18.1\STM32CubeIDE\plugins\com.st.stm32cube.common.mx_6.14.1.202504091515\db\plugins\mcufinder\reactClient1\index.html
2025-06-06 14:18:48,193 [WARN] PackLoader:240 - Cannot read IP mode file for EmbeddedOffice.I-CUBE-FS-RTOS.1.0.1
2025-06-06 14:18:48,229 [WARN] PackLoader:240 - Cannot read IP mode file for STMicroelectronics.X-CUBE-WB05N.2.0.0
2025-06-06 14:18:48,247 [WARN] PackLoader:240 - Cannot read IP mode file for wolfSSL.I-CUBE-wolfTPM.3.8.0
2025-06-06 14:18:48,295 [WARN] PackLoader:240 - Cannot read IP mode file for STMicroelectronics.X-CUBE-TCPP.4.2.0
2025-06-06 14:18:48,346 [WARN] PackLoader:240 - Cannot read IP mode file for RealThread.X-CUBE-RT-Thread_Nano.4.1.1
2025-06-06 14:18:48,357 [WARN] PackLoader:240 - Cannot read IP mode file for STMicroelectronics.FP-ATR-SIGFOX1.3.2.0
2025-06-06 14:18:48,404 [WARN] PackLoader:240 - Cannot read IP mode file for STMicroelectronics.X-CUBE-EEPRMA1.5.1.0
2025-06-06 14:18:48,431 [WARN] PackLoader:240 - Cannot read IP mode file for ITTIA_DB.I-CUBE-ITTIADB.8.9.0
2025-06-06 14:18:48,561 [WARN] PackLoader:240 - Cannot read IP mode file for SEGGER.I-CUBE-embOS.1.3.1
2025-06-06 14:18:48,624 [INFO] UserAuth:484 - Internet connection configuration mode: 1
2025-06-06 14:18:48,798 [WARN] PackLoader:240 - Cannot read IP mode file for STMicroelectronics.X-CUBE-ALGOBUILD.1.4.0
2025-06-06 14:18:48,862 [WARN] PackLoader:240 - Cannot read IP mode file for STMicroelectronics.X-CUBE-AZRTOS-F4.1.1.0
2025-06-06 14:18:48,873 [WARN] PackLoader:240 - Cannot read IP mode file for Avnet-IotConnect.X-CUBE-IoTC-DA16k-PMOD.1.0.0
2025-06-06 14:18:48,927 [WARN] PackLoader:240 - Cannot read IP mode file for STMicroelectronics.X-CUBE-ISPU.2.1.0
2025-06-06 14:18:48,968 [WARN] PackLoader:240 - Cannot read IP mode file for STMicroelectronics.X-CUBE-AZRTOS-L5.2.0.0
2025-06-06 14:18:49,019 [WARN] PackLoader:240 - Cannot read IP mode file for STMicroelectronics.X-CUBE-NFC6.3.1.0
2025-06-06 14:18:49,124 [WARN] PackLoader:240 - Cannot read IP mode file for STMicroelectronics.X-CUBE-FREERTOS.1.3.1
2025-06-06 14:18:49,173 [WARN] PackLoader:240 - Cannot read IP mode file for STMicroelectronics.X-CUBE-FREERTOS.1.3.0
2025-06-06 14:18:49,291 [WARN] ConditionMgr:438 - getConditionDescription Invalid condition id : LAN8742 Phy interface Condition cause : null
2025-06-06 14:18:49,292 [WARN] PackLoader:240 - Cannot read IP mode file for STMicroelectronics.X-CUBE-AZRTOS-L4.2.0.0
2025-06-06 14:18:49,294 [WARN] ConditionMgr:1044 - genDependencies : Invalid condition id : LAN8742 Phy interface Condition cause : null
2025-06-06 14:18:49,294 [WARN] ConditionMgr:1044 - genDependencies : Invalid condition id : LAN8742 Phy interface Condition cause : null
2025-06-06 14:18:49,297 [WARN] ConditionMgr:1044 - genDependencies : Invalid condition id : LAN8742 Phy interface Condition cause : null
2025-06-06 14:18:49,321 [WARN] PackLoader:240 - Cannot read IP mode file for STMicroelectronics.X-CUBE-SFXS2LP1.4.0.0
2025-06-06 14:18:49,357 [WARN] PackLoader:240 - Cannot read IP mode file for STMicroelectronics.X-CUBE-AZRTOS-H7.3.3.0
2025-06-06 14:18:49,394 [WARN] ConditionMgr:438 - getConditionDescription Invalid condition id : UX DEVICE CLASS RTOS Condition cause : null
2025-06-06 14:18:49,395 [WARN] ConditionMgr:438 - getConditionDescription Invalid condition id : UX DEVICE CLASS RTOS Condition cause : null
2025-06-06 14:18:49,407 [WARN] PackLoader:240 - Cannot read IP mode file for STMicroelectronics.X-CUBE-AZRTOS-WB.2.0.0
2025-06-06 14:18:49,408 [WARN] ConditionMgr:1044 - genDependencies : Invalid condition id : UX DEVICE CLASS RTOS Condition cause : null
2025-06-06 14:18:49,409 [WARN] ConditionMgr:1044 - genDependencies : Invalid condition id : UX DEVICE CLASS RTOS Condition cause : null
2025-06-06 14:18:49,412 [WARN] ConditionMgr:1044 - genDependencies : Invalid condition id : UX DEVICE CLASS RTOS Condition cause : null
2025-06-06 14:18:49,412 [WARN] ConditionMgr:1044 - genDependencies : Invalid condition id : UX DEVICE CLASS RTOS Condition cause : null
2025-06-06 14:18:49,413 [WARN] ConditionMgr:1044 - genDependencies : Invalid condition id : UX DEVICE CLASS RTOS Condition cause : null
2025-06-06 14:18:49,449 [WARN] PackLoader:240 - Cannot read IP mode file for STMicroelectronics.X-CUBE-GNSS1.7.0.1
2025-06-06 14:18:49,473 [WARN] PackLoader:240 - Cannot read IP mode file for STMicroelectronics.FP-SNS-STBOX1.2.0.0
2025-06-06 14:18:49,507 [WARN] PackLoader:240 - Cannot read IP mode file for STMicroelectronics.X-CUBE-SUBG2.5.0.0
2025-06-06 14:18:49,560 [WARN] PackLoader:240 - Cannot read IP mode file for STMicroelectronics.X-CUBE-AZRTOS-H7RS.1.1.0
2025-06-06 14:18:49,578 [WARN] PackLoader:240 - Cannot read IP mode file for Cesanta.I-CUBE-Mongoose.7.13.0
2025-06-06 14:18:49,609 [WARN] PackLoader:240 - Cannot read IP mode file for STMicroelectronics.X-CUBE-AZRTOS-G4.2.0.0
2025-06-06 14:18:49,629 [WARN] PackLoader:240 - Cannot read IP mode file for wolfSSL.I-CUBE-wolfSSH.1.4.20
2025-06-06 14:18:49,649 [WARN] PackLoader:240 - Cannot read IP mode file for STMicroelectronics.X-CUBE-IPS.3.1.0
2025-06-06 14:18:49,675 [WARN] PackLoader:240 - Cannot read IP mode file for STMicroelectronics.X-CUBE-ALS.1.0.2
2025-06-06 14:18:49,723 [WARN] PackLoader:240 - Cannot read IP mode file for portGmbH.I-Cube-SoM-uGOAL.1.1.0
2025-06-06 14:18:49,731 [INFO] ThirdParty:978 - Integrity check success = true
2025-06-06 14:18:49,732 [INFO] IntegrityCheckThread:100 - exiting critical section [integrity check]
2025-06-06 14:18:49,733 [INFO] IntegrityCheckThread:103 - End integrity checks thread
2025-06-06 14:44:13,213 [ERROR] LogOutputStream:75 - [STDERR_REDIRECT] 
2025-06-06 16:53:09,263 [INFO] Activator:176 - 


2025-06-06 16:53:09,276 [INFO] Activator:177 - !SESSION log4j initialized
2025-06-06 16:53:16,755 [INFO] LogOutputStream:77 - [STDOUT_REDIRECT] 
2025-06-06 16:53:23,392 [INFO] ApplicationProperties:184 - Using Application install path: E:\STM\ID\STM32CubeIDE_1.18.1\STM32CubeIDE\plugins\com.st.stm32cube.common.mx_6.14.1.202504091515
2025-06-06 16:53:23,444 [INFO] DbMcusXml:78 - Set database path to: E:\STM\ID\STM32CubeIDE_1.18.1\STM32CubeIDE\plugins\com.st.stm32cube.common.mx_6.14.1.202504091515\\db\/mcu/
2025-06-06 16:53:23,445 [INFO] ApiDb:274 - Set plugin database path to: E:\STM\ID\STM32CubeIDE_1.18.1\STM32CubeIDE\plugins\com.st.stm32cube.common.mx_6.14.1.202504091515\\db\/plugins/boardmanager/
2025-06-06 16:53:23,445 [WARN] ApiDb:259 - Overriding images path with different value:  => E:\STM\ID\STM32CubeIDE_1.18.1\STM32CubeIDE\plugins\com.st.stm32cube.common.mx_6.14.1.202504091515\\db\/plugins/mcufinder/images/
2025-06-06 16:53:23,462 [INFO] ApiDb:250 - Set database path to: C:\Users\santi\.stmcufinder\plugins\mcufinder//mcu/
2025-06-06 16:53:23,463 [INFO] DbMcusAds:125 - Set database path to: C:\Users\santi\.stmcufinder\plugins\mcufinder//mcu/
2025-06-06 16:53:23,465 [INFO] CrossReferenceDbSqlite:203 - Set database path to: C:\Users\santi\.stmcufinder\plugins\mcufinder//mcu/cs/
2025-06-06 16:53:23,595 [INFO] RulesReader:64 - Compatibility file has been processed (302 Rules)
2025-06-06 16:53:23,768 [INFO] DbMcusXml:78 - Set database path to: E:\STM\ID\STM32CubeIDE_1.18.1\STM32CubeIDE\plugins\com.st.stm32cube.common.mx_6.14.1.202504091515\\db\/mcu/
2025-06-06 16:53:23,768 [INFO] ApiDb:274 - Set plugin database path to: E:\STM\ID\STM32CubeIDE_1.18.1\STM32CubeIDE\plugins\com.st.stm32cube.common.mx_6.14.1.202504091515\\db\/plugins/boardmanager/
2025-06-06 16:53:23,768 [INFO] ApiDb:261 - Set plugin images path to: E:\STM\ID\STM32CubeIDE_1.18.1\STM32CubeIDE\plugins\com.st.stm32cube.common.mx_6.14.1.202504091515\\db\/plugins/mcufinder/images/
2025-06-06 16:53:23,768 [WARN] DbFile:41 - Overriding database path with different value: C:\Users\santi\.stmcufinder\plugins\mcufinder/ => C:\Users\santi\.stmcufinder\plugins\mcufinder
2025-06-06 16:53:23,768 [INFO] ApiDb:250 - Set database path to: C:\Users\santi\.stmcufinder\plugins\mcufinder//mcu/
2025-06-06 16:53:23,769 [WARN] DbFile:41 - Overriding database path with different value: C:\Users\santi\.stmcufinder\plugins\mcufinder/ => C:\Users\santi\.stmcufinder\plugins\mcufinder
2025-06-06 16:53:23,769 [INFO] DbMcusAds:125 - Set database path to: C:\Users\santi\.stmcufinder\plugins\mcufinder//mcu/
2025-06-06 16:53:23,769 [WARN] DbFile:41 - Overriding database path with different value: C:\Users\santi\.stmcufinder\plugins\mcufinder/ => C:\Users\santi\.stmcufinder\plugins\mcufinder
2025-06-06 16:53:23,769 [WARN] DbFile:41 - Overriding database path with different value: C:\Users\santi\.stmcufinder\plugins\mcufinder/ => C:\Users\santi\.stmcufinder\plugins\mcufinder
2025-06-06 16:53:23,769 [INFO] CrossReferenceDbSqlite:203 - Set database path to: C:\Users\santi\.stmcufinder\plugins\mcufinder//mcu/cs/
2025-06-06 16:53:23,899 [INFO] MainPanel:272 - HeapMemory: 268435456
2025-06-06 16:53:24,180 [INFO] DbMcusXml:78 - Set database path to: E:\STM\ID\STM32CubeIDE_1.18.1\STM32CubeIDE\plugins\com.st.stm32cube.common.mx_6.14.1.202504091515\\db\/mcu/
2025-06-06 16:53:24,180 [INFO] ApiDb:274 - Set plugin database path to: E:\STM\ID\STM32CubeIDE_1.18.1\STM32CubeIDE\plugins\com.st.stm32cube.common.mx_6.14.1.202504091515\\db\/plugins/boardmanager/
2025-06-06 16:53:24,180 [INFO] ApiDb:261 - Set plugin images path to: E:\STM\ID\STM32CubeIDE_1.18.1\STM32CubeIDE\plugins\com.st.stm32cube.common.mx_6.14.1.202504091515\\db\/plugins/mcufinder/images/
2025-06-06 16:53:24,181 [WARN] DbFile:41 - Overriding database path with different value: C:\Users\santi\.stmcufinder\plugins\mcufinder/ => C:\Users\santi\.stmcufinder\plugins\mcufinder
2025-06-06 16:53:24,181 [INFO] ApiDb:250 - Set database path to: C:\Users\santi\.stmcufinder\plugins\mcufinder//mcu/
2025-06-06 16:53:24,181 [WARN] DbFile:41 - Overriding database path with different value: C:\Users\santi\.stmcufinder\plugins\mcufinder/ => C:\Users\santi\.stmcufinder\plugins\mcufinder
2025-06-06 16:53:24,181 [INFO] DbMcusAds:125 - Set database path to: C:\Users\santi\.stmcufinder\plugins\mcufinder//mcu/
2025-06-06 16:53:24,181 [WARN] DbFile:41 - Overriding database path with different value: C:\Users\santi\.stmcufinder\plugins\mcufinder/ => C:\Users\santi\.stmcufinder\plugins\mcufinder
2025-06-06 16:53:24,181 [WARN] DbFile:41 - Overriding database path with different value: C:\Users\santi\.stmcufinder\plugins\mcufinder/ => C:\Users\santi\.stmcufinder\plugins\mcufinder
2025-06-06 16:53:24,181 [INFO] CrossReferenceDbSqlite:203 - Set database path to: C:\Users\santi\.stmcufinder\plugins\mcufinder//mcu/cs/
2025-06-06 16:53:24,217 [INFO] ApplicationProperties:184 - Using Application install path: E:\STM\ID\STM32CubeIDE_1.18.1\STM32CubeIDE\plugins\com.st.stm32cube.common.mx_6.14.1.202504091515
2025-06-06 16:53:24,218 [INFO] PluginManage:196 - Search for loadable plugins [exclusion list=, ]
2025-06-06 16:53:24,219 [INFO] PluginManage:310 - Check plugin analytics
2025-06-06 16:53:29,540 [INFO] AnalyticsPlugin:253 - Accepted Software Licenses: STM32CubeMX.6.14.1
2025-06-06 16:53:29,540 [INFO] AnalyticsPlugin:255 - Accepted CMSIS Pack Licenses: 
2025-06-06 16:53:29,540 [INFO] AnalyticsPlugin:257 - Accepted Firmware Licenses: FW.F4.1.28.0
2025-06-06 16:53:29,542 [INFO] PluginManage:359 - Loaded plugin analytics (category:tool,tabindex:-1)
2025-06-06 16:53:29,542 [INFO] PluginManage:310 - Check plugin cadmodel
2025-06-06 16:53:29,572 [INFO] CADModel:105 - Init CAD model plugin
2025-06-06 16:53:29,572 [INFO] PluginManage:359 - Loaded plugin cadmodel (category:power,tabindex:5)
2025-06-06 16:53:29,573 [INFO] PluginManage:310 - Check plugin clock
2025-06-06 16:53:29,616 [INFO] PluginManage:359 - Loaded plugin clock (category:base,tabindex:2)
2025-06-06 16:53:29,616 [INFO] PluginManage:310 - Check plugin ddr
2025-06-06 16:53:29,636 [INFO] PluginManage:359 - Loaded plugin ddr (category:tool,tabindex:6)
2025-06-06 16:53:29,636 [INFO] PluginManage:310 - Check plugin filemanager
2025-06-06 16:53:29,875 [INFO] PluginManage:359 - Loaded plugin filemanager (category:base,tabindex:10)
2025-06-06 16:53:29,875 [INFO] PluginManage:310 - Check plugin ipmanager
2025-06-06 16:53:29,916 [INFO] PluginManage:359 - Loaded plugin ipmanager (category:base,tabindex:5)
2025-06-06 16:53:29,917 [INFO] PluginManage:310 - Check plugin lpbam
2025-06-06 16:53:29,924 [INFO] PluginManage:359 - Loaded plugin lpbam (category:base,tabindex:0)
2025-06-06 16:53:29,924 [INFO] PluginManage:310 - Check plugin memorymap
2025-06-06 16:53:29,949 [INFO] PluginManage:359 - Loaded plugin memorymap (category:base,tabindex:4)
2025-06-06 16:53:29,950 [INFO] PluginManage:310 - Check plugin pinoutandconfiguration
2025-06-06 16:53:29,985 [INFO] PluginManage:359 - Loaded plugin pinoutandconfiguration (category:base,tabindex:1)
2025-06-06 16:53:29,985 [INFO] PluginManage:310 - Check plugin pinoutconfig
2025-06-06 16:53:30,110 [WARN] SupportedApi:132 - Cannot load RTOS API schema: s4s-elt-must-match.1: The content of 'definitions' must match (annotation?, (simpleType | complexType)?, (unique | key | keyref)*)). A problem was found starting at: attribute.
2025-06-06 16:53:30,278 [INFO] PluginManage:359 - Loaded plugin pinoutconfig (category:base,tabindex:0)
2025-06-06 16:53:30,278 [INFO] PluginManage:310 - Check plugin power
2025-06-06 16:53:30,308 [INFO] PluginManage:359 - Loaded plugin power (category:power,tabindex:4)
2025-06-06 16:53:30,308 [INFO] PluginManage:310 - Check plugin projectmanager
2025-06-06 16:53:30,322 [INFO] PluginManage:359 - Loaded plugin projectmanager (category:projectmanager,tabindex:4)
2025-06-06 16:53:30,322 [INFO] PluginManage:310 - Check plugin rif
2025-06-06 16:53:30,336 [INFO] PluginManage:359 - Loaded plugin rif (category:base,tabindex:3)
2025-06-06 16:53:30,337 [INFO] PluginManage:310 - Check plugin thirdparty
2025-06-06 16:53:30,658 [INFO] PluginManage:359 - Loaded plugin thirdparty (category:base,tabindex:-1)
2025-06-06 16:53:30,658 [WARN] IntegrityCheckThread:84 - waiting for thirdparty lock release [integrity check]
2025-06-06 16:53:30,658 [INFO] PluginManage:310 - Check plugin tools
2025-06-06 16:53:30,658 [INFO] IntegrityCheckThread:86 - entering critical section [integrity check]
2025-06-06 16:53:30,659 [INFO] ThirdPartyUpdaterWithRetryManager:70 - Updater plugin not ready yet. [1/15]
2025-06-06 16:53:30,663 [INFO] PluginManage:359 - Loaded plugin tools (category:base,tabindex:7)
2025-06-06 16:53:30,663 [INFO] PluginManage:310 - Check plugin tutovideos
2025-06-06 16:53:30,958 [INFO] PluginManage:359 - Loaded plugin tutovideos (category:base,tabindex:-1)
2025-06-06 16:53:30,958 [INFO] PluginManage:310 - Check plugin updater
2025-06-06 16:53:30,990 [INFO] PluginManage:359 - Loaded plugin updater (category:base,tabindex:12)
2025-06-06 16:53:30,990 [INFO] PluginManage:310 - Check plugin userauth
2025-06-06 16:53:31,013 [INFO] UserAuth:118 - Init User Auth plugin
2025-06-06 16:53:31,014 [INFO] PluginManage:359 - Loaded plugin userauth (category:base,tabindex:14)
2025-06-06 16:53:31,014 [INFO] PluginManage:283 - PluginManage : Loaded plugins [18]
2025-06-06 16:53:31,380 [INFO] PinOutPanel:1589 - setPackage(No Configuration,No Configuration)
2025-06-06 16:53:31,500 [INFO] CADModel:165 - CPN selected for project level
2025-06-06 16:53:31,501 [INFO] CADModel:114 - Register for checkConnection events
2025-06-06 16:53:31,536 [INFO] IPUIPlugin:80 - create IPUIPlugin
2025-06-06 16:53:31,536 [INFO] PluginManager:220 - loadIPPluginJar : add adc
2025-06-06 16:53:31,542 [INFO] IPUIPlugin:80 - create IPUIPlugin
2025-06-06 16:53:31,543 [INFO] PluginManager:220 - loadIPPluginJar : add aes
2025-06-06 16:53:31,545 [INFO] IPUIPlugin:80 - create IPUIPlugin
2025-06-06 16:53:31,545 [INFO] PluginManager:220 - loadIPPluginJar : add can
2025-06-06 16:53:31,546 [INFO] IPUIPlugin:80 - create IPUIPlugin
2025-06-06 16:53:31,546 [INFO] PluginManager:220 - loadIPPluginJar : add comp
2025-06-06 16:53:31,548 [INFO] IPUIPlugin:80 - create IPUIPlugin
2025-06-06 16:53:31,548 [INFO] PluginManager:220 - loadIPPluginJar : add cryp
2025-06-06 16:53:31,574 [INFO] IPUIPlugin:80 - create IPUIPlugin
2025-06-06 16:53:31,574 [INFO] PluginManager:220 - loadIPPluginJar : add ddr_ctrl_phy
2025-06-06 16:53:31,577 [INFO] IPUIPlugin:80 - create IPUIPlugin
2025-06-06 16:53:31,577 [INFO] PluginManager:220 - loadIPPluginJar : add dfsdm
2025-06-06 16:53:31,582 [INFO] IPUIPlugin:80 - create IPUIPlugin
2025-06-06 16:53:31,582 [INFO] PluginManager:220 - loadIPPluginJar : add dma
2025-06-06 16:53:31,585 [INFO] IPUIPlugin:80 - create IPUIPlugin
2025-06-06 16:53:31,585 [INFO] PluginManager:220 - loadIPPluginJar : add dma3
2025-06-06 16:53:31,587 [INFO] IPUIPlugin:80 - create IPUIPlugin
2025-06-06 16:53:31,587 [INFO] PluginManager:220 - loadIPPluginJar : add extmemmanager
2025-06-06 16:53:31,589 [INFO] IPUIPlugin:80 - create IPUIPlugin
2025-06-06 16:53:31,589 [INFO] PluginManager:220 - loadIPPluginJar : add fatfs
2025-06-06 16:53:31,593 [INFO] IPUIPlugin:80 - create IPUIPlugin
2025-06-06 16:53:31,593 [INFO] PluginManager:220 - loadIPPluginJar : add fmc
2025-06-06 16:53:31,617 [INFO] IPUIPlugin:80 - create IPUIPlugin
2025-06-06 16:53:31,617 [INFO] PluginManager:220 - loadIPPluginJar : add freertos
2025-06-06 16:53:31,619 [INFO] IPUIPlugin:80 - create IPUIPlugin
2025-06-06 16:53:31,619 [INFO] PluginManager:220 - loadIPPluginJar : add genericplugin
2025-06-06 16:53:31,622 [INFO] IPUIPlugin:80 - create IPUIPlugin
2025-06-06 16:53:31,622 [INFO] PluginManager:220 - loadIPPluginJar : add gfxmmu
2025-06-06 16:53:31,625 [INFO] IPUIPlugin:80 - create IPUIPlugin
2025-06-06 16:53:31,626 [INFO] PluginManager:220 - loadIPPluginJar : add gic
2025-06-06 16:53:31,629 [INFO] IPUIPlugin:80 - create IPUIPlugin
2025-06-06 16:53:31,629 [INFO] PluginManager:220 - loadIPPluginJar : add gpio
2025-06-06 16:53:31,632 [INFO] IPUIPlugin:80 - create IPUIPlugin
2025-06-06 16:53:31,632 [INFO] PluginManager:220 - loadIPPluginJar : add gtzc
2025-06-06 16:53:31,635 [INFO] IPUIPlugin:80 - create IPUIPlugin
2025-06-06 16:53:31,635 [INFO] PluginManager:220 - loadIPPluginJar : add hash
2025-06-06 16:53:31,638 [INFO] IPUIPlugin:80 - create IPUIPlugin
2025-06-06 16:53:31,638 [INFO] PluginManager:220 - loadIPPluginJar : add i2c
2025-06-06 16:53:31,640 [INFO] IPUIPlugin:80 - create IPUIPlugin
2025-06-06 16:53:31,640 [INFO] PluginManager:220 - loadIPPluginJar : add i2s
2025-06-06 16:53:31,643 [INFO] IPUIPlugin:80 - create IPUIPlugin
2025-06-06 16:53:31,643 [INFO] PluginManager:220 - loadIPPluginJar : add i3c
2025-06-06 16:53:31,645 [INFO] IPUIPlugin:80 - create IPUIPlugin
2025-06-06 16:53:31,645 [INFO] PluginManager:220 - loadIPPluginJar : add ipddr
2025-06-06 16:53:31,651 [INFO] IPUIPlugin:80 - create IPUIPlugin
2025-06-06 16:53:31,651 [INFO] PluginManager:220 - loadIPPluginJar : add linkedlist
2025-06-06 16:53:31,653 [INFO] IPUIPlugin:80 - create IPUIPlugin
2025-06-06 16:53:31,653 [INFO] PluginManager:220 - loadIPPluginJar : add lorawan
2025-06-06 16:53:31,654 [INFO] IPUIPlugin:80 - create IPUIPlugin
2025-06-06 16:53:31,655 [INFO] PluginManager:220 - loadIPPluginJar : add ltdc
2025-06-06 16:53:31,687 [INFO] IPUIPlugin:80 - create IPUIPlugin
2025-06-06 16:53:31,687 [INFO] PluginManager:220 - loadIPPluginJar : add mdma
2025-06-06 16:53:31,689 [INFO] IPUIPlugin:80 - create IPUIPlugin
2025-06-06 16:53:31,689 [INFO] PluginManager:220 - loadIPPluginJar : add nvic
2025-06-06 16:53:31,692 [INFO] IPUIPlugin:80 - create IPUIPlugin
2025-06-06 16:53:31,692 [INFO] PluginManager:220 - loadIPPluginJar : add opamp
2025-06-06 16:53:31,694 [INFO] IPUIPlugin:80 - create IPUIPlugin
2025-06-06 16:53:31,694 [INFO] PluginManager:220 - loadIPPluginJar : add openamp
2025-06-06 16:53:31,696 [INFO] IPUIPlugin:80 - create IPUIPlugin
2025-06-06 16:53:31,697 [INFO] PluginManager:220 - loadIPPluginJar : add pdm2pcm
2025-06-06 16:53:31,701 [INFO] IPUIPlugin:80 - create IPUIPlugin
2025-06-06 16:53:31,703 [INFO] PluginManager:220 - loadIPPluginJar : add plateformsettings
2025-06-06 16:53:31,704 [INFO] IPUIPlugin:80 - create IPUIPlugin
2025-06-06 16:53:31,705 [INFO] PluginManager:220 - loadIPPluginJar : add quadspi
2025-06-06 16:53:31,706 [INFO] IPUIPlugin:80 - create IPUIPlugin
2025-06-06 16:53:31,706 [INFO] PluginManager:220 - loadIPPluginJar : add radio
2025-06-06 16:53:31,709 [INFO] IPUIPlugin:80 - create IPUIPlugin
2025-06-06 16:53:31,709 [INFO] PluginManager:220 - loadIPPluginJar : add resmgrutility
2025-06-06 16:53:31,711 [INFO] IPUIPlugin:80 - create IPUIPlugin
2025-06-06 16:53:31,711 [INFO] PluginManager:220 - loadIPPluginJar : add sai
2025-06-06 16:53:31,712 [INFO] IPUIPlugin:80 - create IPUIPlugin
2025-06-06 16:53:31,713 [INFO] PluginManager:220 - loadIPPluginJar : add spi
2025-06-06 16:53:31,717 [INFO] IPUIPlugin:80 - create IPUIPlugin
2025-06-06 16:53:31,717 [INFO] PluginManager:220 - loadIPPluginJar : add stm32_wpan
2025-06-06 16:53:31,719 [INFO] IPUIPlugin:80 - create IPUIPlugin
2025-06-06 16:53:31,719 [INFO] PluginManager:220 - loadIPPluginJar : add tim
2025-06-06 16:53:31,721 [INFO] IPUIPlugin:80 - create IPUIPlugin
2025-06-06 16:53:31,721 [INFO] PluginManager:220 - loadIPPluginJar : add touchsensing
2025-06-06 16:53:31,738 [INFO] IPUIPlugin:80 - create IPUIPlugin
2025-06-06 16:53:31,738 [INFO] PluginManager:220 - loadIPPluginJar : add tracer_emb
2025-06-06 16:53:31,743 [INFO] IPUIPlugin:80 - create IPUIPlugin
2025-06-06 16:53:31,743 [INFO] PluginManager:220 - loadIPPluginJar : add ts
2025-06-06 16:53:31,753 [INFO] IPUIPlugin:80 - create IPUIPlugin
2025-06-06 16:53:31,753 [INFO] PluginManager:220 - loadIPPluginJar : add tsc
2025-06-06 16:53:31,764 [INFO] IPUIPlugin:80 - create IPUIPlugin
2025-06-06 16:53:31,764 [INFO] PluginManager:220 - loadIPPluginJar : add ucpd
2025-06-06 16:53:31,773 [INFO] IPUIPlugin:80 - create IPUIPlugin
2025-06-06 16:53:31,773 [INFO] PluginManager:220 - loadIPPluginJar : add usart
2025-06-06 16:53:31,788 [INFO] IPUIPlugin:80 - create IPUIPlugin
2025-06-06 16:53:31,788 [INFO] PluginManager:220 - loadIPPluginJar : add usbx
2025-06-06 16:53:31,900 [FATAL] Updater:351 - Updater called before beeing initialized
2025-06-06 16:53:31,947 [INFO] RulesReader:64 - Compatibility file has been processed (302 Rules)
2025-06-06 16:53:31,956 [INFO] RulesReader:64 - Compatibility file has been processed (302 Rules)
2025-06-06 16:53:31,965 [INFO] CADModel:165 - CPN selected for project level
2025-06-06 16:53:31,965 [INFO] CADModel:114 - Register for checkConnection events
2025-06-06 16:53:31,965 [FATAL] Updater:351 - Updater called before beeing initialized
2025-06-06 16:53:31,966 [ERROR] CADModel:125 - Updater not yet initialized, retry later 
2025-06-06 16:53:32,183 [FATAL] Updater:351 - Updater called before beeing initialized
2025-06-06 16:53:32,200 [INFO] CADModel:165 - CPN selected for project level
2025-06-06 16:53:32,200 [INFO] CADModel:114 - Register for checkConnection events
2025-06-06 16:53:32,200 [FATAL] Updater:351 - Updater called before beeing initialized
2025-06-06 16:53:32,200 [ERROR] CADModel:125 - Updater not yet initialized, retry later 
2025-06-06 16:53:32,225 [FATAL] Updater:351 - Updater called before beeing initialized
2025-06-06 16:53:32,329 [FATAL] Updater:351 - Updater called before beeing initialized
2025-06-06 16:53:32,341 [INFO] DbMcusAds:53 - JSON generation date=Wed May 07 06:07:55 UYT 2025 (1746608875484)
2025-06-06 16:53:32,341 [FATAL] Updater:351 - Updater called before beeing initialized
2025-06-06 16:53:32,418 [WARN] DetailPanel:346 - Failed to get advertising image, set to default
2025-06-06 16:53:32,667 [FATAL] Updater:351 - Updater called before beeing initialized
2025-06-06 16:53:32,669 [FATAL] Updater:351 - Updater called before beeing initialized
2025-06-06 16:53:32,669 [FATAL] Updater:351 - Updater called before beeing initialized
2025-06-06 16:53:32,669 [WARN] DetailPanel:346 - Failed to get advertising image, set to default
2025-06-06 16:53:32,670 [FATAL] Updater:351 - Updater called before beeing initialized
2025-06-06 16:53:32,758 [ERROR] Updater:1198 - MainUpdater not yet initialized. External WinMGr cannot be set.
2025-06-06 16:53:32,769 [INFO] Updater:1134 - Updater Version found : 6.14.1
2025-06-06 16:53:32,800 [INFO] ApplicationProperties:184 - Using Application install path: E:\STM\ID\STM32CubeIDE_1.18.1\STM32CubeIDE\plugins\com.st.stm32cube.common.mx_6.14.1.202504091515
2025-06-06 16:53:33,119 [INFO] MainUpdater:2872 - connection check result : 10
2025-06-06 16:53:33,119 [INFO] MainUpdater:289 - Updater Check For Update Now.
2025-06-06 16:53:33,120 [INFO] MicroXplorer:498 - Change Database Version : DB.6.0.141
2025-06-06 16:53:33,136 [INFO] McuFinderGlobals:63 - Set McuFinder mode to 2 (CubeIDE integrated)
2025-06-06 16:53:33,137 [INFO] UserAuth:484 - Internet connection configuration mode: 1
2025-06-06 16:53:33,270 [INFO] JxBrowserEngine:152 - Initiate JxBrowser Engine with user profile folder
2025-06-06 16:53:33,387 [INFO] CheckServerUpdateThread:120 - End of CheckServer Thread
2025-06-06 16:53:34,023 [WARN] PackLoader:240 - Cannot read IP mode file for STMicroelectronics.FP-SNS-MOTENVWB1.1.4.0
2025-06-06 16:53:34,039 [WARN] PackLoader:240 - Cannot read IP mode file for STMicroelectronics.X-CUBE-SMBUS.2.1.0
2025-06-06 16:53:34,052 [WARN] PackLoader:240 - Cannot read IP mode file for STMicroelectronics.X-CUBE-ST60.1.0.0
2025-06-06 16:53:34,103 [WARN] PackLoader:240 - Cannot read IP mode file for STMicroelectronics.X-CUBE-AZRTOS-F7.1.1.0
2025-06-06 16:53:34,143 [WARN] PackLoader:240 - Cannot read IP mode file for Infineon.AIROC-Wi-Fi-Bluetooth-STM32.1.7.0
2025-06-06 16:53:34,161 [WARN] PackLoader:240 - Cannot read IP mode file for STMicroelectronics.X-CUBE-DISPLAY.3.0.0
2025-06-06 16:53:34,182 [WARN] PackLoader:240 - Cannot read IP mode file for STMicroelectronics.X-CUBE-NFC10.1.0.0
2025-06-06 16:53:34,215 [WARN] PackLoader:240 - Cannot read IP mode file for STMicroelectronics.X-CUBE-BLEMGR.4.0.0
2025-06-06 16:53:34,227 [WARN] PackLoader:240 - Cannot read IP mode file for emotas.I-CUBE-CANOPEN.1.3.0
2025-06-06 16:53:34,236 [WARN] ConditionMgr:438 - getConditionDescription Invalid condition id : Cortex-A Device cause : null
2025-06-06 16:53:34,259 [WARN] ConditionMgr:1044 - genDependencies : Invalid condition id : Cortex-A Device cause : null
2025-06-06 16:53:34,259 [WARN] ConditionMgr:1044 - genDependencies : Invalid condition id : Cortex-A Device cause : null
2025-06-06 16:53:34,259 [WARN] ConditionMgr:1044 - genDependencies : Invalid condition id : Cortex-A Device cause : null
2025-06-06 16:53:34,265 [WARN] PackLoader:240 - Cannot read IP mode file for STMicroelectronics.X-CUBE-AI.10.0.0
2025-06-06 16:53:34,271 [WARN] PackLoader:240 - Cannot read IP mode file for STMicroelectronics.FP-SNS-SMARTAG2.1.2.0
2025-06-06 16:53:34,284 [INFO] LogOutputStream:77 - [STDOUT_REDIRECT] 1 : Invalid condition id : UX_CORESTACK_Condition cause : null
2025-06-06 16:53:34,285 [INFO] LogOutputStream:77 - [STDOUT_REDIRECT] 1 : Invalid condition id : UX_CORESTACK_Condition cause : null
2025-06-06 16:53:34,286 [INFO] LogOutputStream:77 - [STDOUT_REDIRECT] 1 : Invalid condition id : UX_CORESTACK_Condition cause : null
2025-06-06 16:53:34,287 [INFO] LogOutputStream:77 - [STDOUT_REDIRECT] 1 : Invalid condition id : UX_CORESTACK_Condition cause : null
2025-06-06 16:53:34,289 [INFO] LogOutputStream:77 - [STDOUT_REDIRECT] 1 : Invalid condition id : UX_CORESTACK_Condition cause : null
2025-06-06 16:53:34,292 [WARN] PackLoader:240 - Cannot read IP mode file for STMicroelectronics.X-CUBE-AZRTOS-WL.2.0.0
2025-06-06 16:53:34,299 [WARN] PackLoader:240 - Cannot read IP mode file for STMicroelectronics.FP-SNS-MOTENV1.5.0.0
2025-06-06 16:53:34,309 [WARN] PackLoader:240 - Cannot read IP mode file for WES.I-CUBE-Cesium.1.3.0
2025-06-06 16:53:34,315 [WARN] PackLoader:240 - Cannot read IP mode file for STMicroelectronics.X-CUBE-BLE2.3.3.0
2025-06-06 16:53:34,324 [WARN] PackLoader:240 - Cannot read IP mode file for STMicroelectronics.X-CUBE-NFC9.1.0.0
2025-06-06 16:53:34,331 [WARN] PackLoader:240 - Cannot read IP mode file for wolfSSL.I-CUBE-wolfSSL.5.8.0
2025-06-06 16:53:34,337 [WARN] PackLoader:240 - Cannot read IP mode file for wolfSSL.I-CUBE-wolfMQTT.1.19.2
2025-06-06 16:53:34,341 [WARN] PackLoader:240 - Cannot read IP mode file for STMicroelectronics.X-CUBE-AI.10.1.0
2025-06-06 16:53:34,357 [WARN] PackLoader:240 - Cannot read IP mode file for STMicroelectronics.X-CUBE-AZRTOS-G0.1.1.0
2025-06-06 16:53:34,366 [WARN] PackLoader:240 - Cannot read IP mode file for STMicroelectronics.X-CUBE-SAFEA1.1.2.2
2025-06-06 16:53:34,375 [WARN] PackLoader:240 - Cannot read IP mode file for STMicroelectronics.X-CUBE-NFC4.3.0.0
2025-06-06 16:53:34,386 [WARN] PackLoader:240 - Cannot read IP mode file for EmbeddedOffice.I-CUBE-FS-RTOS.1.0.1
2025-06-06 16:53:34,394 [WARN] PackLoader:240 - Cannot read IP mode file for STMicroelectronics.X-CUBE-WB05N.2.0.0
2025-06-06 16:53:34,400 [WARN] PackLoader:240 - Cannot read IP mode file for wolfSSL.I-CUBE-wolfTPM.3.8.0
2025-06-06 16:53:34,406 [WARN] PackLoader:240 - Cannot read IP mode file for STMicroelectronics.X-CUBE-TCPP.4.2.0
2025-06-06 16:53:34,414 [WARN] PackLoader:240 - Cannot read IP mode file for RealThread.X-CUBE-RT-Thread_Nano.4.1.1
2025-06-06 16:53:34,419 [WARN] PackLoader:240 - Cannot read IP mode file for STMicroelectronics.FP-ATR-SIGFOX1.3.2.0
2025-06-06 16:53:34,426 [WARN] PackLoader:240 - Cannot read IP mode file for STMicroelectronics.X-CUBE-EEPRMA1.5.1.0
2025-06-06 16:53:34,433 [WARN] PackLoader:240 - Cannot read IP mode file for ITTIA_DB.I-CUBE-ITTIADB.8.9.0
2025-06-06 16:53:34,446 [INFO] WebApp:169 - Instantiating new browser for Auth
2025-06-06 16:53:34,456 [WARN] PackLoader:240 - Cannot read IP mode file for SEGGER.I-CUBE-embOS.1.3.1
2025-06-06 16:53:34,516 [WARN] PackLoader:240 - Cannot read IP mode file for STMicroelectronics.X-CUBE-ALGOBUILD.1.4.0
2025-06-06 16:53:34,533 [WARN] PackLoader:240 - Cannot read IP mode file for STMicroelectronics.X-CUBE-AZRTOS-F4.1.1.0
2025-06-06 16:53:34,541 [WARN] PackLoader:240 - Cannot read IP mode file for Avnet-IotConnect.X-CUBE-IoTC-DA16k-PMOD.1.0.0
2025-06-06 16:53:34,546 [WARN] PackLoader:240 - Cannot read IP mode file for STMicroelectronics.X-CUBE-ISPU.2.1.0
2025-06-06 16:53:34,566 [WARN] PackLoader:240 - Cannot read IP mode file for STMicroelectronics.X-CUBE-AZRTOS-L5.2.0.0
2025-06-06 16:53:34,581 [WARN] PackLoader:240 - Cannot read IP mode file for STMicroelectronics.X-CUBE-NFC6.3.1.0
2025-06-06 16:53:34,602 [WARN] PackLoader:240 - Cannot read IP mode file for STMicroelectronics.X-CUBE-FREERTOS.1.3.1
2025-06-06 16:53:34,627 [WARN] PackLoader:240 - Cannot read IP mode file for STMicroelectronics.X-CUBE-FREERTOS.1.3.0
2025-06-06 16:53:34,701 [WARN] ConditionMgr:438 - getConditionDescription Invalid condition id : LAN8742 Phy interface Condition cause : null
2025-06-06 16:53:34,702 [WARN] PackLoader:240 - Cannot read IP mode file for STMicroelectronics.X-CUBE-AZRTOS-L4.2.0.0
2025-06-06 16:53:34,706 [WARN] ConditionMgr:1044 - genDependencies : Invalid condition id : LAN8742 Phy interface Condition cause : null
2025-06-06 16:53:34,716 [WARN] ConditionMgr:1044 - genDependencies : Invalid condition id : LAN8742 Phy interface Condition cause : null
2025-06-06 16:53:34,717 [WARN] ConditionMgr:1044 - genDependencies : Invalid condition id : LAN8742 Phy interface Condition cause : null
2025-06-06 16:53:34,750 [WARN] PackLoader:240 - Cannot read IP mode file for STMicroelectronics.X-CUBE-SFXS2LP1.4.0.0
2025-06-06 16:53:34,772 [WARN] PackLoader:240 - Cannot read IP mode file for STMicroelectronics.X-CUBE-AZRTOS-H7.3.3.0
2025-06-06 16:53:34,786 [WARN] ConditionMgr:438 - getConditionDescription Invalid condition id : UX DEVICE CLASS RTOS Condition cause : null
2025-06-06 16:53:34,787 [WARN] ConditionMgr:438 - getConditionDescription Invalid condition id : UX DEVICE CLASS RTOS Condition cause : null
2025-06-06 16:53:34,789 [WARN] PackLoader:240 - Cannot read IP mode file for STMicroelectronics.X-CUBE-AZRTOS-WB.2.0.0
2025-06-06 16:53:34,790 [WARN] ConditionMgr:1044 - genDependencies : Invalid condition id : UX DEVICE CLASS RTOS Condition cause : null
2025-06-06 16:53:34,790 [WARN] ConditionMgr:1044 - genDependencies : Invalid condition id : UX DEVICE CLASS RTOS Condition cause : null
2025-06-06 16:53:34,790 [WARN] ConditionMgr:1044 - genDependencies : Invalid condition id : UX DEVICE CLASS RTOS Condition cause : null
2025-06-06 16:53:34,790 [WARN] ConditionMgr:1044 - genDependencies : Invalid condition id : UX DEVICE CLASS RTOS Condition cause : null
2025-06-06 16:53:34,790 [WARN] ConditionMgr:1044 - genDependencies : Invalid condition id : UX DEVICE CLASS RTOS Condition cause : null
2025-06-06 16:53:34,798 [WARN] PackLoader:240 - Cannot read IP mode file for STMicroelectronics.X-CUBE-GNSS1.7.0.1
2025-06-06 16:53:34,804 [WARN] PackLoader:240 - Cannot read IP mode file for STMicroelectronics.FP-SNS-STBOX1.2.0.0
2025-06-06 16:53:34,815 [WARN] PackLoader:240 - Cannot read IP mode file for STMicroelectronics.X-CUBE-SUBG2.5.0.0
2025-06-06 16:53:34,832 [WARN] PackLoader:240 - Cannot read IP mode file for STMicroelectronics.X-CUBE-AZRTOS-H7RS.1.1.0
2025-06-06 16:53:34,838 [WARN] PackLoader:240 - Cannot read IP mode file for Cesanta.I-CUBE-Mongoose.7.13.0
2025-06-06 16:53:34,858 [WARN] PackLoader:240 - Cannot read IP mode file for STMicroelectronics.X-CUBE-AZRTOS-G4.2.0.0
2025-06-06 16:53:34,869 [WARN] PackLoader:240 - Cannot read IP mode file for wolfSSL.I-CUBE-wolfSSH.1.4.20
2025-06-06 16:53:34,889 [WARN] PackLoader:240 - Cannot read IP mode file for STMicroelectronics.X-CUBE-IPS.3.1.0
2025-06-06 16:53:34,905 [WARN] PackLoader:240 - Cannot read IP mode file for STMicroelectronics.X-CUBE-ALS.1.0.2
2025-06-06 16:53:34,913 [WARN] PackLoader:240 - Cannot read IP mode file for portGmbH.I-Cube-SoM-uGOAL.1.1.0
2025-06-06 16:53:34,915 [INFO] ThirdParty:978 - Integrity check success = true
2025-06-06 16:53:34,915 [INFO] IntegrityCheckThread:100 - exiting critical section [integrity check]
2025-06-06 16:53:34,915 [INFO] IntegrityCheckThread:103 - End integrity checks thread
2025-06-06 16:53:35,561 [INFO] WebApp:463 - Apply proxy settings
2025-06-06 16:53:35,561 [INFO] WebApp:548 - Chromium requires no authentication
2025-06-06 16:53:35,569 [INFO] WebApp:491 - Direct internet connection detected
2025-06-06 16:53:35,589 [INFO] WebApp:894 - Register for checkConnection events
2025-06-06 16:53:35,589 [INFO] WebApp:463 - Apply proxy settings
2025-06-06 16:53:35,589 [INFO] WebApp:548 - Chromium requires no authentication
2025-06-06 16:53:35,589 [INFO] WebApp:491 - Direct internet connection detected
2025-06-06 16:53:35,767 [INFO] WebApp:225 - Starting web application
2025-06-06 16:53:35,767 [INFO] WebApp:593 - Web application path used E:\STM\ID\STM32CubeIDE_1.18.1\STM32CubeIDE\plugins\com.st.stm32cube.common.mx_6.14.1.202504091515\db\plugins\mcufinder\reactClient1\index.html
2025-06-06 16:53:35,777 [INFO] WebApp:191 - Connection restablished
2025-06-06 16:53:35,884 [INFO] UserAuth:484 - Internet connection configuration mode: 1
2025-06-06 20:02:08,573 [INFO] WebApp:403 - JxBrowser engine has been closed 
