2025-05-27 00:59:26,918 [ERROR] LogOutputStream:75 - [STDERR_REDIRECT] 
2025-05-27 21:46:26,300 [INFO] Activator:176 - 


2025-05-27 21:46:26,304 [INFO] Activator:177 - !SESSION log4j initialized
2025-05-27 21:46:35,751 [INFO] LogOutputStream:77 - [STDOUT_REDIRECT] 
2025-05-27 21:46:46,140 [INFO] ApplicationProperties:184 - Using Application install path: E:\STM\ID\STM32CubeIDE_1.18.1\STM32CubeIDE\plugins\com.st.stm32cube.common.mx_6.14.1.202504091515
2025-05-27 21:46:46,202 [INFO] DbMcusXml:78 - Set database path to: E:\STM\ID\STM32CubeIDE_1.18.1\STM32CubeIDE\plugins\com.st.stm32cube.common.mx_6.14.1.202504091515\\db\/mcu/
2025-05-27 21:46:46,202 [INFO] ApiDb:274 - Set plugin database path to: E:\STM\ID\STM32CubeIDE_1.18.1\STM32CubeIDE\plugins\com.st.stm32cube.common.mx_6.14.1.202504091515\\db\/plugins/boardmanager/
2025-05-27 21:46:46,203 [WARN] ApiDb:259 - Overriding images path with different value:  => E:\STM\ID\STM32CubeIDE_1.18.1\STM32CubeIDE\plugins\com.st.stm32cube.common.mx_6.14.1.202504091515\\db\/plugins/mcufinder/images/
2025-05-27 21:46:46,251 [INFO] ApiDb:250 - Set database path to: C:\Users\santi\.stmcufinder\plugins\mcufinder//mcu/
2025-05-27 21:46:46,253 [INFO] DbMcusAds:125 - Set database path to: C:\Users\santi\.stmcufinder\plugins\mcufinder//mcu/
2025-05-27 21:46:46,256 [INFO] CrossReferenceDbSqlite:203 - Set database path to: C:\Users\santi\.stmcufinder\plugins\mcufinder//mcu/cs/
2025-05-27 21:46:46,500 [INFO] RulesReader:64 - Compatibility file has been processed (302 Rules)
2025-05-27 21:46:46,712 [INFO] DbMcusXml:78 - Set database path to: E:\STM\ID\STM32CubeIDE_1.18.1\STM32CubeIDE\plugins\com.st.stm32cube.common.mx_6.14.1.202504091515\\db\/mcu/
2025-05-27 21:46:46,712 [INFO] ApiDb:274 - Set plugin database path to: E:\STM\ID\STM32CubeIDE_1.18.1\STM32CubeIDE\plugins\com.st.stm32cube.common.mx_6.14.1.202504091515\\db\/plugins/boardmanager/
2025-05-27 21:46:46,712 [INFO] ApiDb:261 - Set plugin images path to: E:\STM\ID\STM32CubeIDE_1.18.1\STM32CubeIDE\plugins\com.st.stm32cube.common.mx_6.14.1.202504091515\\db\/plugins/mcufinder/images/
2025-05-27 21:46:46,712 [WARN] DbFile:41 - Overriding database path with different value: C:\Users\santi\.stmcufinder\plugins\mcufinder/ => C:\Users\santi\.stmcufinder\plugins\mcufinder
2025-05-27 21:46:46,712 [INFO] ApiDb:250 - Set database path to: C:\Users\santi\.stmcufinder\plugins\mcufinder//mcu/
2025-05-27 21:46:46,712 [WARN] DbFile:41 - Overriding database path with different value: C:\Users\santi\.stmcufinder\plugins\mcufinder/ => C:\Users\santi\.stmcufinder\plugins\mcufinder
2025-05-27 21:46:46,713 [INFO] DbMcusAds:125 - Set database path to: C:\Users\santi\.stmcufinder\plugins\mcufinder//mcu/
2025-05-27 21:46:46,713 [WARN] DbFile:41 - Overriding database path with different value: C:\Users\santi\.stmcufinder\plugins\mcufinder/ => C:\Users\santi\.stmcufinder\plugins\mcufinder
2025-05-27 21:46:46,713 [WARN] DbFile:41 - Overriding database path with different value: C:\Users\santi\.stmcufinder\plugins\mcufinder/ => C:\Users\santi\.stmcufinder\plugins\mcufinder
2025-05-27 21:46:46,798 [INFO] CrossReferenceDbSqlite:203 - Set database path to: C:\Users\santi\.stmcufinder\plugins\mcufinder//mcu/cs/
2025-05-27 21:46:47,229 [INFO] MainPanel:272 - HeapMemory: 268435456
2025-05-27 21:46:47,691 [INFO] DbMcusXml:78 - Set database path to: E:\STM\ID\STM32CubeIDE_1.18.1\STM32CubeIDE\plugins\com.st.stm32cube.common.mx_6.14.1.202504091515\\db\/mcu/
2025-05-27 21:46:47,691 [INFO] ApiDb:274 - Set plugin database path to: E:\STM\ID\STM32CubeIDE_1.18.1\STM32CubeIDE\plugins\com.st.stm32cube.common.mx_6.14.1.202504091515\\db\/plugins/boardmanager/
2025-05-27 21:46:47,693 [INFO] ApiDb:261 - Set plugin images path to: E:\STM\ID\STM32CubeIDE_1.18.1\STM32CubeIDE\plugins\com.st.stm32cube.common.mx_6.14.1.202504091515\\db\/plugins/mcufinder/images/
2025-05-27 21:46:47,694 [WARN] DbFile:41 - Overriding database path with different value: C:\Users\santi\.stmcufinder\plugins\mcufinder/ => C:\Users\santi\.stmcufinder\plugins\mcufinder
2025-05-27 21:46:47,694 [INFO] ApiDb:250 - Set database path to: C:\Users\santi\.stmcufinder\plugins\mcufinder//mcu/
2025-05-27 21:46:47,694 [WARN] DbFile:41 - Overriding database path with different value: C:\Users\santi\.stmcufinder\plugins\mcufinder/ => C:\Users\santi\.stmcufinder\plugins\mcufinder
2025-05-27 21:46:47,694 [INFO] DbMcusAds:125 - Set database path to: C:\Users\santi\.stmcufinder\plugins\mcufinder//mcu/
2025-05-27 21:46:47,696 [WARN] DbFile:41 - Overriding database path with different value: C:\Users\santi\.stmcufinder\plugins\mcufinder/ => C:\Users\santi\.stmcufinder\plugins\mcufinder
2025-05-27 21:46:47,696 [WARN] DbFile:41 - Overriding database path with different value: C:\Users\santi\.stmcufinder\plugins\mcufinder/ => C:\Users\santi\.stmcufinder\plugins\mcufinder
2025-05-27 21:46:47,696 [INFO] CrossReferenceDbSqlite:203 - Set database path to: C:\Users\santi\.stmcufinder\plugins\mcufinder//mcu/cs/
2025-05-27 21:46:47,854 [INFO] ApplicationProperties:184 - Using Application install path: E:\STM\ID\STM32CubeIDE_1.18.1\STM32CubeIDE\plugins\com.st.stm32cube.common.mx_6.14.1.202504091515
2025-05-27 21:46:47,856 [INFO] PluginManage:196 - Search for loadable plugins [exclusion list=, ]
2025-05-27 21:46:47,858 [INFO] PluginManage:310 - Check plugin analytics
2025-05-27 21:46:54,033 [INFO] AnalyticsPlugin:253 - Accepted Software Licenses: STM32CubeMX.6.14.1
2025-05-27 21:46:54,033 [INFO] AnalyticsPlugin:255 - Accepted CMSIS Pack Licenses: 
2025-05-27 21:46:54,033 [INFO] AnalyticsPlugin:257 - Accepted Firmware Licenses: FW.F4.1.28.0
2025-05-27 21:46:54,036 [INFO] PluginManage:359 - Loaded plugin analytics (category:tool,tabindex:-1)
2025-05-27 21:46:54,037 [INFO] PluginManage:310 - Check plugin cadmodel
2025-05-27 21:46:54,096 [INFO] CADModel:105 - Init CAD model plugin
2025-05-27 21:46:54,096 [INFO] PluginManage:359 - Loaded plugin cadmodel (category:power,tabindex:5)
2025-05-27 21:46:54,096 [INFO] PluginManage:310 - Check plugin clock
2025-05-27 21:46:54,118 [INFO] PluginManage:359 - Loaded plugin clock (category:base,tabindex:2)
2025-05-27 21:46:54,119 [INFO] PluginManage:310 - Check plugin ddr
2025-05-27 21:46:54,164 [INFO] PluginManage:359 - Loaded plugin ddr (category:tool,tabindex:6)
2025-05-27 21:46:54,164 [INFO] PluginManage:310 - Check plugin filemanager
2025-05-27 21:46:54,820 [INFO] PluginManage:359 - Loaded plugin filemanager (category:base,tabindex:10)
2025-05-27 21:46:54,820 [INFO] PluginManage:310 - Check plugin ipmanager
2025-05-27 21:46:54,842 [INFO] PluginManage:359 - Loaded plugin ipmanager (category:base,tabindex:5)
2025-05-27 21:46:54,843 [INFO] PluginManage:310 - Check plugin lpbam
2025-05-27 21:46:54,854 [INFO] PluginManage:359 - Loaded plugin lpbam (category:base,tabindex:0)
2025-05-27 21:46:54,854 [INFO] PluginManage:310 - Check plugin memorymap
2025-05-27 21:46:55,019 [INFO] PluginManage:359 - Loaded plugin memorymap (category:base,tabindex:4)
2025-05-27 21:46:55,019 [INFO] PluginManage:310 - Check plugin pinoutandconfiguration
2025-05-27 21:46:55,124 [INFO] PluginManage:359 - Loaded plugin pinoutandconfiguration (category:base,tabindex:1)
2025-05-27 21:46:55,130 [INFO] PluginManage:310 - Check plugin pinoutconfig
2025-05-27 21:46:55,690 [WARN] SupportedApi:132 - Cannot load RTOS API schema: s4s-elt-must-match.1: The content of 'definitions' must match (annotation?, (simpleType | complexType)?, (unique | key | keyref)*)). A problem was found starting at: attribute.
2025-05-27 21:46:55,968 [INFO] PluginManage:359 - Loaded plugin pinoutconfig (category:base,tabindex:0)
2025-05-27 21:46:55,968 [INFO] PluginManage:310 - Check plugin power
2025-05-27 21:46:56,130 [INFO] PluginManage:359 - Loaded plugin power (category:power,tabindex:4)
2025-05-27 21:46:56,136 [INFO] PluginManage:310 - Check plugin projectmanager
2025-05-27 21:46:56,214 [INFO] PluginManage:359 - Loaded plugin projectmanager (category:projectmanager,tabindex:4)
2025-05-27 21:46:56,215 [INFO] PluginManage:310 - Check plugin rif
2025-05-27 21:46:56,252 [INFO] PluginManage:359 - Loaded plugin rif (category:base,tabindex:3)
2025-05-27 21:46:56,253 [INFO] PluginManage:310 - Check plugin thirdparty
2025-05-27 21:46:59,089 [WARN] IntegrityCheckThread:84 - waiting for thirdparty lock release [integrity check]
2025-05-27 21:46:59,090 [INFO] IntegrityCheckThread:86 - entering critical section [integrity check]
2025-05-27 21:46:59,091 [INFO] ThirdPartyUpdaterWithRetryManager:70 - Updater plugin not ready yet. [1/15]
2025-05-27 21:46:59,091 [INFO] PluginManage:359 - Loaded plugin thirdparty (category:base,tabindex:-1)
2025-05-27 21:46:59,091 [INFO] PluginManage:310 - Check plugin tools
2025-05-27 21:46:59,097 [INFO] PluginManage:359 - Loaded plugin tools (category:base,tabindex:7)
2025-05-27 21:46:59,097 [INFO] PluginManage:310 - Check plugin tutovideos
2025-05-27 21:46:59,455 [INFO] PluginManage:359 - Loaded plugin tutovideos (category:base,tabindex:-1)
2025-05-27 21:46:59,455 [INFO] PluginManage:310 - Check plugin updater
2025-05-27 21:46:59,498 [INFO] PluginManage:359 - Loaded plugin updater (category:base,tabindex:12)
2025-05-27 21:46:59,498 [INFO] PluginManage:310 - Check plugin userauth
2025-05-27 21:46:59,518 [INFO] UserAuth:118 - Init User Auth plugin
2025-05-27 21:46:59,519 [INFO] PluginManage:359 - Loaded plugin userauth (category:base,tabindex:14)
2025-05-27 21:46:59,520 [INFO] PluginManage:283 - PluginManage : Loaded plugins [18]
2025-05-27 21:47:00,102 [INFO] PinOutPanel:1589 - setPackage(No Configuration,No Configuration)
2025-05-27 21:47:00,249 [INFO] CADModel:165 - CPN selected for project level
2025-05-27 21:47:00,249 [INFO] CADModel:114 - Register for checkConnection events
2025-05-27 21:47:00,307 [INFO] IPUIPlugin:80 - create IPUIPlugin
2025-05-27 21:47:00,307 [INFO] PluginManager:220 - loadIPPluginJar : add adc
2025-05-27 21:47:00,310 [INFO] IPUIPlugin:80 - create IPUIPlugin
2025-05-27 21:47:00,311 [INFO] PluginManager:220 - loadIPPluginJar : add aes
2025-05-27 21:47:00,314 [INFO] IPUIPlugin:80 - create IPUIPlugin
2025-05-27 21:47:00,314 [INFO] PluginManager:220 - loadIPPluginJar : add can
2025-05-27 21:47:00,315 [INFO] IPUIPlugin:80 - create IPUIPlugin
2025-05-27 21:47:00,316 [INFO] PluginManager:220 - loadIPPluginJar : add comp
2025-05-27 21:47:00,319 [INFO] IPUIPlugin:80 - create IPUIPlugin
2025-05-27 21:47:00,319 [INFO] PluginManager:220 - loadIPPluginJar : add cryp
2025-05-27 21:47:00,354 [INFO] IPUIPlugin:80 - create IPUIPlugin
2025-05-27 21:47:00,354 [INFO] PluginManager:220 - loadIPPluginJar : add ddr_ctrl_phy
2025-05-27 21:47:00,358 [INFO] IPUIPlugin:80 - create IPUIPlugin
2025-05-27 21:47:00,358 [INFO] PluginManager:220 - loadIPPluginJar : add dfsdm
2025-05-27 21:47:00,365 [INFO] IPUIPlugin:80 - create IPUIPlugin
2025-05-27 21:47:00,365 [INFO] PluginManager:220 - loadIPPluginJar : add dma
2025-05-27 21:47:00,369 [INFO] IPUIPlugin:80 - create IPUIPlugin
2025-05-27 21:47:00,369 [INFO] PluginManager:220 - loadIPPluginJar : add dma3
2025-05-27 21:47:00,372 [INFO] IPUIPlugin:80 - create IPUIPlugin
2025-05-27 21:47:00,372 [INFO] PluginManager:220 - loadIPPluginJar : add extmemmanager
2025-05-27 21:47:00,374 [INFO] IPUIPlugin:80 - create IPUIPlugin
2025-05-27 21:47:00,374 [INFO] PluginManager:220 - loadIPPluginJar : add fatfs
2025-05-27 21:47:00,378 [INFO] IPUIPlugin:80 - create IPUIPlugin
2025-05-27 21:47:00,379 [INFO] PluginManager:220 - loadIPPluginJar : add fmc
2025-05-27 21:47:00,400 [INFO] IPUIPlugin:80 - create IPUIPlugin
2025-05-27 21:47:00,400 [INFO] PluginManager:220 - loadIPPluginJar : add freertos
2025-05-27 21:47:00,402 [INFO] IPUIPlugin:80 - create IPUIPlugin
2025-05-27 21:47:00,402 [INFO] PluginManager:220 - loadIPPluginJar : add genericplugin
2025-05-27 21:47:00,413 [INFO] IPUIPlugin:80 - create IPUIPlugin
2025-05-27 21:47:00,413 [INFO] PluginManager:220 - loadIPPluginJar : add gfxmmu
2025-05-27 21:47:00,418 [INFO] IPUIPlugin:80 - create IPUIPlugin
2025-05-27 21:47:00,418 [INFO] PluginManager:220 - loadIPPluginJar : add gic
2025-05-27 21:47:00,432 [INFO] IPUIPlugin:80 - create IPUIPlugin
2025-05-27 21:47:00,433 [INFO] PluginManager:220 - loadIPPluginJar : add gpio
2025-05-27 21:47:00,435 [INFO] IPUIPlugin:80 - create IPUIPlugin
2025-05-27 21:47:00,436 [INFO] PluginManager:220 - loadIPPluginJar : add gtzc
2025-05-27 21:47:00,439 [INFO] IPUIPlugin:80 - create IPUIPlugin
2025-05-27 21:47:00,439 [INFO] PluginManager:220 - loadIPPluginJar : add hash
2025-05-27 21:47:00,442 [INFO] IPUIPlugin:80 - create IPUIPlugin
2025-05-27 21:47:00,442 [INFO] PluginManager:220 - loadIPPluginJar : add i2c
2025-05-27 21:47:00,444 [INFO] IPUIPlugin:80 - create IPUIPlugin
2025-05-27 21:47:00,445 [INFO] PluginManager:220 - loadIPPluginJar : add i2s
2025-05-27 21:47:00,447 [INFO] IPUIPlugin:80 - create IPUIPlugin
2025-05-27 21:47:00,447 [INFO] PluginManager:220 - loadIPPluginJar : add i3c
2025-05-27 21:47:00,450 [INFO] IPUIPlugin:80 - create IPUIPlugin
2025-05-27 21:47:00,451 [INFO] PluginManager:220 - loadIPPluginJar : add ipddr
2025-05-27 21:47:00,457 [INFO] IPUIPlugin:80 - create IPUIPlugin
2025-05-27 21:47:00,457 [INFO] PluginManager:220 - loadIPPluginJar : add linkedlist
2025-05-27 21:47:00,460 [INFO] IPUIPlugin:80 - create IPUIPlugin
2025-05-27 21:47:00,460 [INFO] PluginManager:220 - loadIPPluginJar : add lorawan
2025-05-27 21:47:00,461 [INFO] IPUIPlugin:80 - create IPUIPlugin
2025-05-27 21:47:00,462 [INFO] PluginManager:220 - loadIPPluginJar : add ltdc
2025-05-27 21:47:00,493 [INFO] IPUIPlugin:80 - create IPUIPlugin
2025-05-27 21:47:00,493 [INFO] PluginManager:220 - loadIPPluginJar : add mdma
2025-05-27 21:47:00,496 [INFO] IPUIPlugin:80 - create IPUIPlugin
2025-05-27 21:47:00,496 [INFO] PluginManager:220 - loadIPPluginJar : add nvic
2025-05-27 21:47:00,499 [INFO] IPUIPlugin:80 - create IPUIPlugin
2025-05-27 21:47:00,499 [INFO] PluginManager:220 - loadIPPluginJar : add opamp
2025-05-27 21:47:00,502 [INFO] IPUIPlugin:80 - create IPUIPlugin
2025-05-27 21:47:00,502 [INFO] PluginManager:220 - loadIPPluginJar : add openamp
2025-05-27 21:47:00,506 [INFO] IPUIPlugin:80 - create IPUIPlugin
2025-05-27 21:47:00,506 [INFO] PluginManager:220 - loadIPPluginJar : add pdm2pcm
2025-05-27 21:47:00,511 [INFO] IPUIPlugin:80 - create IPUIPlugin
2025-05-27 21:47:00,513 [INFO] PluginManager:220 - loadIPPluginJar : add plateformsettings
2025-05-27 21:47:00,514 [INFO] IPUIPlugin:80 - create IPUIPlugin
2025-05-27 21:47:00,514 [INFO] PluginManager:220 - loadIPPluginJar : add quadspi
2025-05-27 21:47:00,517 [INFO] IPUIPlugin:80 - create IPUIPlugin
2025-05-27 21:47:00,517 [INFO] PluginManager:220 - loadIPPluginJar : add radio
2025-05-27 21:47:00,522 [INFO] IPUIPlugin:80 - create IPUIPlugin
2025-05-27 21:47:00,522 [INFO] PluginManager:220 - loadIPPluginJar : add resmgrutility
2025-05-27 21:47:00,525 [INFO] IPUIPlugin:80 - create IPUIPlugin
2025-05-27 21:47:00,525 [INFO] PluginManager:220 - loadIPPluginJar : add sai
2025-05-27 21:47:00,528 [INFO] IPUIPlugin:80 - create IPUIPlugin
2025-05-27 21:47:00,528 [INFO] PluginManager:220 - loadIPPluginJar : add spi
2025-05-27 21:47:00,534 [INFO] IPUIPlugin:80 - create IPUIPlugin
2025-05-27 21:47:00,534 [INFO] PluginManager:220 - loadIPPluginJar : add stm32_wpan
2025-05-27 21:47:00,536 [INFO] IPUIPlugin:80 - create IPUIPlugin
2025-05-27 21:47:00,536 [INFO] PluginManager:220 - loadIPPluginJar : add tim
2025-05-27 21:47:00,540 [INFO] IPUIPlugin:80 - create IPUIPlugin
2025-05-27 21:47:00,540 [INFO] PluginManager:220 - loadIPPluginJar : add touchsensing
2025-05-27 21:47:00,553 [INFO] IPUIPlugin:80 - create IPUIPlugin
2025-05-27 21:47:00,553 [INFO] PluginManager:220 - loadIPPluginJar : add tracer_emb
2025-05-27 21:47:00,565 [INFO] IPUIPlugin:80 - create IPUIPlugin
2025-05-27 21:47:00,565 [INFO] PluginManager:220 - loadIPPluginJar : add ts
2025-05-27 21:47:00,575 [INFO] IPUIPlugin:80 - create IPUIPlugin
2025-05-27 21:47:00,575 [INFO] PluginManager:220 - loadIPPluginJar : add tsc
2025-05-27 21:47:00,586 [INFO] IPUIPlugin:80 - create IPUIPlugin
2025-05-27 21:47:00,586 [INFO] PluginManager:220 - loadIPPluginJar : add ucpd
2025-05-27 21:47:00,595 [INFO] IPUIPlugin:80 - create IPUIPlugin
2025-05-27 21:47:00,595 [INFO] PluginManager:220 - loadIPPluginJar : add usart
2025-05-27 21:47:00,612 [INFO] IPUIPlugin:80 - create IPUIPlugin
2025-05-27 21:47:00,612 [INFO] PluginManager:220 - loadIPPluginJar : add usbx
2025-05-27 21:47:00,767 [FATAL] Updater:351 - Updater called before beeing initialized
2025-05-27 21:47:00,812 [INFO] RulesReader:64 - Compatibility file has been processed (302 Rules)
2025-05-27 21:47:00,824 [INFO] RulesReader:64 - Compatibility file has been processed (302 Rules)
2025-05-27 21:47:00,832 [INFO] CADModel:165 - CPN selected for project level
2025-05-27 21:47:00,833 [INFO] CADModel:114 - Register for checkConnection events
2025-05-27 21:47:00,833 [FATAL] Updater:351 - Updater called before beeing initialized
2025-05-27 21:47:00,833 [ERROR] CADModel:125 - Updater not yet initialized, retry later 
2025-05-27 21:47:01,083 [FATAL] Updater:351 - Updater called before beeing initialized
2025-05-27 21:47:01,106 [INFO] CADModel:165 - CPN selected for project level
2025-05-27 21:47:01,106 [INFO] CADModel:114 - Register for checkConnection events
2025-05-27 21:47:01,106 [FATAL] Updater:351 - Updater called before beeing initialized
2025-05-27 21:47:01,106 [ERROR] CADModel:125 - Updater not yet initialized, retry later 
2025-05-27 21:47:01,129 [FATAL] Updater:351 - Updater called before beeing initialized
2025-05-27 21:47:01,275 [FATAL] Updater:351 - Updater called before beeing initialized
2025-05-27 21:47:01,287 [INFO] DbMcusAds:53 - JSON generation date=Wed May 07 06:07:55 UYT 2025 (1746608875679)
2025-05-27 21:47:01,287 [FATAL] Updater:351 - Updater called before beeing initialized
2025-05-27 21:47:01,410 [WARN] DetailPanel:346 - Failed to get advertising image, set to default
2025-05-27 21:47:01,728 [FATAL] Updater:351 - Updater called before beeing initialized
2025-05-27 21:47:01,730 [FATAL] Updater:351 - Updater called before beeing initialized
2025-05-27 21:47:01,730 [FATAL] Updater:351 - Updater called before beeing initialized
2025-05-27 21:47:01,731 [WARN] DetailPanel:346 - Failed to get advertising image, set to default
2025-05-27 21:47:01,731 [FATAL] Updater:351 - Updater called before beeing initialized
2025-05-27 21:47:01,851 [ERROR] Updater:1198 - MainUpdater not yet initialized. External WinMGr cannot be set.
2025-05-27 21:47:01,866 [INFO] Updater:1134 - Updater Version found : 6.14.1
2025-05-27 21:47:01,915 [INFO] ApplicationProperties:184 - Using Application install path: E:\STM\ID\STM32CubeIDE_1.18.1\STM32CubeIDE\plugins\com.st.stm32cube.common.mx_6.14.1.202504091515
2025-05-27 21:47:02,099 [INFO] ThirdPartyUpdaterWithRetryManager:70 - Updater plugin not ready yet. [2/15]
2025-05-27 21:47:02,450 [INFO] MainUpdater:2872 - connection check result : 10
2025-05-27 21:47:02,451 [INFO] MainUpdater:289 - Updater Check For Update Now.
2025-05-27 21:47:02,451 [INFO] MicroXplorer:498 - Change Database Version : DB.6.0.141
2025-05-27 21:47:02,476 [INFO] McuFinderGlobals:63 - Set McuFinder mode to 2 (CubeIDE integrated)
2025-05-27 21:47:02,477 [INFO] UserAuth:484 - Internet connection configuration mode: 1
2025-05-27 21:47:02,589 [INFO] JxBrowserEngine:152 - Initiate JxBrowser Engine with user profile folder
2025-05-27 21:47:02,709 [INFO] CheckServerUpdateThread:120 - End of CheckServer Thread
2025-05-27 21:47:04,241 [INFO] WebApp:169 - Instantiating new browser for Auth
2025-05-27 21:47:05,401 [INFO] WebApp:463 - Apply proxy settings
2025-05-27 21:47:05,401 [INFO] WebApp:548 - Chromium requires no authentication
2025-05-27 21:47:05,433 [INFO] WebApp:491 - Direct internet connection detected
2025-05-27 21:47:05,477 [INFO] WebApp:894 - Register for checkConnection events
2025-05-27 21:47:05,477 [INFO] WebApp:463 - Apply proxy settings
2025-05-27 21:47:05,478 [INFO] WebApp:548 - Chromium requires no authentication
2025-05-27 21:47:05,478 [INFO] WebApp:491 - Direct internet connection detected
2025-05-27 21:47:05,558 [WARN] PackLoader:240 - Cannot read IP mode file for STMicroelectronics.FP-SNS-MOTENVWB1.1.4.0
2025-05-27 21:47:05,574 [WARN] PackLoader:240 - Cannot read IP mode file for STMicroelectronics.X-CUBE-SMBUS.2.1.0
2025-05-27 21:47:05,581 [WARN] PackLoader:240 - Cannot read IP mode file for STMicroelectronics.X-CUBE-ST60.1.0.0
2025-05-27 21:47:05,651 [WARN] PackLoader:240 - Cannot read IP mode file for STMicroelectronics.X-CUBE-AZRTOS-F7.1.1.0
2025-05-27 21:47:05,695 [WARN] PackLoader:240 - Cannot read IP mode file for Infineon.AIROC-Wi-Fi-Bluetooth-STM32.1.7.0
2025-05-27 21:47:05,719 [WARN] PackLoader:240 - Cannot read IP mode file for STMicroelectronics.X-CUBE-DISPLAY.3.0.0
2025-05-27 21:47:05,736 [WARN] PackLoader:240 - Cannot read IP mode file for STMicroelectronics.X-CUBE-NFC10.1.0.0
2025-05-27 21:47:05,751 [WARN] PackLoader:240 - Cannot read IP mode file for STMicroelectronics.X-CUBE-BLEMGR.4.0.0
2025-05-27 21:47:05,761 [WARN] PackLoader:240 - Cannot read IP mode file for emotas.I-CUBE-CANOPEN.1.3.0
2025-05-27 21:47:05,767 [WARN] ConditionMgr:438 - getConditionDescription Invalid condition id : Cortex-A Device cause : null
2025-05-27 21:47:05,805 [WARN] ConditionMgr:1044 - genDependencies : Invalid condition id : Cortex-A Device cause : null
2025-05-27 21:47:05,806 [WARN] ConditionMgr:1044 - genDependencies : Invalid condition id : Cortex-A Device cause : null
2025-05-27 21:47:05,806 [WARN] ConditionMgr:1044 - genDependencies : Invalid condition id : Cortex-A Device cause : null
2025-05-27 21:47:05,819 [WARN] PackLoader:240 - Cannot read IP mode file for STMicroelectronics.X-CUBE-AI.10.0.0
2025-05-27 21:47:05,836 [WARN] PackLoader:240 - Cannot read IP mode file for STMicroelectronics.FP-SNS-SMARTAG2.1.2.0
2025-05-27 21:47:05,850 [INFO] LogOutputStream:77 - [STDOUT_REDIRECT] 1 : Invalid condition id : UX_CORESTACK_Condition cause : null
2025-05-27 21:47:05,851 [INFO] LogOutputStream:77 - [STDOUT_REDIRECT] 1 : Invalid condition id : UX_CORESTACK_Condition cause : null
2025-05-27 21:47:05,852 [INFO] LogOutputStream:77 - [STDOUT_REDIRECT] 1 : Invalid condition id : UX_CORESTACK_Condition cause : null
2025-05-27 21:47:05,853 [INFO] LogOutputStream:77 - [STDOUT_REDIRECT] 1 : Invalid condition id : UX_CORESTACK_Condition cause : null
2025-05-27 21:47:05,856 [INFO] LogOutputStream:77 - [STDOUT_REDIRECT] 1 : Invalid condition id : UX_CORESTACK_Condition cause : null
2025-05-27 21:47:05,921 [WARN] PackLoader:240 - Cannot read IP mode file for STMicroelectronics.X-CUBE-AZRTOS-WL.2.0.0
2025-05-27 21:47:06,000 [INFO] WebApp:191 - Connection restablished
2025-05-27 21:47:06,011 [WARN] PackLoader:240 - Cannot read IP mode file for STMicroelectronics.FP-SNS-MOTENV1.5.0.0
2025-05-27 21:47:06,048 [WARN] PackLoader:240 - Cannot read IP mode file for WES.I-CUBE-Cesium.1.3.0
2025-05-27 21:47:06,075 [WARN] PackLoader:240 - Cannot read IP mode file for STMicroelectronics.X-CUBE-BLE2.3.3.0
2025-05-27 21:47:06,084 [WARN] PackLoader:240 - Cannot read IP mode file for STMicroelectronics.X-CUBE-NFC9.1.0.0
2025-05-27 21:47:06,093 [WARN] PackLoader:240 - Cannot read IP mode file for wolfSSL.I-CUBE-wolfSSL.5.8.0
2025-05-27 21:47:06,101 [WARN] PackLoader:240 - Cannot read IP mode file for wolfSSL.I-CUBE-wolfMQTT.1.19.2
2025-05-27 21:47:06,119 [WARN] PackLoader:240 - Cannot read IP mode file for STMicroelectronics.X-CUBE-AZRTOS-G0.1.1.0
2025-05-27 21:47:06,137 [WARN] PackLoader:240 - Cannot read IP mode file for STMicroelectronics.X-CUBE-SAFEA1.1.2.2
2025-05-27 21:47:06,151 [WARN] PackLoader:240 - Cannot read IP mode file for STMicroelectronics.X-CUBE-NFC4.3.0.0
2025-05-27 21:47:06,181 [WARN] PackLoader:240 - Cannot read IP mode file for EmbeddedOffice.I-CUBE-FS-RTOS.1.0.1
2025-05-27 21:47:06,192 [WARN] PackLoader:240 - Cannot read IP mode file for STMicroelectronics.X-CUBE-WB05N.2.0.0
2025-05-27 21:47:06,200 [WARN] PackLoader:240 - Cannot read IP mode file for wolfSSL.I-CUBE-wolfTPM.3.8.0
2025-05-27 21:47:06,210 [WARN] PackLoader:240 - Cannot read IP mode file for STMicroelectronics.X-CUBE-TCPP.4.2.0
2025-05-27 21:47:06,228 [WARN] PackLoader:240 - Cannot read IP mode file for RealThread.X-CUBE-RT-Thread_Nano.4.1.1
2025-05-27 21:47:06,234 [WARN] PackLoader:240 - Cannot read IP mode file for STMicroelectronics.FP-ATR-SIGFOX1.3.2.0
2025-05-27 21:47:06,253 [WARN] PackLoader:240 - Cannot read IP mode file for STMicroelectronics.X-CUBE-EEPRMA1.5.1.0
2025-05-27 21:47:06,267 [WARN] PackLoader:240 - Cannot read IP mode file for ITTIA_DB.I-CUBE-ITTIADB.8.9.0
2025-05-27 21:47:06,299 [WARN] PackLoader:240 - Cannot read IP mode file for SEGGER.I-CUBE-embOS.1.3.1
2025-05-27 21:47:06,362 [WARN] PackLoader:240 - Cannot read IP mode file for STMicroelectronics.X-CUBE-ALGOBUILD.1.4.0
2025-05-27 21:47:06,392 [INFO] WebApp:225 - Starting web application
2025-05-27 21:47:06,393 [WARN] PackLoader:240 - Cannot read IP mode file for STMicroelectronics.X-CUBE-AZRTOS-F4.1.1.0
2025-05-27 21:47:06,394 [INFO] WebApp:593 - Web application path used E:\STM\ID\STM32CubeIDE_1.18.1\STM32CubeIDE\plugins\com.st.stm32cube.common.mx_6.14.1.202504091515\db\plugins\mcufinder\reactClient1\index.html
2025-05-27 21:47:06,401 [WARN] PackLoader:240 - Cannot read IP mode file for Avnet-IotConnect.X-CUBE-IoTC-DA16k-PMOD.1.0.0
2025-05-27 21:47:06,415 [WARN] PackLoader:240 - Cannot read IP mode file for STMicroelectronics.X-CUBE-ISPU.2.1.0
2025-05-27 21:47:06,446 [WARN] PackLoader:240 - Cannot read IP mode file for STMicroelectronics.X-CUBE-AZRTOS-L5.2.0.0
2025-05-27 21:47:06,456 [WARN] PackLoader:240 - Cannot read IP mode file for STMicroelectronics.X-CUBE-NFC6.3.1.0
2025-05-27 21:47:06,472 [WARN] PackLoader:240 - Cannot read IP mode file for STMicroelectronics.X-CUBE-FREERTOS.1.3.1
2025-05-27 21:47:06,478 [WARN] PackLoader:240 - Cannot read IP mode file for STMicroelectronics.X-CUBE-FREERTOS.1.3.0
2025-05-27 21:47:06,521 [WARN] ConditionMgr:438 - getConditionDescription Invalid condition id : LAN8742 Phy interface Condition cause : null
2025-05-27 21:47:06,523 [WARN] PackLoader:240 - Cannot read IP mode file for STMicroelectronics.X-CUBE-AZRTOS-L4.2.0.0
2025-05-27 21:47:06,531 [WARN] ConditionMgr:1044 - genDependencies : Invalid condition id : LAN8742 Phy interface Condition cause : null
2025-05-27 21:47:06,532 [WARN] ConditionMgr:1044 - genDependencies : Invalid condition id : LAN8742 Phy interface Condition cause : null
2025-05-27 21:47:06,532 [WARN] ConditionMgr:1044 - genDependencies : Invalid condition id : LAN8742 Phy interface Condition cause : null
2025-05-27 21:47:06,541 [WARN] PackLoader:240 - Cannot read IP mode file for STMicroelectronics.X-CUBE-SFXS2LP1.4.0.0
2025-05-27 21:47:06,579 [WARN] PackLoader:240 - Cannot read IP mode file for STMicroelectronics.X-CUBE-AZRTOS-H7.3.3.0
2025-05-27 21:47:06,601 [WARN] ConditionMgr:438 - getConditionDescription Invalid condition id : UX DEVICE CLASS RTOS Condition cause : null
2025-05-27 21:47:06,601 [WARN] ConditionMgr:438 - getConditionDescription Invalid condition id : UX DEVICE CLASS RTOS Condition cause : null
2025-05-27 21:47:06,602 [WARN] PackLoader:240 - Cannot read IP mode file for STMicroelectronics.X-CUBE-AZRTOS-WB.2.0.0
2025-05-27 21:47:06,607 [WARN] ConditionMgr:1044 - genDependencies : Invalid condition id : UX DEVICE CLASS RTOS Condition cause : null
2025-05-27 21:47:06,607 [WARN] ConditionMgr:1044 - genDependencies : Invalid condition id : UX DEVICE CLASS RTOS Condition cause : null
2025-05-27 21:47:06,607 [WARN] ConditionMgr:1044 - genDependencies : Invalid condition id : UX DEVICE CLASS RTOS Condition cause : null
2025-05-27 21:47:06,608 [WARN] ConditionMgr:1044 - genDependencies : Invalid condition id : UX DEVICE CLASS RTOS Condition cause : null
2025-05-27 21:47:06,608 [WARN] ConditionMgr:1044 - genDependencies : Invalid condition id : UX DEVICE CLASS RTOS Condition cause : null
2025-05-27 21:47:06,614 [WARN] PackLoader:240 - Cannot read IP mode file for STMicroelectronics.X-CUBE-GNSS1.7.0.1
2025-05-27 21:47:06,624 [WARN] PackLoader:240 - Cannot read IP mode file for STMicroelectronics.FP-SNS-STBOX1.2.0.0
2025-05-27 21:47:06,636 [WARN] PackLoader:240 - Cannot read IP mode file for STMicroelectronics.X-CUBE-SUBG2.5.0.0
2025-05-27 21:47:06,672 [WARN] PackLoader:240 - Cannot read IP mode file for STMicroelectronics.X-CUBE-AZRTOS-H7RS.1.1.0
2025-05-27 21:47:06,692 [WARN] PackLoader:240 - Cannot read IP mode file for Cesanta.I-CUBE-Mongoose.7.13.0
2025-05-27 21:47:06,708 [INFO] UserAuth:484 - Internet connection configuration mode: 1
2025-05-27 21:47:06,711 [WARN] PackLoader:240 - Cannot read IP mode file for STMicroelectronics.X-CUBE-AZRTOS-G4.2.0.0
2025-05-27 21:47:06,723 [WARN] PackLoader:240 - Cannot read IP mode file for wolfSSL.I-CUBE-wolfSSH.1.4.20
2025-05-27 21:47:06,743 [WARN] PackLoader:240 - Cannot read IP mode file for STMicroelectronics.X-CUBE-IPS.3.1.0
2025-05-27 21:47:06,763 [WARN] PackLoader:240 - Cannot read IP mode file for STMicroelectronics.X-CUBE-ALS.1.0.2
2025-05-27 21:47:06,771 [WARN] PackLoader:240 - Cannot read IP mode file for portGmbH.I-Cube-SoM-uGOAL.1.1.0
2025-05-27 21:47:06,773 [INFO] ThirdParty:978 - Integrity check success = true
2025-05-27 21:47:06,773 [INFO] IntegrityCheckThread:100 - exiting critical section [integrity check]
2025-05-27 21:47:06,773 [INFO] IntegrityCheckThread:103 - End integrity checks thread
