2025-04-29 00:12:35,921 [INFO] WebApp:194 - Connection lost
2025-04-29 00:12:43,218 [INFO] WebApp:191 - Connection restablished
2025-04-29 00:12:44,508 [INFO] WebApp:194 - Connection lost
2025-04-29 00:12:44,604 [INFO] WebApp:191 - Connection restablished
2025-04-29 00:12:47,900 [INFO] WebApp:194 - Connection lost
2025-04-29 00:12:48,011 [INFO] WebApp:191 - Connection restablished
2025-04-29 00:15:23,398 [INFO] WebApp:403 - JxBrowser engine has been closed 
2025-04-29 15:19:30,126 [INFO] Activator:176 - 


2025-04-29 15:19:30,145 [INFO] Activator:177 - !SESSION log4j initialized
2025-04-29 15:19:37,671 [INFO] LogOutputStream:77 - [STDOUT_REDIRECT] 
2025-04-29 15:19:44,127 [INFO] ApplicationProperties:184 - Using Application install path: E:\stm\STM32CubeIDE_1.18.1\STM32CubeIDE\plugins\com.st.stm32cube.common.mx_6.14.1.202504091515
2025-04-29 15:19:44,202 [INFO] DbMcusXml:78 - Set database path to: E:\stm\STM32CubeIDE_1.18.1\STM32CubeIDE\plugins\com.st.stm32cube.common.mx_6.14.1.202504091515\\db\/mcu/
2025-04-29 15:19:44,203 [INFO] ApiDb:274 - Set plugin database path to: E:\stm\STM32CubeIDE_1.18.1\STM32CubeIDE\plugins\com.st.stm32cube.common.mx_6.14.1.202504091515\\db\/plugins/boardmanager/
2025-04-29 15:19:44,203 [WARN] ApiDb:259 - Overriding images path with different value:  => E:\stm\STM32CubeIDE_1.18.1\STM32CubeIDE\plugins\com.st.stm32cube.common.mx_6.14.1.202504091515\\db\/plugins/mcufinder/images/
2025-04-29 15:19:44,229 [INFO] ApiDb:250 - Set database path to: C:\Users\santi\.stmcufinder\plugins\mcufinder//mcu/
2025-04-29 15:19:44,230 [INFO] DbMcusAds:125 - Set database path to: C:\Users\santi\.stmcufinder\plugins\mcufinder//mcu/
2025-04-29 15:19:44,232 [INFO] CrossReferenceDbSqlite:203 - Set database path to: C:\Users\santi\.stmcufinder\plugins\mcufinder//mcu/cs/
2025-04-29 15:19:44,346 [INFO] RulesReader:64 - Compatibility file has been processed (302 Rules)
2025-04-29 15:19:44,464 [INFO] DbMcusXml:78 - Set database path to: E:\stm\STM32CubeIDE_1.18.1\STM32CubeIDE\plugins\com.st.stm32cube.common.mx_6.14.1.202504091515\\db\/mcu/
2025-04-29 15:19:44,464 [INFO] ApiDb:274 - Set plugin database path to: E:\stm\STM32CubeIDE_1.18.1\STM32CubeIDE\plugins\com.st.stm32cube.common.mx_6.14.1.202504091515\\db\/plugins/boardmanager/
2025-04-29 15:19:44,464 [INFO] ApiDb:261 - Set plugin images path to: E:\stm\STM32CubeIDE_1.18.1\STM32CubeIDE\plugins\com.st.stm32cube.common.mx_6.14.1.202504091515\\db\/plugins/mcufinder/images/
2025-04-29 15:19:44,465 [WARN] DbFile:41 - Overriding database path with different value: C:\Users\santi\.stmcufinder\plugins\mcufinder/ => C:\Users\santi\.stmcufinder\plugins\mcufinder
2025-04-29 15:19:44,465 [INFO] ApiDb:250 - Set database path to: C:\Users\santi\.stmcufinder\plugins\mcufinder//mcu/
2025-04-29 15:19:44,465 [WARN] DbFile:41 - Overriding database path with different value: C:\Users\santi\.stmcufinder\plugins\mcufinder/ => C:\Users\santi\.stmcufinder\plugins\mcufinder
2025-04-29 15:19:44,465 [INFO] DbMcusAds:125 - Set database path to: C:\Users\santi\.stmcufinder\plugins\mcufinder//mcu/
2025-04-29 15:19:44,465 [WARN] DbFile:41 - Overriding database path with different value: C:\Users\santi\.stmcufinder\plugins\mcufinder/ => C:\Users\santi\.stmcufinder\plugins\mcufinder
2025-04-29 15:19:44,465 [WARN] DbFile:41 - Overriding database path with different value: C:\Users\santi\.stmcufinder\plugins\mcufinder/ => C:\Users\santi\.stmcufinder\plugins\mcufinder
2025-04-29 15:19:44,465 [INFO] CrossReferenceDbSqlite:203 - Set database path to: C:\Users\santi\.stmcufinder\plugins\mcufinder//mcu/cs/
2025-04-29 15:19:44,577 [INFO] MainPanel:272 - HeapMemory: 268435456
2025-04-29 15:19:44,785 [INFO] DbMcusXml:78 - Set database path to: E:\stm\STM32CubeIDE_1.18.1\STM32CubeIDE\plugins\com.st.stm32cube.common.mx_6.14.1.202504091515\\db\/mcu/
2025-04-29 15:19:44,785 [INFO] ApiDb:274 - Set plugin database path to: E:\stm\STM32CubeIDE_1.18.1\STM32CubeIDE\plugins\com.st.stm32cube.common.mx_6.14.1.202504091515\\db\/plugins/boardmanager/
2025-04-29 15:19:44,786 [INFO] ApiDb:261 - Set plugin images path to: E:\stm\STM32CubeIDE_1.18.1\STM32CubeIDE\plugins\com.st.stm32cube.common.mx_6.14.1.202504091515\\db\/plugins/mcufinder/images/
2025-04-29 15:19:44,786 [WARN] DbFile:41 - Overriding database path with different value: C:\Users\santi\.stmcufinder\plugins\mcufinder/ => C:\Users\santi\.stmcufinder\plugins\mcufinder
2025-04-29 15:19:44,786 [INFO] ApiDb:250 - Set database path to: C:\Users\santi\.stmcufinder\plugins\mcufinder//mcu/
2025-04-29 15:19:44,786 [WARN] DbFile:41 - Overriding database path with different value: C:\Users\santi\.stmcufinder\plugins\mcufinder/ => C:\Users\santi\.stmcufinder\plugins\mcufinder
2025-04-29 15:19:44,786 [INFO] DbMcusAds:125 - Set database path to: C:\Users\santi\.stmcufinder\plugins\mcufinder//mcu/
2025-04-29 15:19:44,786 [WARN] DbFile:41 - Overriding database path with different value: C:\Users\santi\.stmcufinder\plugins\mcufinder/ => C:\Users\santi\.stmcufinder\plugins\mcufinder
2025-04-29 15:19:44,786 [WARN] DbFile:41 - Overriding database path with different value: C:\Users\santi\.stmcufinder\plugins\mcufinder/ => C:\Users\santi\.stmcufinder\plugins\mcufinder
2025-04-29 15:19:44,786 [INFO] CrossReferenceDbSqlite:203 - Set database path to: C:\Users\santi\.stmcufinder\plugins\mcufinder//mcu/cs/
2025-04-29 15:19:44,848 [INFO] ApplicationProperties:184 - Using Application install path: E:\stm\STM32CubeIDE_1.18.1\STM32CubeIDE\plugins\com.st.stm32cube.common.mx_6.14.1.202504091515
2025-04-29 15:19:44,850 [INFO] PluginManage:196 - Search for loadable plugins [exclusion list=, ]
2025-04-29 15:19:44,851 [INFO] PluginManage:310 - Check plugin analytics
2025-04-29 15:19:49,671 [INFO] AnalyticsPlugin:253 - Accepted Software Licenses: STM32CubeMX.6.14.1
2025-04-29 15:19:49,671 [INFO] AnalyticsPlugin:255 - Accepted CMSIS Pack Licenses: 
2025-04-29 15:19:49,671 [INFO] AnalyticsPlugin:257 - Accepted Firmware Licenses: 
2025-04-29 15:19:49,673 [INFO] PluginManage:359 - Loaded plugin analytics (category:tool,tabindex:-1)
2025-04-29 15:19:49,673 [INFO] PluginManage:310 - Check plugin cadmodel
2025-04-29 15:19:49,713 [INFO] CADModel:105 - Init CAD model plugin
2025-04-29 15:19:49,713 [INFO] PluginManage:359 - Loaded plugin cadmodel (category:power,tabindex:5)
2025-04-29 15:19:49,713 [INFO] PluginManage:310 - Check plugin clock
2025-04-29 15:19:49,753 [INFO] PluginManage:359 - Loaded plugin clock (category:base,tabindex:2)
2025-04-29 15:19:49,753 [INFO] PluginManage:310 - Check plugin ddr
2025-04-29 15:19:49,764 [INFO] PluginManage:359 - Loaded plugin ddr (category:tool,tabindex:6)
2025-04-29 15:19:49,764 [INFO] PluginManage:310 - Check plugin filemanager
2025-04-29 15:19:50,021 [INFO] PluginManage:359 - Loaded plugin filemanager (category:base,tabindex:10)
2025-04-29 15:19:50,022 [INFO] PluginManage:310 - Check plugin ipmanager
2025-04-29 15:19:50,027 [INFO] PluginManage:359 - Loaded plugin ipmanager (category:base,tabindex:5)
2025-04-29 15:19:50,028 [INFO] PluginManage:310 - Check plugin lpbam
2025-04-29 15:19:50,053 [INFO] PluginManage:359 - Loaded plugin lpbam (category:base,tabindex:0)
2025-04-29 15:19:50,053 [INFO] PluginManage:310 - Check plugin memorymap
2025-04-29 15:19:50,092 [INFO] PluginManage:359 - Loaded plugin memorymap (category:base,tabindex:4)
2025-04-29 15:19:50,092 [INFO] PluginManage:310 - Check plugin pinoutandconfiguration
2025-04-29 15:19:50,127 [INFO] PluginManage:359 - Loaded plugin pinoutandconfiguration (category:base,tabindex:1)
2025-04-29 15:19:50,127 [INFO] PluginManage:310 - Check plugin pinoutconfig
2025-04-29 15:19:50,252 [WARN] SupportedApi:132 - Cannot load RTOS API schema: s4s-elt-must-match.1: The content of 'definitions' must match (annotation?, (simpleType | complexType)?, (unique | key | keyref)*)). A problem was found starting at: attribute.
2025-04-29 15:19:50,409 [INFO] PluginManage:359 - Loaded plugin pinoutconfig (category:base,tabindex:0)
2025-04-29 15:19:50,409 [INFO] PluginManage:310 - Check plugin power
2025-04-29 15:19:50,442 [INFO] PluginManage:359 - Loaded plugin power (category:power,tabindex:4)
2025-04-29 15:19:50,442 [INFO] PluginManage:310 - Check plugin projectmanager
2025-04-29 15:19:50,464 [INFO] PluginManage:359 - Loaded plugin projectmanager (category:projectmanager,tabindex:4)
2025-04-29 15:19:50,464 [INFO] PluginManage:310 - Check plugin rif
2025-04-29 15:19:50,474 [INFO] PluginManage:359 - Loaded plugin rif (category:base,tabindex:3)
2025-04-29 15:19:50,474 [INFO] PluginManage:310 - Check plugin thirdparty
2025-04-29 15:19:50,731 [INFO] PluginManage:359 - Loaded plugin thirdparty (category:base,tabindex:-1)
2025-04-29 15:19:50,731 [WARN] IntegrityCheckThread:84 - waiting for thirdparty lock release [integrity check]
2025-04-29 15:19:50,731 [INFO] PluginManage:310 - Check plugin tools
2025-04-29 15:19:50,731 [INFO] IntegrityCheckThread:86 - entering critical section [integrity check]
2025-04-29 15:19:50,732 [INFO] ThirdPartyUpdaterWithRetryManager:70 - Updater plugin not ready yet. [1/15]
2025-04-29 15:19:50,741 [INFO] PluginManage:359 - Loaded plugin tools (category:base,tabindex:7)
2025-04-29 15:19:50,741 [INFO] PluginManage:310 - Check plugin tutovideos
2025-04-29 15:19:50,991 [INFO] PluginManage:359 - Loaded plugin tutovideos (category:base,tabindex:-1)
2025-04-29 15:19:50,991 [INFO] PluginManage:310 - Check plugin updater
2025-04-29 15:19:51,032 [INFO] PluginManage:359 - Loaded plugin updater (category:base,tabindex:12)
2025-04-29 15:19:51,032 [INFO] PluginManage:310 - Check plugin userauth
2025-04-29 15:19:51,056 [INFO] UserAuth:118 - Init User Auth plugin
2025-04-29 15:19:51,057 [INFO] PluginManage:359 - Loaded plugin userauth (category:base,tabindex:14)
2025-04-29 15:19:51,057 [INFO] PluginManage:283 - PluginManage : Loaded plugins [18]
2025-04-29 15:19:51,381 [INFO] PinOutPanel:1589 - setPackage(No Configuration,No Configuration)
2025-04-29 15:19:51,488 [INFO] CADModel:165 - CPN selected for project level
2025-04-29 15:19:51,488 [INFO] CADModel:114 - Register for checkConnection events
2025-04-29 15:19:51,530 [INFO] IPUIPlugin:80 - create IPUIPlugin
2025-04-29 15:19:51,530 [INFO] PluginManager:220 - loadIPPluginJar : add adc
2025-04-29 15:19:51,536 [INFO] IPUIPlugin:80 - create IPUIPlugin
2025-04-29 15:19:51,536 [INFO] PluginManager:220 - loadIPPluginJar : add aes
2025-04-29 15:19:51,542 [INFO] IPUIPlugin:80 - create IPUIPlugin
2025-04-29 15:19:51,543 [INFO] PluginManager:220 - loadIPPluginJar : add can
2025-04-29 15:19:51,545 [INFO] IPUIPlugin:80 - create IPUIPlugin
2025-04-29 15:19:51,545 [INFO] PluginManager:220 - loadIPPluginJar : add comp
2025-04-29 15:19:51,547 [INFO] IPUIPlugin:80 - create IPUIPlugin
2025-04-29 15:19:51,547 [INFO] PluginManager:220 - loadIPPluginJar : add cryp
2025-04-29 15:19:51,572 [INFO] IPUIPlugin:80 - create IPUIPlugin
2025-04-29 15:19:51,572 [INFO] PluginManager:220 - loadIPPluginJar : add ddr_ctrl_phy
2025-04-29 15:19:51,575 [INFO] IPUIPlugin:80 - create IPUIPlugin
2025-04-29 15:19:51,575 [INFO] PluginManager:220 - loadIPPluginJar : add dfsdm
2025-04-29 15:19:51,579 [INFO] IPUIPlugin:80 - create IPUIPlugin
2025-04-29 15:19:51,579 [INFO] PluginManager:220 - loadIPPluginJar : add dma
2025-04-29 15:19:51,580 [INFO] IPUIPlugin:80 - create IPUIPlugin
2025-04-29 15:19:51,581 [INFO] PluginManager:220 - loadIPPluginJar : add dma3
2025-04-29 15:19:51,582 [INFO] IPUIPlugin:80 - create IPUIPlugin
2025-04-29 15:19:51,583 [INFO] PluginManager:220 - loadIPPluginJar : add extmemmanager
2025-04-29 15:19:51,597 [INFO] IPUIPlugin:80 - create IPUIPlugin
2025-04-29 15:19:51,597 [INFO] PluginManager:220 - loadIPPluginJar : add fatfs
2025-04-29 15:19:51,600 [INFO] IPUIPlugin:80 - create IPUIPlugin
2025-04-29 15:19:51,600 [INFO] PluginManager:220 - loadIPPluginJar : add fmc
2025-04-29 15:19:51,607 [INFO] IPUIPlugin:80 - create IPUIPlugin
2025-04-29 15:19:51,607 [INFO] PluginManager:220 - loadIPPluginJar : add freertos
2025-04-29 15:19:51,609 [INFO] IPUIPlugin:80 - create IPUIPlugin
2025-04-29 15:19:51,609 [INFO] PluginManager:220 - loadIPPluginJar : add genericplugin
2025-04-29 15:19:51,620 [INFO] IPUIPlugin:80 - create IPUIPlugin
2025-04-29 15:19:51,620 [INFO] PluginManager:220 - loadIPPluginJar : add gfxmmu
2025-04-29 15:19:51,624 [INFO] IPUIPlugin:80 - create IPUIPlugin
2025-04-29 15:19:51,624 [INFO] PluginManager:220 - loadIPPluginJar : add gic
2025-04-29 15:19:51,627 [INFO] IPUIPlugin:80 - create IPUIPlugin
2025-04-29 15:19:51,628 [INFO] PluginManager:220 - loadIPPluginJar : add gpio
2025-04-29 15:19:51,630 [INFO] IPUIPlugin:80 - create IPUIPlugin
2025-04-29 15:19:51,630 [INFO] PluginManager:220 - loadIPPluginJar : add gtzc
2025-04-29 15:19:51,642 [INFO] IPUIPlugin:80 - create IPUIPlugin
2025-04-29 15:19:51,642 [INFO] PluginManager:220 - loadIPPluginJar : add hash
2025-04-29 15:19:51,658 [INFO] IPUIPlugin:80 - create IPUIPlugin
2025-04-29 15:19:51,658 [INFO] PluginManager:220 - loadIPPluginJar : add i2c
2025-04-29 15:19:51,660 [INFO] IPUIPlugin:80 - create IPUIPlugin
2025-04-29 15:19:51,660 [INFO] PluginManager:220 - loadIPPluginJar : add i2s
2025-04-29 15:19:51,685 [INFO] IPUIPlugin:80 - create IPUIPlugin
2025-04-29 15:19:51,686 [INFO] PluginManager:220 - loadIPPluginJar : add i3c
2025-04-29 15:19:51,689 [INFO] IPUIPlugin:80 - create IPUIPlugin
2025-04-29 15:19:51,689 [INFO] PluginManager:220 - loadIPPluginJar : add ipddr
2025-04-29 15:19:51,695 [INFO] IPUIPlugin:80 - create IPUIPlugin
2025-04-29 15:19:51,695 [INFO] PluginManager:220 - loadIPPluginJar : add linkedlist
2025-04-29 15:19:51,699 [INFO] IPUIPlugin:80 - create IPUIPlugin
2025-04-29 15:19:51,699 [INFO] PluginManager:220 - loadIPPluginJar : add lorawan
2025-04-29 15:19:51,701 [INFO] IPUIPlugin:80 - create IPUIPlugin
2025-04-29 15:19:51,701 [INFO] PluginManager:220 - loadIPPluginJar : add ltdc
2025-04-29 15:19:51,707 [INFO] IPUIPlugin:80 - create IPUIPlugin
2025-04-29 15:19:51,707 [INFO] PluginManager:220 - loadIPPluginJar : add mdma
2025-04-29 15:19:51,710 [INFO] IPUIPlugin:80 - create IPUIPlugin
2025-04-29 15:19:51,710 [INFO] PluginManager:220 - loadIPPluginJar : add nvic
2025-04-29 15:19:51,713 [INFO] IPUIPlugin:80 - create IPUIPlugin
2025-04-29 15:19:51,713 [INFO] PluginManager:220 - loadIPPluginJar : add opamp
2025-04-29 15:19:51,716 [INFO] IPUIPlugin:80 - create IPUIPlugin
2025-04-29 15:19:51,716 [INFO] PluginManager:220 - loadIPPluginJar : add openamp
2025-04-29 15:19:51,719 [INFO] IPUIPlugin:80 - create IPUIPlugin
2025-04-29 15:19:51,719 [INFO] PluginManager:220 - loadIPPluginJar : add pdm2pcm
2025-04-29 15:19:51,736 [INFO] IPUIPlugin:80 - create IPUIPlugin
2025-04-29 15:19:51,738 [INFO] PluginManager:220 - loadIPPluginJar : add plateformsettings
2025-04-29 15:19:51,739 [INFO] IPUIPlugin:80 - create IPUIPlugin
2025-04-29 15:19:51,740 [INFO] PluginManager:220 - loadIPPluginJar : add quadspi
2025-04-29 15:19:51,741 [INFO] IPUIPlugin:80 - create IPUIPlugin
2025-04-29 15:19:51,742 [INFO] PluginManager:220 - loadIPPluginJar : add radio
2025-04-29 15:19:51,746 [INFO] IPUIPlugin:80 - create IPUIPlugin
2025-04-29 15:19:51,746 [INFO] PluginManager:220 - loadIPPluginJar : add resmgrutility
2025-04-29 15:19:51,758 [INFO] IPUIPlugin:80 - create IPUIPlugin
2025-04-29 15:19:51,758 [INFO] PluginManager:220 - loadIPPluginJar : add sai
2025-04-29 15:19:51,760 [INFO] IPUIPlugin:80 - create IPUIPlugin
2025-04-29 15:19:51,760 [INFO] PluginManager:220 - loadIPPluginJar : add spi
2025-04-29 15:19:51,766 [INFO] IPUIPlugin:80 - create IPUIPlugin
2025-04-29 15:19:51,766 [INFO] PluginManager:220 - loadIPPluginJar : add stm32_wpan
2025-04-29 15:19:51,768 [INFO] IPUIPlugin:80 - create IPUIPlugin
2025-04-29 15:19:51,769 [INFO] PluginManager:220 - loadIPPluginJar : add tim
2025-04-29 15:19:51,772 [INFO] IPUIPlugin:80 - create IPUIPlugin
2025-04-29 15:19:51,773 [INFO] PluginManager:220 - loadIPPluginJar : add touchsensing
2025-04-29 15:19:51,776 [INFO] IPUIPlugin:80 - create IPUIPlugin
2025-04-29 15:19:51,776 [INFO] PluginManager:220 - loadIPPluginJar : add tracer_emb
2025-04-29 15:19:51,778 [INFO] IPUIPlugin:80 - create IPUIPlugin
2025-04-29 15:19:51,778 [INFO] PluginManager:220 - loadIPPluginJar : add ts
2025-04-29 15:19:51,780 [INFO] IPUIPlugin:80 - create IPUIPlugin
2025-04-29 15:19:51,780 [INFO] PluginManager:220 - loadIPPluginJar : add tsc
2025-04-29 15:19:51,782 [INFO] IPUIPlugin:80 - create IPUIPlugin
2025-04-29 15:19:51,782 [INFO] PluginManager:220 - loadIPPluginJar : add ucpd
2025-04-29 15:19:51,785 [INFO] IPUIPlugin:80 - create IPUIPlugin
2025-04-29 15:19:51,785 [INFO] PluginManager:220 - loadIPPluginJar : add usart
2025-04-29 15:19:51,789 [INFO] IPUIPlugin:80 - create IPUIPlugin
2025-04-29 15:19:51,789 [INFO] PluginManager:220 - loadIPPluginJar : add usbx
2025-04-29 15:19:51,944 [FATAL] Updater:351 - Updater called before beeing initialized
2025-04-29 15:19:51,983 [INFO] RulesReader:64 - Compatibility file has been processed (302 Rules)
2025-04-29 15:19:51,992 [INFO] RulesReader:64 - Compatibility file has been processed (302 Rules)
2025-04-29 15:19:52,000 [INFO] CADModel:165 - CPN selected for project level
2025-04-29 15:19:52,000 [INFO] CADModel:114 - Register for checkConnection events
2025-04-29 15:19:52,000 [FATAL] Updater:351 - Updater called before beeing initialized
2025-04-29 15:19:52,000 [ERROR] CADModel:125 - Updater not yet initialized, retry later 
2025-04-29 15:19:52,238 [FATAL] Updater:351 - Updater called before beeing initialized
2025-04-29 15:19:52,243 [INFO] CADModel:165 - CPN selected for project level
2025-04-29 15:19:52,243 [INFO] CADModel:114 - Register for checkConnection events
2025-04-29 15:19:52,243 [FATAL] Updater:351 - Updater called before beeing initialized
2025-04-29 15:19:52,243 [ERROR] CADModel:125 - Updater not yet initialized, retry later 
2025-04-29 15:19:52,267 [FATAL] Updater:351 - Updater called before beeing initialized
2025-04-29 15:19:52,373 [FATAL] Updater:351 - Updater called before beeing initialized
2025-04-29 15:19:52,381 [INFO] DbMcusAds:53 - JSON generation date=Thu Mar 06 11:54:22 UYT 2025 (1741272862078)
2025-04-29 15:19:52,382 [FATAL] Updater:351 - Updater called before beeing initialized
2025-04-29 15:19:52,471 [WARN] DetailPanel:346 - Failed to get advertising image, set to default
2025-04-29 15:19:52,691 [FATAL] Updater:351 - Updater called before beeing initialized
2025-04-29 15:19:52,693 [FATAL] Updater:351 - Updater called before beeing initialized
2025-04-29 15:19:52,693 [FATAL] Updater:351 - Updater called before beeing initialized
2025-04-29 15:19:52,693 [WARN] DetailPanel:346 - Failed to get advertising image, set to default
2025-04-29 15:19:52,694 [FATAL] Updater:351 - Updater called before beeing initialized
2025-04-29 15:19:52,767 [ERROR] Updater:1198 - MainUpdater not yet initialized. External WinMGr cannot be set.
2025-04-29 15:19:52,775 [INFO] Updater:1134 - Updater Version found : 6.14.1
2025-04-29 15:19:52,803 [INFO] ApplicationProperties:184 - Using Application install path: E:\stm\STM32CubeIDE_1.18.1\STM32CubeIDE\plugins\com.st.stm32cube.common.mx_6.14.1.202504091515
2025-04-29 15:19:53,734 [INFO] ThirdPartyUpdaterWithRetryManager:70 - Updater plugin not ready yet. [2/15]
2025-04-29 15:19:54,435 [ERROR] LogOutputStream:75 - [STDERR_REDIRECT] Apr 29, 2025 3:19:54 PM java.util.prefs.WindowsPreferences <init>
2025-04-29 15:19:54,436 [ERROR] LogOutputStream:75 - [STDERR_REDIRECT] WARNING: Could not open/create prefs root node Software\JavaSoft\Prefs at root 0xffffffff80000002. Windows RegCreateKeyEx(...) returned error code 5.
2025-04-29 15:19:54,436 [ERROR] LogOutputStream:75 - [STDERR_REDIRECT] 
2025-04-29 15:19:54,735 [INFO] MainUpdater:2872 - connection check result : 10
2025-04-29 15:19:54,735 [INFO] MainUpdater:3566 - Updater definition file requires update
2025-04-29 15:19:54,736 [INFO] MainUpdater:289 - Updater Check For Update Now.
2025-04-29 15:19:54,736 [INFO] MicroXplorer:498 - Change Database Version : DB.6.0.141
2025-04-29 15:19:54,742 [INFO] McuFinderGlobals:63 - Set McuFinder mode to 2 (CubeIDE integrated)
2025-04-29 15:19:54,743 [INFO] UserAuth:484 - Internet connection configuration mode: 1
2025-04-29 15:19:54,753 [INFO] ServerAccessManage:473 - Download File updaters.zip
2025-04-29 15:19:54,821 [INFO] JxBrowserEngine:152 - Initiate JxBrowser Engine with user profile folder
2025-04-29 15:19:54,827 [INFO] FileExtend:242 - Unzip File : updaters.zip
2025-04-29 15:19:54,827 [INFO] FileExtend:257 - Standard Zip Deflate
2025-04-29 15:19:55,153 [INFO] ServerAccessManage:473 - Download File PacksControlFlags.xml
2025-04-29 15:19:55,203 [INFO] ServerAccessManage:473 - Download File cubemx.pidx
2025-04-29 15:19:55,323 [INFO] LoadServerUpdatesThread:375 - End of LoadServerUpdate Thread
2025-04-29 15:19:55,489 [INFO] CheckServerUpdateThread:120 - End of CheckServer Thread
2025-04-29 15:19:56,342 [INFO] WebApp:169 - Instantiating new browser for Auth
2025-04-29 15:19:57,054 [WARN] PackLoader:240 - Cannot read IP mode file for STMicroelectronics.FP-SNS-MOTENVWB1.1.4.0
2025-04-29 15:19:57,067 [WARN] PackLoader:240 - Cannot read IP mode file for STMicroelectronics.FP-ATR-ASTRA1.2.0.2
2025-04-29 15:19:57,079 [WARN] PackLoader:240 - Cannot read IP mode file for STMicroelectronics.X-CUBE-SMBUS.2.1.0
2025-04-29 15:19:57,088 [WARN] PackLoader:240 - Cannot read IP mode file for STMicroelectronics.X-CUBE-WB05N.1.1.0
2025-04-29 15:19:57,133 [WARN] PackLoader:240 - Cannot read IP mode file for STMicroelectronics.X-CUBE-AZRTOS-F7.1.1.0
2025-04-29 15:19:57,147 [INFO] WebApp:463 - Apply proxy settings
2025-04-29 15:19:57,148 [INFO] WebApp:548 - Chromium requires no authentication
2025-04-29 15:19:57,172 [WARN] PackLoader:240 - Cannot read IP mode file for Infineon.AIROC-Wi-Fi-Bluetooth-STM32.1.7.0
2025-04-29 15:19:57,183 [INFO] WebApp:491 - Direct internet connection detected
2025-04-29 15:19:57,220 [WARN] PackLoader:240 - Cannot read IP mode file for STMicroelectronics.X-CUBE-DISPLAY.3.0.0
2025-04-29 15:19:57,253 [WARN] PackLoader:240 - Cannot read IP mode file for STMicroelectronics.X-CUBE-NFC10.1.0.0
2025-04-29 15:19:57,288 [WARN] PackLoader:240 - Cannot read IP mode file for STMicroelectronics.X-CUBE-BLEMGR.4.0.0
2025-04-29 15:19:57,289 [INFO] WebApp:894 - Register for checkConnection events
2025-04-29 15:19:57,289 [INFO] WebApp:463 - Apply proxy settings
2025-04-29 15:19:57,289 [INFO] WebApp:548 - Chromium requires no authentication
2025-04-29 15:19:57,289 [INFO] WebApp:491 - Direct internet connection detected
2025-04-29 15:19:57,309 [WARN] PackLoader:240 - Cannot read IP mode file for emotas.I-CUBE-CANOPEN.1.3.0
2025-04-29 15:19:57,317 [WARN] ConditionMgr:438 - getConditionDescription Invalid condition id : Cortex-A Device cause : null
2025-04-29 15:19:57,335 [WARN] ConditionMgr:1044 - genDependencies : Invalid condition id : Cortex-A Device cause : null
2025-04-29 15:19:57,336 [WARN] ConditionMgr:1044 - genDependencies : Invalid condition id : Cortex-A Device cause : null
2025-04-29 15:19:57,336 [WARN] ConditionMgr:1044 - genDependencies : Invalid condition id : Cortex-A Device cause : null
2025-04-29 15:19:57,340 [WARN] PackLoader:240 - Cannot read IP mode file for STMicroelectronics.X-CUBE-AI.10.0.0
2025-04-29 15:19:57,347 [WARN] PackLoader:240 - Cannot read IP mode file for STMicroelectronics.FP-SNS-SMARTAG2.1.2.0
2025-04-29 15:19:57,352 [WARN] PackLoader:240 - Cannot read IP mode file for STMicroelectronics.FP-SNS-FLIGHT1.5.1.0
2025-04-29 15:19:57,373 [INFO] LogOutputStream:77 - [STDOUT_REDIRECT] 1 : Invalid condition id : UX_CORESTACK_Condition cause : null
2025-04-29 15:19:57,373 [INFO] LogOutputStream:77 - [STDOUT_REDIRECT] 1 : Invalid condition id : UX_CORESTACK_Condition cause : null
2025-04-29 15:19:57,375 [INFO] LogOutputStream:77 - [STDOUT_REDIRECT] 1 : Invalid condition id : UX_CORESTACK_Condition cause : null
2025-04-29 15:19:57,377 [INFO] LogOutputStream:77 - [STDOUT_REDIRECT] 1 : Invalid condition id : UX_CORESTACK_Condition cause : null
2025-04-29 15:19:57,378 [INFO] LogOutputStream:77 - [STDOUT_REDIRECT] 1 : Invalid condition id : UX_CORESTACK_Condition cause : null
2025-04-29 15:19:57,380 [WARN] PackLoader:240 - Cannot read IP mode file for STMicroelectronics.X-CUBE-AZRTOS-WL.2.0.0
2025-04-29 15:19:57,387 [WARN] PackLoader:240 - Cannot read IP mode file for STMicroelectronics.FP-SNS-MOTENV1.5.0.0
2025-04-29 15:19:57,401 [WARN] PackLoader:240 - Cannot read IP mode file for WES.I-CUBE-Cesium.1.3.0
2025-04-29 15:19:57,411 [WARN] PackLoader:240 - Cannot read IP mode file for STMicroelectronics.X-CUBE-BLE2.3.3.0
2025-04-29 15:19:57,419 [WARN] PackLoader:240 - Cannot read IP mode file for STMicroelectronics.X-CUBE-NFC9.1.0.0
2025-04-29 15:19:57,434 [WARN] PackLoader:240 - Cannot read IP mode file for STMicroelectronics.X-CUBE-BLE1.7.1.0
2025-04-29 15:19:57,449 [INFO] WebApp:191 - Connection restablished
2025-04-29 15:19:57,450 [WARN] PackLoader:240 - Cannot read IP mode file for wolfSSL.I-CUBE-wolfMQTT.1.19.2
2025-04-29 15:19:57,558 [WARN] PackLoader:240 - Cannot read IP mode file for STMicroelectronics.X-CUBE-MEMS1.11.2.0
2025-04-29 15:19:57,768 [INFO] WebApp:225 - Starting web application
2025-04-29 15:19:57,768 [INFO] WebApp:593 - Web application path used E:\stm\STM32CubeIDE_1.18.1\STM32CubeIDE\plugins\com.st.stm32cube.common.mx_6.14.1.202504091515\db\plugins\mcufinder\reactClient1\index.html
2025-04-29 15:19:57,887 [WARN] PackLoader:240 - Cannot read IP mode file for STMicroelectronics.X-CUBE-AZRTOS-G0.1.1.0
2025-04-29 15:19:57,925 [WARN] PackLoader:240 - Cannot read IP mode file for STMicroelectronics.X-CUBE-SAFEA1.1.2.2
2025-04-29 15:19:57,939 [WARN] PackLoader:240 - Cannot read IP mode file for STMicroelectronics.X-CUBE-NFC4.3.0.0
2025-04-29 15:19:57,977 [WARN] PackLoader:240 - Cannot read IP mode file for EmbeddedOffice.I-CUBE-FS-RTOS.1.0.1
2025-04-29 15:19:57,996 [WARN] PackLoader:240 - Cannot read IP mode file for STMicroelectronics.X-CUBE-WB05N.2.0.0
2025-04-29 15:19:58,001 [WARN] PackLoader:240 - Cannot read IP mode file for wolfSSL.I-CUBE-wolfTPM.3.8.0
2025-04-29 15:19:58,012 [WARN] PackLoader:240 - Cannot read IP mode file for STMicroelectronics.X-CUBE-TCPP.4.2.0
2025-04-29 15:19:58,023 [WARN] PackLoader:240 - Cannot read IP mode file for RealThread.X-CUBE-RT-Thread_Nano.4.1.1
2025-04-29 15:19:58,039 [WARN] PackLoader:240 - Cannot read IP mode file for STMicroelectronics.FP-ATR-SIGFOX1.3.2.0
2025-04-29 15:19:58,049 [WARN] PackLoader:240 - Cannot read IP mode file for STMicroelectronics.X-CUBE-EEPRMA1.5.1.0
2025-04-29 15:19:58,057 [WARN] PackLoader:240 - Cannot read IP mode file for wolfSSL.I-CUBE-wolfSSL.5.7.6
2025-04-29 15:19:58,065 [WARN] PackLoader:240 - Cannot read IP mode file for ITTIA_DB.I-CUBE-ITTIADB.8.9.0
2025-04-29 15:19:58,114 [WARN] PackLoader:240 - Cannot read IP mode file for SEGGER.I-CUBE-embOS.1.3.1
2025-04-29 15:19:58,214 [WARN] PackLoader:240 - Cannot read IP mode file for STMicroelectronics.X-CUBE-ALGOBUILD.1.4.0
2025-04-29 15:19:58,253 [WARN] PackLoader:240 - Cannot read IP mode file for STMicroelectronics.X-CUBE-AZRTOS-F4.1.1.0
2025-04-29 15:19:58,267 [WARN] PackLoader:240 - Cannot read IP mode file for Avnet-IotConnect.X-CUBE-IoTC-DA16k-PMOD.1.0.0
2025-04-29 15:19:58,277 [WARN] PackLoader:240 - Cannot read IP mode file for STMicroelectronics.X-CUBE-ISPU.2.1.0
2025-04-29 15:19:58,314 [WARN] PackLoader:240 - Cannot read IP mode file for STMicroelectronics.X-CUBE-AZRTOS-L5.2.0.0
2025-04-29 15:19:58,342 [WARN] PackLoader:240 - Cannot read IP mode file for STMicroelectronics.X-CUBE-NFC6.3.1.0
2025-04-29 15:19:58,364 [INFO] UserAuth:484 - Internet connection configuration mode: 1
2025-04-29 15:19:58,366 [WARN] PackLoader:240 - Cannot read IP mode file for STMicroelectronics.X-CUBE-FREERTOS.1.3.0
2025-04-29 15:19:58,372 [WARN] PackLoader:240 - Cannot read IP mode file for STMicroelectronics.X-CUBE-NFC7.1.0.1
2025-04-29 15:19:58,380 [WARN] PackLoader:240 - Cannot read IP mode file for STMicroelectronics.X-CUBE-DPower.1.3.0
2025-04-29 15:19:58,407 [WARN] ConditionMgr:438 - getConditionDescription Invalid condition id : LAN8742 Phy interface Condition cause : null
2025-04-29 15:19:58,408 [WARN] PackLoader:240 - Cannot read IP mode file for STMicroelectronics.X-CUBE-AZRTOS-L4.2.0.0
2025-04-29 15:19:58,409 [WARN] ConditionMgr:1044 - genDependencies : Invalid condition id : LAN8742 Phy interface Condition cause : null
2025-04-29 15:19:58,411 [WARN] ConditionMgr:1044 - genDependencies : Invalid condition id : LAN8742 Phy interface Condition cause : null
2025-04-29 15:19:58,412 [WARN] ConditionMgr:1044 - genDependencies : Invalid condition id : LAN8742 Phy interface Condition cause : null
2025-04-29 15:19:58,429 [WARN] PackLoader:240 - Cannot read IP mode file for STMicroelectronics.X-CUBE-SFXS2LP1.4.0.0
2025-04-29 15:19:58,455 [WARN] PackLoader:240 - Cannot read IP mode file for STMicroelectronics.X-CUBE-AZRTOS-H7.3.3.0
2025-04-29 15:19:58,470 [WARN] ConditionMgr:438 - getConditionDescription Invalid condition id : UX DEVICE CLASS RTOS Condition cause : null
2025-04-29 15:19:58,470 [WARN] ConditionMgr:438 - getConditionDescription Invalid condition id : UX DEVICE CLASS RTOS Condition cause : null
2025-04-29 15:19:58,471 [WARN] PackLoader:240 - Cannot read IP mode file for STMicroelectronics.X-CUBE-AZRTOS-WB.2.0.0
2025-04-29 15:19:58,473 [WARN] ConditionMgr:1044 - genDependencies : Invalid condition id : UX DEVICE CLASS RTOS Condition cause : null
2025-04-29 15:19:58,474 [WARN] ConditionMgr:1044 - genDependencies : Invalid condition id : UX DEVICE CLASS RTOS Condition cause : null
2025-04-29 15:19:58,474 [WARN] ConditionMgr:1044 - genDependencies : Invalid condition id : UX DEVICE CLASS RTOS Condition cause : null
2025-04-29 15:19:58,474 [WARN] ConditionMgr:1044 - genDependencies : Invalid condition id : UX DEVICE CLASS RTOS Condition cause : null
2025-04-29 15:19:58,474 [WARN] ConditionMgr:1044 - genDependencies : Invalid condition id : UX DEVICE CLASS RTOS Condition cause : null
2025-04-29 15:19:58,530 [WARN] PackLoader:240 - Cannot read IP mode file for STMicroelectronics.X-CUBE-GNSS1.7.0.1
2025-04-29 15:19:58,541 [WARN] PackLoader:240 - Cannot read IP mode file for STMicroelectronics.X-CUBE-TOUCHGFX.4.25.0
2025-04-29 15:19:58,568 [WARN] PackLoader:240 - Cannot read IP mode file for STMicroelectronics.FP-SNS-STBOX1.2.0.0
2025-04-29 15:19:58,582 [WARN] PackLoader:240 - Cannot read IP mode file for STMicroelectronics.X-CUBE-SUBG2.5.0.0
2025-04-29 15:19:58,608 [WARN] PackLoader:240 - Cannot read IP mode file for STMicroelectronics.X-CUBE-AZRTOS-H7RS.1.1.0
2025-04-29 15:19:58,619 [WARN] PackLoader:240 - Cannot read IP mode file for Cesanta.I-CUBE-Mongoose.7.13.0
2025-04-29 15:19:58,669 [WARN] PackLoader:240 - Cannot read IP mode file for STMicroelectronics.X-CUBE-AZRTOS-G4.2.0.0
2025-04-29 15:19:58,687 [WARN] PackLoader:240 - Cannot read IP mode file for wolfSSL.I-CUBE-wolfSSH.1.4.20
2025-04-29 15:19:58,714 [WARN] PackLoader:240 - Cannot read IP mode file for STMicroelectronics.X-CUBE-IPS.3.1.0
2025-04-29 15:19:58,741 [WARN] PackLoader:240 - Cannot read IP mode file for STMicroelectronics.X-CUBE-ALS.1.0.2
2025-04-29 15:19:58,756 [WARN] PackLoader:240 - Cannot read IP mode file for portGmbH.I-Cube-SoM-uGOAL.1.1.0
2025-04-29 15:19:58,783 [WARN] PackLoader:240 - Cannot read IP mode file for STMicroelectronics.X-CUBE-TOF1.3.4.3
2025-04-29 15:19:58,793 [INFO] ThirdParty:978 - Integrity check success = true
2025-04-29 15:19:58,793 [INFO] IntegrityCheckThread:100 - exiting critical section [integrity check]
2025-04-29 15:19:58,793 [INFO] IntegrityCheckThread:103 - End integrity checks thread
2025-04-29 20:38:09,110 [ERROR] LogOutputStream:75 - [STDERR_REDIRECT] 
